<?xml version="1.0" encoding="utf-8" ?>
<!DOCTYPE html PUBLIC "-//W3C//DTD XHTML 1.0 Strict//EN"
        "http://www.w3.org/TR/xhtml1/DTD/xhtml1-strict.dtd">
<html xmlns="http://www.w3.org/1999/xhtml" xml:lang="" lang="">
<head>
  <title>Test Results Report - VerifyProfileWebservice-EditInvoiceAddressDuringCheckout</title>
  <meta http-equiv="Content-Type" content="text/html;charset=utf-8" />
  <meta name="description" content="TestNG unit test results." />
  <link href="reportng.css" rel="stylesheet" type="text/css" />
    <script type="text/javascript" src="reportng.js"></script>
</head>
<body>
<h1>VerifyProfileWebservice-EditInvoiceAddressDuringCheckout</h1>
<p>
  Test duration: 61.362s
</p>



  <table class="resultsTable">
    <tr><th colspan="3" class="header failed">Failed Tests</th></tr>
          <tr>
        <td colspan="3" class="group">com.eperium.main.jumpstart.JumpStartTestSuite</td>
      </tr>
            
<tr>
  <td class="method">
                  <span class="description" title="Click add to cart button and varify that product is added correctly">addToBasket</span>
      </td>
  <td class="duration">
    0.007s
  </td>
  <td class="result">
        
    
        

        <a href="javascript:toggleElement('exception-0', 'block')" title="Click to expand/collapse"><b>java.lang.NoSuchMethodError: org.openqa.selenium.support.ui.WebDriverWait.until(Ljava/util/function/Function;)Ljava/lang/Object;</b></a><br />
    <div class="stackTrace" id="exception-0">
              com.eperium.main.jumpstart.JumpStartTestSuite.addToBasket(JumpStartTestSuite.java:574)<br />
              sun.reflect.NativeMethodAccessorImpl.invoke0(Native Method)<br />
              sun.reflect.NativeMethodAccessorImpl.invoke(Unknown Source)<br />
              sun.reflect.DelegatingMethodAccessorImpl.invoke(Unknown Source)<br />
              java.lang.reflect.Method.invoke(Unknown Source)<br />
              org.testng.internal.MethodInvocationHelper.invokeMethod(MethodInvocationHelper.java:85)<br />
              org.testng.internal.Invoker.invokeMethod(Invoker.java:639)<br />
              org.testng.internal.Invoker.invokeTestMethod(Invoker.java:816)<br />
              org.testng.internal.Invoker.invokeTestMethods(Invoker.java:1124)<br />
              org.testng.internal.TestMethodWorker.invokeTestMethods(TestMethodWorker.java:125)<br />
              org.testng.internal.TestMethodWorker.run(TestMethodWorker.java:108)<br />
              org.testng.TestRunner.privateRun(TestRunner.java:774)<br />
              org.testng.TestRunner.run(TestRunner.java:624)<br />
              org.testng.SuiteRunner.runTest(SuiteRunner.java:359)<br />
              org.testng.SuiteRunner.runSequentially(SuiteRunner.java:354)<br />
              org.testng.SuiteRunner.privateRun(SuiteRunner.java:312)<br />
              org.testng.SuiteRunner.run(SuiteRunner.java:261)<br />
              org.testng.SuiteRunnerWorker.runSuite(SuiteRunnerWorker.java:52)<br />
              org.testng.SuiteRunnerWorker.run(SuiteRunnerWorker.java:86)<br />
              org.testng.TestNG.runSuitesSequentially(TestNG.java:1215)<br />
              org.testng.TestNG.runSuitesLocally(TestNG.java:1140)<br />
              org.testng.TestNG.run(TestNG.java:1048)<br />
              org.testng.TestNG.privateMain(TestNG.java:1355)<br />
              org.testng.TestNG.main(TestNG.java:1324)<br />
                </div>
      </td>
</tr>
<tr>
  <td class="method">
                  <span class="description" title="Click create account button">clickCreateAccount</span>
      </td>
  <td class="duration">
    1.405s
  </td>
  <td class="result">
        
    
        

        <a href="javascript:toggleElement('exception-1', 'block')" title="Click to expand/collapse"><b>org.openqa.selenium.NoSuchElementException: {&quot;errorMessage&quot;:&quot;Unable to find element with xpath &apos;//button[@name=&apos;CreateAccount&apos;]&apos;&quot;,&quot;request&quot;:{&quot;headers&quot;:{&quot;Accept-Encoding&quot;:&quot;gzip,deflate&quot;,&quot;Connection&quot;:&quot;Keep-Alive&quot;,&quot;Content-Length&quot;:&quot;59&quot;,&quot;Content-Type&quot;:&quot;application/json; charset=utf-8&quot;,&quot;Host&quot;:&quot;localhost:10244&quot;,&quot;User-Agent&quot;:&quot;Apache-HttpClient/4.5.1 (Java/1.8.0_121)&quot;},&quot;httpVersion&quot;:&quot;1.1&quot;,&quot;method&quot;:&quot;POST&quot;,&quot;post&quot;:&quot;{\&quot;using\&quot;:\&quot;xpath\&quot;,\&quot;value\&quot;:\&quot;//button[@name=&apos;CreateAccount&apos;]\&quot;}&quot;,&quot;url&quot;:&quot;/element&quot;,&quot;urlParsed&quot;:{&quot;anchor&quot;:&quot;&quot;,&quot;query&quot;:&quot;&quot;,&quot;file&quot;:&quot;element&quot;,&quot;directory&quot;:&quot;/&quot;,&quot;path&quot;:&quot;/element&quot;,&quot;relative&quot;:&quot;/element&quot;,&quot;port&quot;:&quot;&quot;,&quot;host&quot;:&quot;&quot;,&quot;password&quot;:&quot;&quot;,&quot;user&quot;:&quot;&quot;,&quot;userInfo&quot;:&quot;&quot;,&quot;authority&quot;:&quot;&quot;,&quot;protocol&quot;:&quot;&quot;,&quot;source&quot;:&quot;/element&quot;,&quot;queryKey&quot;:{},&quot;chunks&quot;:[&quot;element&quot;]},&quot;urlOriginal&quot;:&quot;/session/bd9fd850-2b10-11e7-b2eb-55f28e006e4f/element&quot;}}<br/>
Command duration or timeout: 1.40 seconds<br/>
For documentation on this error, please visit: http://seleniumhq.org/exceptions/no_such_element.html<br/>
Build info: version: &apos;2.53.1&apos;, revision: &apos;a36b8b1&apos;, time: &apos;2016-06-30 17:37:03&apos;<br/>
System info: host: &apos;Ebsi-LAT5540-32&apos;, ip: &apos;10.15.200.54&apos;, os.name: &apos;Windows 7&apos;, os.arch: &apos;amd64&apos;, os.version: &apos;6.1&apos;, java.version: &apos;1.8.0_121&apos;<br/>
Driver info: org.openqa.selenium.phantomjs.PhantomJSDriver<br/>
Capabilities [{applicationCacheEnabled=false, rotatable=false, handlesAlerts=false, databaseEnabled=false, version=2.1.1, platform=XP, browserConnectionEnabled=false, proxy={proxyType=direct}, nativeEvents=true, acceptSslCerts=false, driverVersion=1.2.0, locationContextEnabled=false, webStorageEnabled=false, browserName=phantomjs, takesScreenshot=true, driverName=ghostdriver, javascriptEnabled=true, cssSelectorsEnabled=true}]<br/>
Session ID: bd9fd850-2b10-11e7-b2eb-55f28e006e4f<br/>
*** Element info: {Using=xpath, value=//button[@name=&apos;CreateAccount&apos;]}</b></a><br />
    <div class="stackTrace" id="exception-1">
              sun.reflect.GeneratedConstructorAccessor23.newInstance(Unknown Source)<br />
              sun.reflect.DelegatingConstructorAccessorImpl.newInstance(Unknown Source)<br />
              java.lang.reflect.Constructor.newInstance(Unknown Source)<br />
              org.openqa.selenium.remote.ErrorHandler.createThrowable(ErrorHandler.java:206)<br />
              org.openqa.selenium.remote.ErrorHandler.throwIfResponseFailed(ErrorHandler.java:158)<br />
              org.openqa.selenium.remote.RemoteWebDriver.execute(RemoteWebDriver.java:678)<br />
              org.openqa.selenium.remote.RemoteWebDriver.findElement(RemoteWebDriver.java:363)<br />
              org.openqa.selenium.remote.RemoteWebDriver.findElementByXPath(RemoteWebDriver.java:500)<br />
              org.openqa.selenium.By$ByXPath.findElement(By.java:361)<br />
              org.openqa.selenium.remote.RemoteWebDriver.findElement(RemoteWebDriver.java:355)<br />
              com.eperium.main.jumpstart.JumpStartTestSuite.clickCreateAccount(JumpStartTestSuite.java:497)<br />
              sun.reflect.NativeMethodAccessorImpl.invoke0(Native Method)<br />
              sun.reflect.NativeMethodAccessorImpl.invoke(Unknown Source)<br />
              sun.reflect.DelegatingMethodAccessorImpl.invoke(Unknown Source)<br />
              java.lang.reflect.Method.invoke(Unknown Source)<br />
              org.testng.internal.MethodInvocationHelper.invokeMethod(MethodInvocationHelper.java:85)<br />
              org.testng.internal.Invoker.invokeMethod(Invoker.java:639)<br />
              org.testng.internal.Invoker.invokeTestMethod(Invoker.java:816)<br />
              org.testng.internal.Invoker.invokeTestMethods(Invoker.java:1124)<br />
              org.testng.internal.TestMethodWorker.invokeTestMethods(TestMethodWorker.java:125)<br />
              org.testng.internal.TestMethodWorker.run(TestMethodWorker.java:108)<br />
              org.testng.TestRunner.privateRun(TestRunner.java:774)<br />
              org.testng.TestRunner.run(TestRunner.java:624)<br />
              org.testng.SuiteRunner.runTest(SuiteRunner.java:359)<br />
              org.testng.SuiteRunner.runSequentially(SuiteRunner.java:354)<br />
              org.testng.SuiteRunner.privateRun(SuiteRunner.java:312)<br />
              org.testng.SuiteRunner.run(SuiteRunner.java:261)<br />
              org.testng.SuiteRunnerWorker.runSuite(SuiteRunnerWorker.java:52)<br />
              org.testng.SuiteRunnerWorker.run(SuiteRunnerWorker.java:86)<br />
              org.testng.TestNG.runSuitesSequentially(TestNG.java:1215)<br />
              org.testng.TestNG.runSuitesLocally(TestNG.java:1140)<br />
              org.testng.TestNG.run(TestNG.java:1048)<br />
              org.testng.TestNG.privateMain(TestNG.java:1355)<br />
              org.testng.TestNG.main(TestNG.java:1324)<br />
                    <b>Caused by: </b> <a href="javascript:toggleElement('exception-2', 'block')" title="Click to expand/collapse">org.openqa.selenium.remote.ScreenshotException: Screen shot has been taken<br/>
Build info: version: &apos;2.53.1&apos;, revision: &apos;a36b8b1&apos;, time: &apos;2016-06-30 17:37:03&apos;<br/>
System info: host: &apos;Ebsi-LAT5540-32&apos;, ip: &apos;10.15.200.54&apos;, os.name: &apos;Windows 7&apos;, os.arch: &apos;amd64&apos;, os.version: &apos;6.1&apos;, java.version: &apos;1.8.0_121&apos;<br/>
Driver info: driver.version: RemoteWebDriver</a><br />
        <div class="stackTrace" id="exception-2">
                      org.openqa.selenium.remote.ErrorHandler.throwIfResponseFailed(ErrorHandler.java:138)<br />
                      org.openqa.selenium.remote.RemoteWebDriver.execute(RemoteWebDriver.java:678)<br />
                      org.openqa.selenium.remote.RemoteWebDriver.findElement(RemoteWebDriver.java:363)<br />
                      org.openqa.selenium.remote.RemoteWebDriver.findElementByXPath(RemoteWebDriver.java:500)<br />
                      org.openqa.selenium.By$ByXPath.findElement(By.java:361)<br />
                      org.openqa.selenium.remote.RemoteWebDriver.findElement(RemoteWebDriver.java:355)<br />
                      com.eperium.main.jumpstart.JumpStartTestSuite.clickCreateAccount(JumpStartTestSuite.java:497)<br />
                      sun.reflect.NativeMethodAccessorImpl.invoke0(Native Method)<br />
                      sun.reflect.NativeMethodAccessorImpl.invoke(Unknown Source)<br />
                      sun.reflect.DelegatingMethodAccessorImpl.invoke(Unknown Source)<br />
                      java.lang.reflect.Method.invoke(Unknown Source)<br />
                      org.testng.internal.MethodInvocationHelper.invokeMethod(MethodInvocationHelper.java:85)<br />
                      org.testng.internal.Invoker.invokeMethod(Invoker.java:639)<br />
                      org.testng.internal.Invoker.invokeTestMethod(Invoker.java:816)<br />
                      org.testng.internal.Invoker.invokeTestMethods(Invoker.java:1124)<br />
                      org.testng.internal.TestMethodWorker.invokeTestMethods(TestMethodWorker.java:125)<br />
                      org.testng.internal.TestMethodWorker.run(TestMethodWorker.java:108)<br />
                      org.testng.TestRunner.privateRun(TestRunner.java:774)<br />
                      org.testng.TestRunner.run(TestRunner.java:624)<br />
                      org.testng.SuiteRunner.runTest(SuiteRunner.java:359)<br />
                      org.testng.SuiteRunner.runSequentially(SuiteRunner.java:354)<br />
                      org.testng.SuiteRunner.privateRun(SuiteRunner.java:312)<br />
                      org.testng.SuiteRunner.run(SuiteRunner.java:261)<br />
                      org.testng.SuiteRunnerWorker.runSuite(SuiteRunnerWorker.java:52)<br />
                      org.testng.SuiteRunnerWorker.run(SuiteRunnerWorker.java:86)<br />
                      org.testng.TestNG.runSuitesSequentially(TestNG.java:1215)<br />
                      org.testng.TestNG.runSuitesLocally(TestNG.java:1140)<br />
                      org.testng.TestNG.run(TestNG.java:1048)<br />
                      org.testng.TestNG.privateMain(TestNG.java:1355)<br />
                      org.testng.TestNG.main(TestNG.java:1324)<br />
                  </div>
              <b>Caused by: </b> <a href="javascript:toggleElement('exception-3', 'block')" title="Click to expand/collapse">org.openqa.selenium.NoSuchElementException: {&quot;errorMessage&quot;:&quot;Unable to find element with xpath &apos;//button[@name=&apos;CreateAccount&apos;]&apos;&quot;,&quot;request&quot;:{&quot;headers&quot;:{&quot;Accept-Encoding&quot;:&quot;gzip,deflate&quot;,&quot;Connection&quot;:&quot;Keep-Alive&quot;,&quot;Content-Length&quot;:&quot;59&quot;,&quot;Content-Type&quot;:&quot;application/json; charset=utf-8&quot;,&quot;Host&quot;:&quot;localhost:10244&quot;,&quot;User-Agent&quot;:&quot;Apache-HttpClient/4.5.1 (Java/1.8.0_121)&quot;},&quot;httpVersion&quot;:&quot;1.1&quot;,&quot;method&quot;:&quot;POST&quot;,&quot;post&quot;:&quot;{\&quot;using\&quot;:\&quot;xpath\&quot;,\&quot;value\&quot;:\&quot;//button[@name=&apos;CreateAccount&apos;]\&quot;}&quot;,&quot;url&quot;:&quot;/element&quot;,&quot;urlParsed&quot;:{&quot;anchor&quot;:&quot;&quot;,&quot;query&quot;:&quot;&quot;,&quot;file&quot;:&quot;element&quot;,&quot;directory&quot;:&quot;/&quot;,&quot;path&quot;:&quot;/element&quot;,&quot;relative&quot;:&quot;/element&quot;,&quot;port&quot;:&quot;&quot;,&quot;host&quot;:&quot;&quot;,&quot;password&quot;:&quot;&quot;,&quot;user&quot;:&quot;&quot;,&quot;userInfo&quot;:&quot;&quot;,&quot;authority&quot;:&quot;&quot;,&quot;protocol&quot;:&quot;&quot;,&quot;source&quot;:&quot;/element&quot;,&quot;queryKey&quot;:{},&quot;chunks&quot;:[&quot;element&quot;]},&quot;urlOriginal&quot;:&quot;/session/bd9fd850-2b10-11e7-b2eb-55f28e006e4f/element&quot;}}<br/>
For documentation on this error, please visit: http://seleniumhq.org/exceptions/no_such_element.html<br/>
Build info: version: &apos;2.53.1&apos;, revision: &apos;a36b8b1&apos;, time: &apos;2016-06-30 17:37:03&apos;<br/>
System info: host: &apos;Ebsi-LAT5540-32&apos;, ip: &apos;10.15.200.54&apos;, os.name: &apos;Windows 7&apos;, os.arch: &apos;amd64&apos;, os.version: &apos;6.1&apos;, java.version: &apos;1.8.0_121&apos;<br/>
Driver info: driver.version: unknown</a><br />
        <div class="stackTrace" id="exception-3">
                  </div>
          </div>
      </td>
</tr>
<tr>
  <td class="method">
                  <span class="description" title="Click edit invoice link on checkout">clickEditInvoiceLink</span>
      </td>
  <td class="duration">
    2.950s
  </td>
  <td class="result">
        
    
        

        <a href="javascript:toggleElement('exception-4', 'block')" title="Click to expand/collapse"><b>org.openqa.selenium.NoSuchElementException: {&quot;errorMessage&quot;:&quot;Unable to find element with xpath &apos;(//a[contains(@href,&apos;EditBillingAddress=true&apos;)])[1]&apos;&quot;,&quot;request&quot;:{&quot;headers&quot;:{&quot;Accept-Encoding&quot;:&quot;gzip,deflate&quot;,&quot;Connection&quot;:&quot;Keep-Alive&quot;,&quot;Content-Length&quot;:&quot;79&quot;,&quot;Content-Type&quot;:&quot;application/json; charset=utf-8&quot;,&quot;Host&quot;:&quot;localhost:10244&quot;,&quot;User-Agent&quot;:&quot;Apache-HttpClient/4.5.1 (Java/1.8.0_121)&quot;},&quot;httpVersion&quot;:&quot;1.1&quot;,&quot;method&quot;:&quot;POST&quot;,&quot;post&quot;:&quot;{\&quot;using\&quot;:\&quot;xpath\&quot;,\&quot;value\&quot;:\&quot;(//a[contains(@href,&apos;EditBillingAddress=true&apos;)])[1]\&quot;}&quot;,&quot;url&quot;:&quot;/element&quot;,&quot;urlParsed&quot;:{&quot;anchor&quot;:&quot;&quot;,&quot;query&quot;:&quot;&quot;,&quot;file&quot;:&quot;element&quot;,&quot;directory&quot;:&quot;/&quot;,&quot;path&quot;:&quot;/element&quot;,&quot;relative&quot;:&quot;/element&quot;,&quot;port&quot;:&quot;&quot;,&quot;host&quot;:&quot;&quot;,&quot;password&quot;:&quot;&quot;,&quot;user&quot;:&quot;&quot;,&quot;userInfo&quot;:&quot;&quot;,&quot;authority&quot;:&quot;&quot;,&quot;protocol&quot;:&quot;&quot;,&quot;source&quot;:&quot;/element&quot;,&quot;queryKey&quot;:{},&quot;chunks&quot;:[&quot;element&quot;]},&quot;urlOriginal&quot;:&quot;/session/bd9fd850-2b10-11e7-b2eb-55f28e006e4f/element&quot;}}<br/>
Command duration or timeout: 2.94 seconds<br/>
For documentation on this error, please visit: http://seleniumhq.org/exceptions/no_such_element.html<br/>
Build info: version: &apos;2.53.1&apos;, revision: &apos;a36b8b1&apos;, time: &apos;2016-06-30 17:37:03&apos;<br/>
System info: host: &apos;Ebsi-LAT5540-32&apos;, ip: &apos;10.15.200.54&apos;, os.name: &apos;Windows 7&apos;, os.arch: &apos;amd64&apos;, os.version: &apos;6.1&apos;, java.version: &apos;1.8.0_121&apos;<br/>
Driver info: org.openqa.selenium.phantomjs.PhantomJSDriver<br/>
Capabilities [{applicationCacheEnabled=false, rotatable=false, handlesAlerts=false, databaseEnabled=false, version=2.1.1, platform=XP, browserConnectionEnabled=false, proxy={proxyType=direct}, nativeEvents=true, acceptSslCerts=false, driverVersion=1.2.0, locationContextEnabled=false, webStorageEnabled=false, browserName=phantomjs, takesScreenshot=true, driverName=ghostdriver, javascriptEnabled=true, cssSelectorsEnabled=true}]<br/>
Session ID: bd9fd850-2b10-11e7-b2eb-55f28e006e4f<br/>
*** Element info: {Using=xpath, value=(//a[contains(@href,&apos;EditBillingAddress=true&apos;)])[1]}</b></a><br />
    <div class="stackTrace" id="exception-4">
              sun.reflect.GeneratedConstructorAccessor23.newInstance(Unknown Source)<br />
              sun.reflect.DelegatingConstructorAccessorImpl.newInstance(Unknown Source)<br />
              java.lang.reflect.Constructor.newInstance(Unknown Source)<br />
              org.openqa.selenium.remote.ErrorHandler.createThrowable(ErrorHandler.java:206)<br />
              org.openqa.selenium.remote.ErrorHandler.throwIfResponseFailed(ErrorHandler.java:158)<br />
              org.openqa.selenium.remote.RemoteWebDriver.execute(RemoteWebDriver.java:678)<br />
              org.openqa.selenium.remote.RemoteWebDriver.findElement(RemoteWebDriver.java:363)<br />
              org.openqa.selenium.remote.RemoteWebDriver.findElementByXPath(RemoteWebDriver.java:500)<br />
              org.openqa.selenium.By$ByXPath.findElement(By.java:361)<br />
              org.openqa.selenium.remote.RemoteWebDriver.findElement(RemoteWebDriver.java:355)<br />
              com.eperium.main.jumpstart.JumpStartTestSuite.clickEditInvoiceLink(JumpStartTestSuite.java:1381)<br />
              sun.reflect.NativeMethodAccessorImpl.invoke0(Native Method)<br />
              sun.reflect.NativeMethodAccessorImpl.invoke(Unknown Source)<br />
              sun.reflect.DelegatingMethodAccessorImpl.invoke(Unknown Source)<br />
              java.lang.reflect.Method.invoke(Unknown Source)<br />
              org.testng.internal.MethodInvocationHelper.invokeMethod(MethodInvocationHelper.java:85)<br />
              org.testng.internal.Invoker.invokeMethod(Invoker.java:639)<br />
              org.testng.internal.Invoker.invokeTestMethod(Invoker.java:816)<br />
              org.testng.internal.Invoker.invokeTestMethods(Invoker.java:1124)<br />
              org.testng.internal.TestMethodWorker.invokeTestMethods(TestMethodWorker.java:125)<br />
              org.testng.internal.TestMethodWorker.run(TestMethodWorker.java:108)<br />
              org.testng.TestRunner.privateRun(TestRunner.java:774)<br />
              org.testng.TestRunner.run(TestRunner.java:624)<br />
              org.testng.SuiteRunner.runTest(SuiteRunner.java:359)<br />
              org.testng.SuiteRunner.runSequentially(SuiteRunner.java:354)<br />
              org.testng.SuiteRunner.privateRun(SuiteRunner.java:312)<br />
              org.testng.SuiteRunner.run(SuiteRunner.java:261)<br />
              org.testng.SuiteRunnerWorker.runSuite(SuiteRunnerWorker.java:52)<br />
              org.testng.SuiteRunnerWorker.run(SuiteRunnerWorker.java:86)<br />
              org.testng.TestNG.runSuitesSequentially(TestNG.java:1215)<br />
              org.testng.TestNG.runSuitesLocally(TestNG.java:1140)<br />
              org.testng.TestNG.run(TestNG.java:1048)<br />
              org.testng.TestNG.privateMain(TestNG.java:1355)<br />
              org.testng.TestNG.main(TestNG.java:1324)<br />
                    <b>Caused by: </b> <a href="javascript:toggleElement('exception-5', 'block')" title="Click to expand/collapse">org.openqa.selenium.remote.ScreenshotException: Screen shot has been taken<br/>
Build info: version: &apos;2.53.1&apos;, revision: &apos;a36b8b1&apos;, time: &apos;2016-06-30 17:37:03&apos;<br/>
System info: host: &apos;Ebsi-LAT5540-32&apos;, ip: &apos;10.15.200.54&apos;, os.name: &apos;Windows 7&apos;, os.arch: &apos;amd64&apos;, os.version: &apos;6.1&apos;, java.version: &apos;1.8.0_121&apos;<br/>
Driver info: driver.version: RemoteWebDriver</a><br />
        <div class="stackTrace" id="exception-5">
                      org.openqa.selenium.remote.ErrorHandler.throwIfResponseFailed(ErrorHandler.java:138)<br />
                      org.openqa.selenium.remote.RemoteWebDriver.execute(RemoteWebDriver.java:678)<br />
                      org.openqa.selenium.remote.RemoteWebDriver.findElement(RemoteWebDriver.java:363)<br />
                      org.openqa.selenium.remote.RemoteWebDriver.findElementByXPath(RemoteWebDriver.java:500)<br />
                      org.openqa.selenium.By$ByXPath.findElement(By.java:361)<br />
                      org.openqa.selenium.remote.RemoteWebDriver.findElement(RemoteWebDriver.java:355)<br />
                      com.eperium.main.jumpstart.JumpStartTestSuite.clickEditInvoiceLink(JumpStartTestSuite.java:1381)<br />
                      sun.reflect.NativeMethodAccessorImpl.invoke0(Native Method)<br />
                      sun.reflect.NativeMethodAccessorImpl.invoke(Unknown Source)<br />
                      sun.reflect.DelegatingMethodAccessorImpl.invoke(Unknown Source)<br />
                      java.lang.reflect.Method.invoke(Unknown Source)<br />
                      org.testng.internal.MethodInvocationHelper.invokeMethod(MethodInvocationHelper.java:85)<br />
                      org.testng.internal.Invoker.invokeMethod(Invoker.java:639)<br />
                      org.testng.internal.Invoker.invokeTestMethod(Invoker.java:816)<br />
                      org.testng.internal.Invoker.invokeTestMethods(Invoker.java:1124)<br />
                      org.testng.internal.TestMethodWorker.invokeTestMethods(TestMethodWorker.java:125)<br />
                      org.testng.internal.TestMethodWorker.run(TestMethodWorker.java:108)<br />
                      org.testng.TestRunner.privateRun(TestRunner.java:774)<br />
                      org.testng.TestRunner.run(TestRunner.java:624)<br />
                      org.testng.SuiteRunner.runTest(SuiteRunner.java:359)<br />
                      org.testng.SuiteRunner.runSequentially(SuiteRunner.java:354)<br />
                      org.testng.SuiteRunner.privateRun(SuiteRunner.java:312)<br />
                      org.testng.SuiteRunner.run(SuiteRunner.java:261)<br />
                      org.testng.SuiteRunnerWorker.runSuite(SuiteRunnerWorker.java:52)<br />
                      org.testng.SuiteRunnerWorker.run(SuiteRunnerWorker.java:86)<br />
                      org.testng.TestNG.runSuitesSequentially(TestNG.java:1215)<br />
                      org.testng.TestNG.runSuitesLocally(TestNG.java:1140)<br />
                      org.testng.TestNG.run(TestNG.java:1048)<br />
                      org.testng.TestNG.privateMain(TestNG.java:1355)<br />
                      org.testng.TestNG.main(TestNG.java:1324)<br />
                  </div>
              <b>Caused by: </b> <a href="javascript:toggleElement('exception-6', 'block')" title="Click to expand/collapse">org.openqa.selenium.NoSuchElementException: {&quot;errorMessage&quot;:&quot;Unable to find element with xpath &apos;(//a[contains(@href,&apos;EditBillingAddress=true&apos;)])[1]&apos;&quot;,&quot;request&quot;:{&quot;headers&quot;:{&quot;Accept-Encoding&quot;:&quot;gzip,deflate&quot;,&quot;Connection&quot;:&quot;Keep-Alive&quot;,&quot;Content-Length&quot;:&quot;79&quot;,&quot;Content-Type&quot;:&quot;application/json; charset=utf-8&quot;,&quot;Host&quot;:&quot;localhost:10244&quot;,&quot;User-Agent&quot;:&quot;Apache-HttpClient/4.5.1 (Java/1.8.0_121)&quot;},&quot;httpVersion&quot;:&quot;1.1&quot;,&quot;method&quot;:&quot;POST&quot;,&quot;post&quot;:&quot;{\&quot;using\&quot;:\&quot;xpath\&quot;,\&quot;value\&quot;:\&quot;(//a[contains(@href,&apos;EditBillingAddress=true&apos;)])[1]\&quot;}&quot;,&quot;url&quot;:&quot;/element&quot;,&quot;urlParsed&quot;:{&quot;anchor&quot;:&quot;&quot;,&quot;query&quot;:&quot;&quot;,&quot;file&quot;:&quot;element&quot;,&quot;directory&quot;:&quot;/&quot;,&quot;path&quot;:&quot;/element&quot;,&quot;relative&quot;:&quot;/element&quot;,&quot;port&quot;:&quot;&quot;,&quot;host&quot;:&quot;&quot;,&quot;password&quot;:&quot;&quot;,&quot;user&quot;:&quot;&quot;,&quot;userInfo&quot;:&quot;&quot;,&quot;authority&quot;:&quot;&quot;,&quot;protocol&quot;:&quot;&quot;,&quot;source&quot;:&quot;/element&quot;,&quot;queryKey&quot;:{},&quot;chunks&quot;:[&quot;element&quot;]},&quot;urlOriginal&quot;:&quot;/session/bd9fd850-2b10-11e7-b2eb-55f28e006e4f/element&quot;}}<br/>
For documentation on this error, please visit: http://seleniumhq.org/exceptions/no_such_element.html<br/>
Build info: version: &apos;2.53.1&apos;, revision: &apos;a36b8b1&apos;, time: &apos;2016-06-30 17:37:03&apos;<br/>
System info: host: &apos;Ebsi-LAT5540-32&apos;, ip: &apos;10.15.200.54&apos;, os.name: &apos;Windows 7&apos;, os.arch: &apos;amd64&apos;, os.version: &apos;6.1&apos;, java.version: &apos;1.8.0_121&apos;<br/>
Driver info: driver.version: unknown</a><br />
        <div class="stackTrace" id="exception-6">
                  </div>
          </div>
      </td>
</tr>
<tr>
  <td class="method">
                  <span class="description" title="Edit invoice address: Check form fields and validate form values are pre-filled">fillInAddressFormDuringCheckout</span>
      </td>
  <td class="duration">
    7.121s
  </td>
  <td class="result">
        
    
        

        <a href="javascript:toggleElement('exception-7', 'block')" title="Click to expand/collapse"><b>org.openqa.selenium.NoSuchElementException: {&quot;errorMessage&quot;:&quot;Unable to find element with xpath &apos;//tr[@style=&apos;display: table;&apos;]//input[contains(@id,&apos;address_PhoneHome&apos;)]&apos;&quot;,&quot;request&quot;:{&quot;headers&quot;:{&quot;Accept-Encoding&quot;:&quot;gzip,deflate&quot;,&quot;Connection&quot;:&quot;Keep-Alive&quot;,&quot;Content-Length&quot;:&quot;100&quot;,&quot;Content-Type&quot;:&quot;application/json; charset=utf-8&quot;,&quot;Host&quot;:&quot;localhost:10244&quot;,&quot;User-Agent&quot;:&quot;Apache-HttpClient/4.5.1 (Java/1.8.0_121)&quot;},&quot;httpVersion&quot;:&quot;1.1&quot;,&quot;method&quot;:&quot;POST&quot;,&quot;post&quot;:&quot;{\&quot;using\&quot;:\&quot;xpath\&quot;,\&quot;value\&quot;:\&quot;//tr[@style=&apos;display: table;&apos;]//input[contains(@id,&apos;address_PhoneHome&apos;)]\&quot;}&quot;,&quot;url&quot;:&quot;/element&quot;,&quot;urlParsed&quot;:{&quot;anchor&quot;:&quot;&quot;,&quot;query&quot;:&quot;&quot;,&quot;file&quot;:&quot;element&quot;,&quot;directory&quot;:&quot;/&quot;,&quot;path&quot;:&quot;/element&quot;,&quot;relative&quot;:&quot;/element&quot;,&quot;port&quot;:&quot;&quot;,&quot;host&quot;:&quot;&quot;,&quot;password&quot;:&quot;&quot;,&quot;user&quot;:&quot;&quot;,&quot;userInfo&quot;:&quot;&quot;,&quot;authority&quot;:&quot;&quot;,&quot;protocol&quot;:&quot;&quot;,&quot;source&quot;:&quot;/element&quot;,&quot;queryKey&quot;:{},&quot;chunks&quot;:[&quot;element&quot;]},&quot;urlOriginal&quot;:&quot;/session/bd9fd850-2b10-11e7-b2eb-55f28e006e4f/element&quot;}}<br/>
Command duration or timeout: 1.27 seconds<br/>
For documentation on this error, please visit: http://seleniumhq.org/exceptions/no_such_element.html<br/>
Build info: version: &apos;2.53.1&apos;, revision: &apos;a36b8b1&apos;, time: &apos;2016-06-30 17:37:03&apos;<br/>
System info: host: &apos;Ebsi-LAT5540-32&apos;, ip: &apos;10.15.200.54&apos;, os.name: &apos;Windows 7&apos;, os.arch: &apos;amd64&apos;, os.version: &apos;6.1&apos;, java.version: &apos;1.8.0_121&apos;<br/>
Driver info: org.openqa.selenium.phantomjs.PhantomJSDriver<br/>
Capabilities [{applicationCacheEnabled=false, rotatable=false, handlesAlerts=false, databaseEnabled=false, version=2.1.1, platform=XP, browserConnectionEnabled=false, proxy={proxyType=direct}, nativeEvents=true, acceptSslCerts=false, driverVersion=1.2.0, locationContextEnabled=false, webStorageEnabled=false, browserName=phantomjs, takesScreenshot=true, driverName=ghostdriver, javascriptEnabled=true, cssSelectorsEnabled=true}]<br/>
Session ID: bd9fd850-2b10-11e7-b2eb-55f28e006e4f<br/>
*** Element info: {Using=xpath, value=//tr[@style=&apos;display: table;&apos;]//input[contains(@id,&apos;address_PhoneHome&apos;)]}</b></a><br />
    <div class="stackTrace" id="exception-7">
              sun.reflect.GeneratedConstructorAccessor23.newInstance(Unknown Source)<br />
              sun.reflect.DelegatingConstructorAccessorImpl.newInstance(Unknown Source)<br />
              java.lang.reflect.Constructor.newInstance(Unknown Source)<br />
              org.openqa.selenium.remote.ErrorHandler.createThrowable(ErrorHandler.java:206)<br />
              org.openqa.selenium.remote.ErrorHandler.throwIfResponseFailed(ErrorHandler.java:158)<br />
              org.openqa.selenium.remote.RemoteWebDriver.execute(RemoteWebDriver.java:678)<br />
              org.openqa.selenium.remote.RemoteWebDriver.findElement(RemoteWebDriver.java:363)<br />
              org.openqa.selenium.remote.RemoteWebDriver.findElementByXPath(RemoteWebDriver.java:500)<br />
              org.openqa.selenium.By$ByXPath.findElement(By.java:361)<br />
              org.openqa.selenium.remote.RemoteWebDriver.findElement(RemoteWebDriver.java:355)<br />
              com.eperium.main.jumpstart.JumpStartTestSuite.fillInAddressFormDuringCheckout(JumpStartTestSuite.java:1436)<br />
              sun.reflect.NativeMethodAccessorImpl.invoke0(Native Method)<br />
              sun.reflect.NativeMethodAccessorImpl.invoke(Unknown Source)<br />
              sun.reflect.DelegatingMethodAccessorImpl.invoke(Unknown Source)<br />
              java.lang.reflect.Method.invoke(Unknown Source)<br />
              org.testng.internal.MethodInvocationHelper.invokeMethod(MethodInvocationHelper.java:85)<br />
              org.testng.internal.Invoker.invokeMethod(Invoker.java:639)<br />
              org.testng.internal.Invoker.invokeTestMethod(Invoker.java:816)<br />
              org.testng.internal.Invoker.invokeTestMethods(Invoker.java:1124)<br />
              org.testng.internal.TestMethodWorker.invokeTestMethods(TestMethodWorker.java:125)<br />
              org.testng.internal.TestMethodWorker.run(TestMethodWorker.java:108)<br />
              org.testng.TestRunner.privateRun(TestRunner.java:774)<br />
              org.testng.TestRunner.run(TestRunner.java:624)<br />
              org.testng.SuiteRunner.runTest(SuiteRunner.java:359)<br />
              org.testng.SuiteRunner.runSequentially(SuiteRunner.java:354)<br />
              org.testng.SuiteRunner.privateRun(SuiteRunner.java:312)<br />
              org.testng.SuiteRunner.run(SuiteRunner.java:261)<br />
              org.testng.SuiteRunnerWorker.runSuite(SuiteRunnerWorker.java:52)<br />
              org.testng.SuiteRunnerWorker.run(SuiteRunnerWorker.java:86)<br />
              org.testng.TestNG.runSuitesSequentially(TestNG.java:1215)<br />
              org.testng.TestNG.runSuitesLocally(TestNG.java:1140)<br />
              org.testng.TestNG.run(TestNG.java:1048)<br />
              org.testng.TestNG.privateMain(TestNG.java:1355)<br />
              org.testng.TestNG.main(TestNG.java:1324)<br />
                    <b>Caused by: </b> <a href="javascript:toggleElement('exception-8', 'block')" title="Click to expand/collapse">org.openqa.selenium.remote.ScreenshotException: Screen shot has been taken<br/>
Build info: version: &apos;2.53.1&apos;, revision: &apos;a36b8b1&apos;, time: &apos;2016-06-30 17:37:03&apos;<br/>
System info: host: &apos;Ebsi-LAT5540-32&apos;, ip: &apos;10.15.200.54&apos;, os.name: &apos;Windows 7&apos;, os.arch: &apos;amd64&apos;, os.version: &apos;6.1&apos;, java.version: &apos;1.8.0_121&apos;<br/>
Driver info: driver.version: RemoteWebDriver</a><br />
        <div class="stackTrace" id="exception-8">
                      org.openqa.selenium.remote.ErrorHandler.throwIfResponseFailed(ErrorHandler.java:138)<br />
                      org.openqa.selenium.remote.RemoteWebDriver.execute(RemoteWebDriver.java:678)<br />
                      org.openqa.selenium.remote.RemoteWebDriver.findElement(RemoteWebDriver.java:363)<br />
                      org.openqa.selenium.remote.RemoteWebDriver.findElementByXPath(RemoteWebDriver.java:500)<br />
                      org.openqa.selenium.By$ByXPath.findElement(By.java:361)<br />
                      org.openqa.selenium.remote.RemoteWebDriver.findElement(RemoteWebDriver.java:355)<br />
                      com.eperium.main.jumpstart.JumpStartTestSuite.fillInAddressFormDuringCheckout(JumpStartTestSuite.java:1436)<br />
                      sun.reflect.NativeMethodAccessorImpl.invoke0(Native Method)<br />
                      sun.reflect.NativeMethodAccessorImpl.invoke(Unknown Source)<br />
                      sun.reflect.DelegatingMethodAccessorImpl.invoke(Unknown Source)<br />
                      java.lang.reflect.Method.invoke(Unknown Source)<br />
                      org.testng.internal.MethodInvocationHelper.invokeMethod(MethodInvocationHelper.java:85)<br />
                      org.testng.internal.Invoker.invokeMethod(Invoker.java:639)<br />
                      org.testng.internal.Invoker.invokeTestMethod(Invoker.java:816)<br />
                      org.testng.internal.Invoker.invokeTestMethods(Invoker.java:1124)<br />
                      org.testng.internal.TestMethodWorker.invokeTestMethods(TestMethodWorker.java:125)<br />
                      org.testng.internal.TestMethodWorker.run(TestMethodWorker.java:108)<br />
                      org.testng.TestRunner.privateRun(TestRunner.java:774)<br />
                      org.testng.TestRunner.run(TestRunner.java:624)<br />
                      org.testng.SuiteRunner.runTest(SuiteRunner.java:359)<br />
                      org.testng.SuiteRunner.runSequentially(SuiteRunner.java:354)<br />
                      org.testng.SuiteRunner.privateRun(SuiteRunner.java:312)<br />
                      org.testng.SuiteRunner.run(SuiteRunner.java:261)<br />
                      org.testng.SuiteRunnerWorker.runSuite(SuiteRunnerWorker.java:52)<br />
                      org.testng.SuiteRunnerWorker.run(SuiteRunnerWorker.java:86)<br />
                      org.testng.TestNG.runSuitesSequentially(TestNG.java:1215)<br />
                      org.testng.TestNG.runSuitesLocally(TestNG.java:1140)<br />
                      org.testng.TestNG.run(TestNG.java:1048)<br />
                      org.testng.TestNG.privateMain(TestNG.java:1355)<br />
                      org.testng.TestNG.main(TestNG.java:1324)<br />
                  </div>
              <b>Caused by: </b> <a href="javascript:toggleElement('exception-9', 'block')" title="Click to expand/collapse">org.openqa.selenium.NoSuchElementException: {&quot;errorMessage&quot;:&quot;Unable to find element with xpath &apos;//tr[@style=&apos;display: table;&apos;]//input[contains(@id,&apos;address_PhoneHome&apos;)]&apos;&quot;,&quot;request&quot;:{&quot;headers&quot;:{&quot;Accept-Encoding&quot;:&quot;gzip,deflate&quot;,&quot;Connection&quot;:&quot;Keep-Alive&quot;,&quot;Content-Length&quot;:&quot;100&quot;,&quot;Content-Type&quot;:&quot;application/json; charset=utf-8&quot;,&quot;Host&quot;:&quot;localhost:10244&quot;,&quot;User-Agent&quot;:&quot;Apache-HttpClient/4.5.1 (Java/1.8.0_121)&quot;},&quot;httpVersion&quot;:&quot;1.1&quot;,&quot;method&quot;:&quot;POST&quot;,&quot;post&quot;:&quot;{\&quot;using\&quot;:\&quot;xpath\&quot;,\&quot;value\&quot;:\&quot;//tr[@style=&apos;display: table;&apos;]//input[contains(@id,&apos;address_PhoneHome&apos;)]\&quot;}&quot;,&quot;url&quot;:&quot;/element&quot;,&quot;urlParsed&quot;:{&quot;anchor&quot;:&quot;&quot;,&quot;query&quot;:&quot;&quot;,&quot;file&quot;:&quot;element&quot;,&quot;directory&quot;:&quot;/&quot;,&quot;path&quot;:&quot;/element&quot;,&quot;relative&quot;:&quot;/element&quot;,&quot;port&quot;:&quot;&quot;,&quot;host&quot;:&quot;&quot;,&quot;password&quot;:&quot;&quot;,&quot;user&quot;:&quot;&quot;,&quot;userInfo&quot;:&quot;&quot;,&quot;authority&quot;:&quot;&quot;,&quot;protocol&quot;:&quot;&quot;,&quot;source&quot;:&quot;/element&quot;,&quot;queryKey&quot;:{},&quot;chunks&quot;:[&quot;element&quot;]},&quot;urlOriginal&quot;:&quot;/session/bd9fd850-2b10-11e7-b2eb-55f28e006e4f/element&quot;}}<br/>
For documentation on this error, please visit: http://seleniumhq.org/exceptions/no_such_element.html<br/>
Build info: version: &apos;2.53.1&apos;, revision: &apos;a36b8b1&apos;, time: &apos;2016-06-30 17:37:03&apos;<br/>
System info: host: &apos;Ebsi-LAT5540-32&apos;, ip: &apos;10.15.200.54&apos;, os.name: &apos;Windows 7&apos;, os.arch: &apos;amd64&apos;, os.version: &apos;6.1&apos;, java.version: &apos;1.8.0_121&apos;<br/>
Driver info: driver.version: unknown</a><br />
        <div class="stackTrace" id="exception-9">
                  </div>
          </div>
      </td>
</tr>
<tr>
  <td class="method">
                  <span class="description" title="Launch Home Page">launchHomePage</span>
      </td>
  <td class="duration">
    11.640s
  </td>
  <td class="result">
        
    
        

        <a href="javascript:toggleElement('exception-10', 'block')" title="Click to expand/collapse"><b>java.lang.NoSuchMethodError: org.openqa.selenium.support.ui.WebDriverWait.until(Ljava/util/function/Function;)Ljava/lang/Object;</b></a><br />
    <div class="stackTrace" id="exception-10">
              com.eperium.main.jumpstart.JumpStartTestSuite.launchHomePage(JumpStartTestSuite.java:185)<br />
              sun.reflect.NativeMethodAccessorImpl.invoke0(Native Method)<br />
              sun.reflect.NativeMethodAccessorImpl.invoke(Unknown Source)<br />
              sun.reflect.DelegatingMethodAccessorImpl.invoke(Unknown Source)<br />
              java.lang.reflect.Method.invoke(Unknown Source)<br />
              org.testng.internal.MethodInvocationHelper.invokeMethod(MethodInvocationHelper.java:85)<br />
              org.testng.internal.Invoker.invokeMethod(Invoker.java:639)<br />
              org.testng.internal.Invoker.invokeTestMethod(Invoker.java:816)<br />
              org.testng.internal.Invoker.invokeTestMethods(Invoker.java:1124)<br />
              org.testng.internal.TestMethodWorker.invokeTestMethods(TestMethodWorker.java:125)<br />
              org.testng.internal.TestMethodWorker.run(TestMethodWorker.java:108)<br />
              org.testng.TestRunner.privateRun(TestRunner.java:774)<br />
              org.testng.TestRunner.run(TestRunner.java:624)<br />
              org.testng.SuiteRunner.runTest(SuiteRunner.java:359)<br />
              org.testng.SuiteRunner.runSequentially(SuiteRunner.java:354)<br />
              org.testng.SuiteRunner.privateRun(SuiteRunner.java:312)<br />
              org.testng.SuiteRunner.run(SuiteRunner.java:261)<br />
              org.testng.SuiteRunnerWorker.runSuite(SuiteRunnerWorker.java:52)<br />
              org.testng.SuiteRunnerWorker.run(SuiteRunnerWorker.java:86)<br />
              org.testng.TestNG.runSuitesSequentially(TestNG.java:1215)<br />
              org.testng.TestNG.runSuitesLocally(TestNG.java:1140)<br />
              org.testng.TestNG.run(TestNG.java:1048)<br />
              org.testng.TestNG.privateMain(TestNG.java:1355)<br />
              org.testng.TestNG.main(TestNG.java:1324)<br />
                </div>
      </td>
</tr>
<tr>
  <td class="method">
                  <span class="description" title="logIn With Dynamic User">logInWithDynamicUser</span>
      </td>
  <td class="duration">
    0.410s
  </td>
  <td class="result">
        
    
        

        <a href="javascript:toggleElement('exception-11', 'block')" title="Click to expand/collapse"><b>java.lang.NoSuchMethodError: org.openqa.selenium.support.ui.WebDriverWait.until(Ljava/util/function/Function;)Ljava/lang/Object;</b></a><br />
    <div class="stackTrace" id="exception-11">
              com.eperium.testframework.utils.TestCaseUtil.checkAllFormElements(TestCaseUtil.java:100)<br />
              com.eperium.main.jumpstart.JumpStartTestSuite.logInWithDynamicUser(JumpStartTestSuite.java:1618)<br />
              sun.reflect.NativeMethodAccessorImpl.invoke0(Native Method)<br />
              sun.reflect.NativeMethodAccessorImpl.invoke(Unknown Source)<br />
              sun.reflect.DelegatingMethodAccessorImpl.invoke(Unknown Source)<br />
              java.lang.reflect.Method.invoke(Unknown Source)<br />
              org.testng.internal.MethodInvocationHelper.invokeMethod(MethodInvocationHelper.java:85)<br />
              org.testng.internal.Invoker.invokeMethod(Invoker.java:639)<br />
              org.testng.internal.Invoker.invokeTestMethod(Invoker.java:816)<br />
              org.testng.internal.Invoker.invokeTestMethods(Invoker.java:1124)<br />
              org.testng.internal.TestMethodWorker.invokeTestMethods(TestMethodWorker.java:125)<br />
              org.testng.internal.TestMethodWorker.run(TestMethodWorker.java:108)<br />
              org.testng.TestRunner.privateRun(TestRunner.java:774)<br />
              org.testng.TestRunner.run(TestRunner.java:624)<br />
              org.testng.SuiteRunner.runTest(SuiteRunner.java:359)<br />
              org.testng.SuiteRunner.runSequentially(SuiteRunner.java:354)<br />
              org.testng.SuiteRunner.privateRun(SuiteRunner.java:312)<br />
              org.testng.SuiteRunner.run(SuiteRunner.java:261)<br />
              org.testng.SuiteRunnerWorker.runSuite(SuiteRunnerWorker.java:52)<br />
              org.testng.SuiteRunnerWorker.run(SuiteRunnerWorker.java:86)<br />
              org.testng.TestNG.runSuitesSequentially(TestNG.java:1215)<br />
              org.testng.TestNG.runSuitesLocally(TestNG.java:1140)<br />
              org.testng.TestNG.run(TestNG.java:1048)<br />
              org.testng.TestNG.privateMain(TestNG.java:1355)<br />
              org.testng.TestNG.main(TestNG.java:1324)<br />
                </div>
      </td>
</tr>
<tr>
  <td class="method">
                  <span class="description" title="Logout from header">logoutHeader</span>
      </td>
  <td class="duration">
    2.824s
  </td>
  <td class="result">
        
    
        

        <a href="javascript:toggleElement('exception-12', 'block')" title="Click to expand/collapse"><b>org.openqa.selenium.NoSuchElementException: {&quot;errorMessage&quot;:&quot;Unable to find element with xpath &apos;(//div[contains(@class,&apos;header-main&apos;)]//a[contains(@href,&apos;ViewUserAccount-LogoutUser&apos;)])[1]&apos;&quot;,&quot;request&quot;:{&quot;headers&quot;:{&quot;Accept-Encoding&quot;:&quot;gzip,deflate&quot;,&quot;Connection&quot;:&quot;Keep-Alive&quot;,&quot;Content-Length&quot;:&quot;119&quot;,&quot;Content-Type&quot;:&quot;application/json; charset=utf-8&quot;,&quot;Host&quot;:&quot;localhost:10244&quot;,&quot;User-Agent&quot;:&quot;Apache-HttpClient/4.5.1 (Java/1.8.0_121)&quot;},&quot;httpVersion&quot;:&quot;1.1&quot;,&quot;method&quot;:&quot;POST&quot;,&quot;post&quot;:&quot;{\&quot;using\&quot;:\&quot;xpath\&quot;,\&quot;value\&quot;:\&quot;(//div[contains(@class,&apos;header-main&apos;)]//a[contains(@href,&apos;ViewUserAccount-LogoutUser&apos;)])[1]\&quot;}&quot;,&quot;url&quot;:&quot;/element&quot;,&quot;urlParsed&quot;:{&quot;anchor&quot;:&quot;&quot;,&quot;query&quot;:&quot;&quot;,&quot;file&quot;:&quot;element&quot;,&quot;directory&quot;:&quot;/&quot;,&quot;path&quot;:&quot;/element&quot;,&quot;relative&quot;:&quot;/element&quot;,&quot;port&quot;:&quot;&quot;,&quot;host&quot;:&quot;&quot;,&quot;password&quot;:&quot;&quot;,&quot;user&quot;:&quot;&quot;,&quot;userInfo&quot;:&quot;&quot;,&quot;authority&quot;:&quot;&quot;,&quot;protocol&quot;:&quot;&quot;,&quot;source&quot;:&quot;/element&quot;,&quot;queryKey&quot;:{},&quot;chunks&quot;:[&quot;element&quot;]},&quot;urlOriginal&quot;:&quot;/session/bd9fd850-2b10-11e7-b2eb-55f28e006e4f/element&quot;}}<br/>
Command duration or timeout: 2.82 seconds<br/>
For documentation on this error, please visit: http://seleniumhq.org/exceptions/no_such_element.html<br/>
Build info: version: &apos;2.53.1&apos;, revision: &apos;a36b8b1&apos;, time: &apos;2016-06-30 17:37:03&apos;<br/>
System info: host: &apos;Ebsi-LAT5540-32&apos;, ip: &apos;10.15.200.54&apos;, os.name: &apos;Windows 7&apos;, os.arch: &apos;amd64&apos;, os.version: &apos;6.1&apos;, java.version: &apos;1.8.0_121&apos;<br/>
Driver info: org.openqa.selenium.phantomjs.PhantomJSDriver<br/>
Capabilities [{applicationCacheEnabled=false, rotatable=false, handlesAlerts=false, databaseEnabled=false, version=2.1.1, platform=XP, browserConnectionEnabled=false, proxy={proxyType=direct}, nativeEvents=true, acceptSslCerts=false, driverVersion=1.2.0, locationContextEnabled=false, webStorageEnabled=false, browserName=phantomjs, takesScreenshot=true, driverName=ghostdriver, javascriptEnabled=true, cssSelectorsEnabled=true}]<br/>
Session ID: bd9fd850-2b10-11e7-b2eb-55f28e006e4f<br/>
*** Element info: {Using=xpath, value=(//div[contains(@class,&apos;header-main&apos;)]//a[contains(@href,&apos;ViewUserAccount-LogoutUser&apos;)])[1]}</b></a><br />
    <div class="stackTrace" id="exception-12">
              sun.reflect.GeneratedConstructorAccessor23.newInstance(Unknown Source)<br />
              sun.reflect.DelegatingConstructorAccessorImpl.newInstance(Unknown Source)<br />
              java.lang.reflect.Constructor.newInstance(Unknown Source)<br />
              org.openqa.selenium.remote.ErrorHandler.createThrowable(ErrorHandler.java:206)<br />
              org.openqa.selenium.remote.ErrorHandler.throwIfResponseFailed(ErrorHandler.java:158)<br />
              org.openqa.selenium.remote.RemoteWebDriver.execute(RemoteWebDriver.java:678)<br />
              org.openqa.selenium.remote.RemoteWebDriver.findElement(RemoteWebDriver.java:363)<br />
              org.openqa.selenium.remote.RemoteWebDriver.findElementByXPath(RemoteWebDriver.java:500)<br />
              org.openqa.selenium.By$ByXPath.findElement(By.java:361)<br />
              org.openqa.selenium.remote.RemoteWebDriver.findElement(RemoteWebDriver.java:355)<br />
              com.eperium.main.jumpstart.JumpStartTestSuite.logoutHeader(JumpStartTestSuite.java:702)<br />
              sun.reflect.NativeMethodAccessorImpl.invoke0(Native Method)<br />
              sun.reflect.NativeMethodAccessorImpl.invoke(Unknown Source)<br />
              sun.reflect.DelegatingMethodAccessorImpl.invoke(Unknown Source)<br />
              java.lang.reflect.Method.invoke(Unknown Source)<br />
              org.testng.internal.MethodInvocationHelper.invokeMethod(MethodInvocationHelper.java:85)<br />
              org.testng.internal.Invoker.invokeMethod(Invoker.java:639)<br />
              org.testng.internal.Invoker.invokeTestMethod(Invoker.java:816)<br />
              org.testng.internal.Invoker.invokeTestMethods(Invoker.java:1124)<br />
              org.testng.internal.TestMethodWorker.invokeTestMethods(TestMethodWorker.java:125)<br />
              org.testng.internal.TestMethodWorker.run(TestMethodWorker.java:108)<br />
              org.testng.TestRunner.privateRun(TestRunner.java:774)<br />
              org.testng.TestRunner.run(TestRunner.java:624)<br />
              org.testng.SuiteRunner.runTest(SuiteRunner.java:359)<br />
              org.testng.SuiteRunner.runSequentially(SuiteRunner.java:354)<br />
              org.testng.SuiteRunner.privateRun(SuiteRunner.java:312)<br />
              org.testng.SuiteRunner.run(SuiteRunner.java:261)<br />
              org.testng.SuiteRunnerWorker.runSuite(SuiteRunnerWorker.java:52)<br />
              org.testng.SuiteRunnerWorker.run(SuiteRunnerWorker.java:86)<br />
              org.testng.TestNG.runSuitesSequentially(TestNG.java:1215)<br />
              org.testng.TestNG.runSuitesLocally(TestNG.java:1140)<br />
              org.testng.TestNG.run(TestNG.java:1048)<br />
              org.testng.TestNG.privateMain(TestNG.java:1355)<br />
              org.testng.TestNG.main(TestNG.java:1324)<br />
                    <b>Caused by: </b> <a href="javascript:toggleElement('exception-13', 'block')" title="Click to expand/collapse">org.openqa.selenium.remote.ScreenshotException: Screen shot has been taken<br/>
Build info: version: &apos;2.53.1&apos;, revision: &apos;a36b8b1&apos;, time: &apos;2016-06-30 17:37:03&apos;<br/>
System info: host: &apos;Ebsi-LAT5540-32&apos;, ip: &apos;10.15.200.54&apos;, os.name: &apos;Windows 7&apos;, os.arch: &apos;amd64&apos;, os.version: &apos;6.1&apos;, java.version: &apos;1.8.0_121&apos;<br/>
Driver info: driver.version: RemoteWebDriver</a><br />
        <div class="stackTrace" id="exception-13">
                      org.openqa.selenium.remote.ErrorHandler.throwIfResponseFailed(ErrorHandler.java:138)<br />
                      org.openqa.selenium.remote.RemoteWebDriver.execute(RemoteWebDriver.java:678)<br />
                      org.openqa.selenium.remote.RemoteWebDriver.findElement(RemoteWebDriver.java:363)<br />
                      org.openqa.selenium.remote.RemoteWebDriver.findElementByXPath(RemoteWebDriver.java:500)<br />
                      org.openqa.selenium.By$ByXPath.findElement(By.java:361)<br />
                      org.openqa.selenium.remote.RemoteWebDriver.findElement(RemoteWebDriver.java:355)<br />
                      com.eperium.main.jumpstart.JumpStartTestSuite.logoutHeader(JumpStartTestSuite.java:702)<br />
                      sun.reflect.NativeMethodAccessorImpl.invoke0(Native Method)<br />
                      sun.reflect.NativeMethodAccessorImpl.invoke(Unknown Source)<br />
                      sun.reflect.DelegatingMethodAccessorImpl.invoke(Unknown Source)<br />
                      java.lang.reflect.Method.invoke(Unknown Source)<br />
                      org.testng.internal.MethodInvocationHelper.invokeMethod(MethodInvocationHelper.java:85)<br />
                      org.testng.internal.Invoker.invokeMethod(Invoker.java:639)<br />
                      org.testng.internal.Invoker.invokeTestMethod(Invoker.java:816)<br />
                      org.testng.internal.Invoker.invokeTestMethods(Invoker.java:1124)<br />
                      org.testng.internal.TestMethodWorker.invokeTestMethods(TestMethodWorker.java:125)<br />
                      org.testng.internal.TestMethodWorker.run(TestMethodWorker.java:108)<br />
                      org.testng.TestRunner.privateRun(TestRunner.java:774)<br />
                      org.testng.TestRunner.run(TestRunner.java:624)<br />
                      org.testng.SuiteRunner.runTest(SuiteRunner.java:359)<br />
                      org.testng.SuiteRunner.runSequentially(SuiteRunner.java:354)<br />
                      org.testng.SuiteRunner.privateRun(SuiteRunner.java:312)<br />
                      org.testng.SuiteRunner.run(SuiteRunner.java:261)<br />
                      org.testng.SuiteRunnerWorker.runSuite(SuiteRunnerWorker.java:52)<br />
                      org.testng.SuiteRunnerWorker.run(SuiteRunnerWorker.java:86)<br />
                      org.testng.TestNG.runSuitesSequentially(TestNG.java:1215)<br />
                      org.testng.TestNG.runSuitesLocally(TestNG.java:1140)<br />
                      org.testng.TestNG.run(TestNG.java:1048)<br />
                      org.testng.TestNG.privateMain(TestNG.java:1355)<br />
                      org.testng.TestNG.main(TestNG.java:1324)<br />
                  </div>
              <b>Caused by: </b> <a href="javascript:toggleElement('exception-14', 'block')" title="Click to expand/collapse">org.openqa.selenium.NoSuchElementException: {&quot;errorMessage&quot;:&quot;Unable to find element with xpath &apos;(//div[contains(@class,&apos;header-main&apos;)]//a[contains(@href,&apos;ViewUserAccount-LogoutUser&apos;)])[1]&apos;&quot;,&quot;request&quot;:{&quot;headers&quot;:{&quot;Accept-Encoding&quot;:&quot;gzip,deflate&quot;,&quot;Connection&quot;:&quot;Keep-Alive&quot;,&quot;Content-Length&quot;:&quot;119&quot;,&quot;Content-Type&quot;:&quot;application/json; charset=utf-8&quot;,&quot;Host&quot;:&quot;localhost:10244&quot;,&quot;User-Agent&quot;:&quot;Apache-HttpClient/4.5.1 (Java/1.8.0_121)&quot;},&quot;httpVersion&quot;:&quot;1.1&quot;,&quot;method&quot;:&quot;POST&quot;,&quot;post&quot;:&quot;{\&quot;using\&quot;:\&quot;xpath\&quot;,\&quot;value\&quot;:\&quot;(//div[contains(@class,&apos;header-main&apos;)]//a[contains(@href,&apos;ViewUserAccount-LogoutUser&apos;)])[1]\&quot;}&quot;,&quot;url&quot;:&quot;/element&quot;,&quot;urlParsed&quot;:{&quot;anchor&quot;:&quot;&quot;,&quot;query&quot;:&quot;&quot;,&quot;file&quot;:&quot;element&quot;,&quot;directory&quot;:&quot;/&quot;,&quot;path&quot;:&quot;/element&quot;,&quot;relative&quot;:&quot;/element&quot;,&quot;port&quot;:&quot;&quot;,&quot;host&quot;:&quot;&quot;,&quot;password&quot;:&quot;&quot;,&quot;user&quot;:&quot;&quot;,&quot;userInfo&quot;:&quot;&quot;,&quot;authority&quot;:&quot;&quot;,&quot;protocol&quot;:&quot;&quot;,&quot;source&quot;:&quot;/element&quot;,&quot;queryKey&quot;:{},&quot;chunks&quot;:[&quot;element&quot;]},&quot;urlOriginal&quot;:&quot;/session/bd9fd850-2b10-11e7-b2eb-55f28e006e4f/element&quot;}}<br/>
For documentation on this error, please visit: http://seleniumhq.org/exceptions/no_such_element.html<br/>
Build info: version: &apos;2.53.1&apos;, revision: &apos;a36b8b1&apos;, time: &apos;2016-06-30 17:37:03&apos;<br/>
System info: host: &apos;Ebsi-LAT5540-32&apos;, ip: &apos;10.15.200.54&apos;, os.name: &apos;Windows 7&apos;, os.arch: &apos;amd64&apos;, os.version: &apos;6.1&apos;, java.version: &apos;1.8.0_121&apos;<br/>
Driver info: driver.version: unknown</a><br />
        <div class="stackTrace" id="exception-14">
                  </div>
          </div>
      </td>
</tr>
<tr>
  <td class="method">
                  <span class="description" title="Navigate to login page">navigateToLoginPage</span>
      </td>
  <td class="duration">
    7.613s
  </td>
  <td class="result">
        
    
        

        <a href="javascript:toggleElement('exception-15', 'block')" title="Click to expand/collapse"><b>java.lang.NoSuchMethodError: org.openqa.selenium.support.ui.WebDriverWait.until(Ljava/util/function/Function;)Ljava/lang/Object;</b></a><br />
    <div class="stackTrace" id="exception-15">
              com.eperium.main.jumpstart.JumpStartTestSuite.navigateToLoginPage(JumpStartTestSuite.java:258)<br />
              sun.reflect.NativeMethodAccessorImpl.invoke0(Native Method)<br />
              sun.reflect.NativeMethodAccessorImpl.invoke(Unknown Source)<br />
              sun.reflect.DelegatingMethodAccessorImpl.invoke(Unknown Source)<br />
              java.lang.reflect.Method.invoke(Unknown Source)<br />
              org.testng.internal.MethodInvocationHelper.invokeMethod(MethodInvocationHelper.java:85)<br />
              org.testng.internal.Invoker.invokeMethod(Invoker.java:639)<br />
              org.testng.internal.Invoker.invokeTestMethod(Invoker.java:816)<br />
              org.testng.internal.Invoker.invokeTestMethods(Invoker.java:1124)<br />
              org.testng.internal.TestMethodWorker.invokeTestMethods(TestMethodWorker.java:125)<br />
              org.testng.internal.TestMethodWorker.run(TestMethodWorker.java:108)<br />
              org.testng.TestRunner.privateRun(TestRunner.java:774)<br />
              org.testng.TestRunner.run(TestRunner.java:624)<br />
              org.testng.SuiteRunner.runTest(SuiteRunner.java:359)<br />
              org.testng.SuiteRunner.runSequentially(SuiteRunner.java:354)<br />
              org.testng.SuiteRunner.privateRun(SuiteRunner.java:312)<br />
              org.testng.SuiteRunner.run(SuiteRunner.java:261)<br />
              org.testng.SuiteRunnerWorker.runSuite(SuiteRunnerWorker.java:52)<br />
              org.testng.SuiteRunnerWorker.run(SuiteRunnerWorker.java:86)<br />
              org.testng.TestNG.runSuitesSequentially(TestNG.java:1215)<br />
              org.testng.TestNG.runSuitesLocally(TestNG.java:1140)<br />
              org.testng.TestNG.run(TestNG.java:1048)<br />
              org.testng.TestNG.privateMain(TestNG.java:1355)<br />
              org.testng.TestNG.main(TestNG.java:1324)<br />
                </div>
      </td>
</tr>
<tr>
  <td class="method">
                  <span class="description" title="Navigate To Profile Setting Page">navigateToProfileSettingPage</span>
      </td>
  <td class="duration">
    0.950s
  </td>
  <td class="result">
        
    
        

        <a href="javascript:toggleElement('exception-16', 'block')" title="Click to expand/collapse"><b>org.openqa.selenium.NoSuchElementException: {&quot;errorMessage&quot;:&quot;Unable to find element with xpath &apos;(//a[contains(@href,&apos;ViewProfileSettings-ViewProfile&apos;)])[1]&apos;&quot;,&quot;request&quot;:{&quot;headers&quot;:{&quot;Accept-Encoding&quot;:&quot;gzip,deflate&quot;,&quot;Connection&quot;:&quot;Keep-Alive&quot;,&quot;Content-Length&quot;:&quot;87&quot;,&quot;Content-Type&quot;:&quot;application/json; charset=utf-8&quot;,&quot;Host&quot;:&quot;localhost:10244&quot;,&quot;User-Agent&quot;:&quot;Apache-HttpClient/4.5.1 (Java/1.8.0_121)&quot;},&quot;httpVersion&quot;:&quot;1.1&quot;,&quot;method&quot;:&quot;POST&quot;,&quot;post&quot;:&quot;{\&quot;using\&quot;:\&quot;xpath\&quot;,\&quot;value\&quot;:\&quot;(//a[contains(@href,&apos;ViewProfileSettings-ViewProfile&apos;)])[1]\&quot;}&quot;,&quot;url&quot;:&quot;/element&quot;,&quot;urlParsed&quot;:{&quot;anchor&quot;:&quot;&quot;,&quot;query&quot;:&quot;&quot;,&quot;file&quot;:&quot;element&quot;,&quot;directory&quot;:&quot;/&quot;,&quot;path&quot;:&quot;/element&quot;,&quot;relative&quot;:&quot;/element&quot;,&quot;port&quot;:&quot;&quot;,&quot;host&quot;:&quot;&quot;,&quot;password&quot;:&quot;&quot;,&quot;user&quot;:&quot;&quot;,&quot;userInfo&quot;:&quot;&quot;,&quot;authority&quot;:&quot;&quot;,&quot;protocol&quot;:&quot;&quot;,&quot;source&quot;:&quot;/element&quot;,&quot;queryKey&quot;:{},&quot;chunks&quot;:[&quot;element&quot;]},&quot;urlOriginal&quot;:&quot;/session/bd9fd850-2b10-11e7-b2eb-55f28e006e4f/element&quot;}}<br/>
Command duration or timeout: 946 milliseconds<br/>
For documentation on this error, please visit: http://seleniumhq.org/exceptions/no_such_element.html<br/>
Build info: version: &apos;2.53.1&apos;, revision: &apos;a36b8b1&apos;, time: &apos;2016-06-30 17:37:03&apos;<br/>
System info: host: &apos;Ebsi-LAT5540-32&apos;, ip: &apos;10.15.200.54&apos;, os.name: &apos;Windows 7&apos;, os.arch: &apos;amd64&apos;, os.version: &apos;6.1&apos;, java.version: &apos;1.8.0_121&apos;<br/>
Driver info: org.openqa.selenium.phantomjs.PhantomJSDriver<br/>
Capabilities [{applicationCacheEnabled=false, rotatable=false, handlesAlerts=false, databaseEnabled=false, version=2.1.1, platform=XP, browserConnectionEnabled=false, proxy={proxyType=direct}, nativeEvents=true, acceptSslCerts=false, driverVersion=1.2.0, locationContextEnabled=false, webStorageEnabled=false, browserName=phantomjs, takesScreenshot=true, driverName=ghostdriver, javascriptEnabled=true, cssSelectorsEnabled=true}]<br/>
Session ID: bd9fd850-2b10-11e7-b2eb-55f28e006e4f<br/>
*** Element info: {Using=xpath, value=(//a[contains(@href,&apos;ViewProfileSettings-ViewProfile&apos;)])[1]}</b></a><br />
    <div class="stackTrace" id="exception-16">
              sun.reflect.GeneratedConstructorAccessor23.newInstance(Unknown Source)<br />
              sun.reflect.DelegatingConstructorAccessorImpl.newInstance(Unknown Source)<br />
              java.lang.reflect.Constructor.newInstance(Unknown Source)<br />
              org.openqa.selenium.remote.ErrorHandler.createThrowable(ErrorHandler.java:206)<br />
              org.openqa.selenium.remote.ErrorHandler.throwIfResponseFailed(ErrorHandler.java:158)<br />
              org.openqa.selenium.remote.RemoteWebDriver.execute(RemoteWebDriver.java:678)<br />
              org.openqa.selenium.remote.RemoteWebDriver.findElement(RemoteWebDriver.java:363)<br />
              org.openqa.selenium.remote.RemoteWebDriver.findElementByXPath(RemoteWebDriver.java:500)<br />
              org.openqa.selenium.By$ByXPath.findElement(By.java:361)<br />
              org.openqa.selenium.remote.RemoteWebDriver.findElement(RemoteWebDriver.java:355)<br />
              com.eperium.main.jumpstart.JumpStartTestSuite.navigateToProfileSettingPage(JumpStartTestSuite.java:945)<br />
              sun.reflect.NativeMethodAccessorImpl.invoke0(Native Method)<br />
              sun.reflect.NativeMethodAccessorImpl.invoke(Unknown Source)<br />
              sun.reflect.DelegatingMethodAccessorImpl.invoke(Unknown Source)<br />
              java.lang.reflect.Method.invoke(Unknown Source)<br />
              org.testng.internal.MethodInvocationHelper.invokeMethod(MethodInvocationHelper.java:85)<br />
              org.testng.internal.Invoker.invokeMethod(Invoker.java:639)<br />
              org.testng.internal.Invoker.invokeTestMethod(Invoker.java:816)<br />
              org.testng.internal.Invoker.invokeTestMethods(Invoker.java:1124)<br />
              org.testng.internal.TestMethodWorker.invokeTestMethods(TestMethodWorker.java:125)<br />
              org.testng.internal.TestMethodWorker.run(TestMethodWorker.java:108)<br />
              org.testng.TestRunner.privateRun(TestRunner.java:774)<br />
              org.testng.TestRunner.run(TestRunner.java:624)<br />
              org.testng.SuiteRunner.runTest(SuiteRunner.java:359)<br />
              org.testng.SuiteRunner.runSequentially(SuiteRunner.java:354)<br />
              org.testng.SuiteRunner.privateRun(SuiteRunner.java:312)<br />
              org.testng.SuiteRunner.run(SuiteRunner.java:261)<br />
              org.testng.SuiteRunnerWorker.runSuite(SuiteRunnerWorker.java:52)<br />
              org.testng.SuiteRunnerWorker.run(SuiteRunnerWorker.java:86)<br />
              org.testng.TestNG.runSuitesSequentially(TestNG.java:1215)<br />
              org.testng.TestNG.runSuitesLocally(TestNG.java:1140)<br />
              org.testng.TestNG.run(TestNG.java:1048)<br />
              org.testng.TestNG.privateMain(TestNG.java:1355)<br />
              org.testng.TestNG.main(TestNG.java:1324)<br />
                    <b>Caused by: </b> <a href="javascript:toggleElement('exception-17', 'block')" title="Click to expand/collapse">org.openqa.selenium.remote.ScreenshotException: Screen shot has been taken<br/>
Build info: version: &apos;2.53.1&apos;, revision: &apos;a36b8b1&apos;, time: &apos;2016-06-30 17:37:03&apos;<br/>
System info: host: &apos;Ebsi-LAT5540-32&apos;, ip: &apos;10.15.200.54&apos;, os.name: &apos;Windows 7&apos;, os.arch: &apos;amd64&apos;, os.version: &apos;6.1&apos;, java.version: &apos;1.8.0_121&apos;<br/>
Driver info: driver.version: RemoteWebDriver</a><br />
        <div class="stackTrace" id="exception-17">
                      org.openqa.selenium.remote.ErrorHandler.throwIfResponseFailed(ErrorHandler.java:138)<br />
                      org.openqa.selenium.remote.RemoteWebDriver.execute(RemoteWebDriver.java:678)<br />
                      org.openqa.selenium.remote.RemoteWebDriver.findElement(RemoteWebDriver.java:363)<br />
                      org.openqa.selenium.remote.RemoteWebDriver.findElementByXPath(RemoteWebDriver.java:500)<br />
                      org.openqa.selenium.By$ByXPath.findElement(By.java:361)<br />
                      org.openqa.selenium.remote.RemoteWebDriver.findElement(RemoteWebDriver.java:355)<br />
                      com.eperium.main.jumpstart.JumpStartTestSuite.navigateToProfileSettingPage(JumpStartTestSuite.java:945)<br />
                      sun.reflect.NativeMethodAccessorImpl.invoke0(Native Method)<br />
                      sun.reflect.NativeMethodAccessorImpl.invoke(Unknown Source)<br />
                      sun.reflect.DelegatingMethodAccessorImpl.invoke(Unknown Source)<br />
                      java.lang.reflect.Method.invoke(Unknown Source)<br />
                      org.testng.internal.MethodInvocationHelper.invokeMethod(MethodInvocationHelper.java:85)<br />
                      org.testng.internal.Invoker.invokeMethod(Invoker.java:639)<br />
                      org.testng.internal.Invoker.invokeTestMethod(Invoker.java:816)<br />
                      org.testng.internal.Invoker.invokeTestMethods(Invoker.java:1124)<br />
                      org.testng.internal.TestMethodWorker.invokeTestMethods(TestMethodWorker.java:125)<br />
                      org.testng.internal.TestMethodWorker.run(TestMethodWorker.java:108)<br />
                      org.testng.TestRunner.privateRun(TestRunner.java:774)<br />
                      org.testng.TestRunner.run(TestRunner.java:624)<br />
                      org.testng.SuiteRunner.runTest(SuiteRunner.java:359)<br />
                      org.testng.SuiteRunner.runSequentially(SuiteRunner.java:354)<br />
                      org.testng.SuiteRunner.privateRun(SuiteRunner.java:312)<br />
                      org.testng.SuiteRunner.run(SuiteRunner.java:261)<br />
                      org.testng.SuiteRunnerWorker.runSuite(SuiteRunnerWorker.java:52)<br />
                      org.testng.SuiteRunnerWorker.run(SuiteRunnerWorker.java:86)<br />
                      org.testng.TestNG.runSuitesSequentially(TestNG.java:1215)<br />
                      org.testng.TestNG.runSuitesLocally(TestNG.java:1140)<br />
                      org.testng.TestNG.run(TestNG.java:1048)<br />
                      org.testng.TestNG.privateMain(TestNG.java:1355)<br />
                      org.testng.TestNG.main(TestNG.java:1324)<br />
                  </div>
              <b>Caused by: </b> <a href="javascript:toggleElement('exception-18', 'block')" title="Click to expand/collapse">org.openqa.selenium.NoSuchElementException: {&quot;errorMessage&quot;:&quot;Unable to find element with xpath &apos;(//a[contains(@href,&apos;ViewProfileSettings-ViewProfile&apos;)])[1]&apos;&quot;,&quot;request&quot;:{&quot;headers&quot;:{&quot;Accept-Encoding&quot;:&quot;gzip,deflate&quot;,&quot;Connection&quot;:&quot;Keep-Alive&quot;,&quot;Content-Length&quot;:&quot;87&quot;,&quot;Content-Type&quot;:&quot;application/json; charset=utf-8&quot;,&quot;Host&quot;:&quot;localhost:10244&quot;,&quot;User-Agent&quot;:&quot;Apache-HttpClient/4.5.1 (Java/1.8.0_121)&quot;},&quot;httpVersion&quot;:&quot;1.1&quot;,&quot;method&quot;:&quot;POST&quot;,&quot;post&quot;:&quot;{\&quot;using\&quot;:\&quot;xpath\&quot;,\&quot;value\&quot;:\&quot;(//a[contains(@href,&apos;ViewProfileSettings-ViewProfile&apos;)])[1]\&quot;}&quot;,&quot;url&quot;:&quot;/element&quot;,&quot;urlParsed&quot;:{&quot;anchor&quot;:&quot;&quot;,&quot;query&quot;:&quot;&quot;,&quot;file&quot;:&quot;element&quot;,&quot;directory&quot;:&quot;/&quot;,&quot;path&quot;:&quot;/element&quot;,&quot;relative&quot;:&quot;/element&quot;,&quot;port&quot;:&quot;&quot;,&quot;host&quot;:&quot;&quot;,&quot;password&quot;:&quot;&quot;,&quot;user&quot;:&quot;&quot;,&quot;userInfo&quot;:&quot;&quot;,&quot;authority&quot;:&quot;&quot;,&quot;protocol&quot;:&quot;&quot;,&quot;source&quot;:&quot;/element&quot;,&quot;queryKey&quot;:{},&quot;chunks&quot;:[&quot;element&quot;]},&quot;urlOriginal&quot;:&quot;/session/bd9fd850-2b10-11e7-b2eb-55f28e006e4f/element&quot;}}<br/>
For documentation on this error, please visit: http://seleniumhq.org/exceptions/no_such_element.html<br/>
Build info: version: &apos;2.53.1&apos;, revision: &apos;a36b8b1&apos;, time: &apos;2016-06-30 17:37:03&apos;<br/>
System info: host: &apos;Ebsi-LAT5540-32&apos;, ip: &apos;10.15.200.54&apos;, os.name: &apos;Windows 7&apos;, os.arch: &apos;amd64&apos;, os.version: &apos;6.1&apos;, java.version: &apos;1.8.0_121&apos;<br/>
Driver info: driver.version: unknown</a><br />
        <div class="stackTrace" id="exception-18">
                  </div>
          </div>
      </td>
</tr>
<tr>
  <td class="method">
                  <span class="description" title="Navigate to Registration page">navigateToRegistrationPage</span>
      </td>
  <td class="duration">
    0.004s
  </td>
  <td class="result">
        
    
        

        <a href="javascript:toggleElement('exception-19', 'block')" title="Click to expand/collapse"><b>java.lang.NoSuchMethodError: org.openqa.selenium.support.ui.WebDriverWait.until(Ljava/util/function/Function;)Ljava/lang/Object;</b></a><br />
    <div class="stackTrace" id="exception-19">
              com.eperium.main.jumpstart.JumpStartTestSuite.navigateToRegistrationPage(JumpStartTestSuite.java:242)<br />
              sun.reflect.NativeMethodAccessorImpl.invoke0(Native Method)<br />
              sun.reflect.NativeMethodAccessorImpl.invoke(Unknown Source)<br />
              sun.reflect.DelegatingMethodAccessorImpl.invoke(Unknown Source)<br />
              java.lang.reflect.Method.invoke(Unknown Source)<br />
              org.testng.internal.MethodInvocationHelper.invokeMethod(MethodInvocationHelper.java:85)<br />
              org.testng.internal.Invoker.invokeMethod(Invoker.java:639)<br />
              org.testng.internal.Invoker.invokeTestMethod(Invoker.java:816)<br />
              org.testng.internal.Invoker.invokeTestMethods(Invoker.java:1124)<br />
              org.testng.internal.TestMethodWorker.invokeTestMethods(TestMethodWorker.java:125)<br />
              org.testng.internal.TestMethodWorker.run(TestMethodWorker.java:108)<br />
              org.testng.TestRunner.privateRun(TestRunner.java:774)<br />
              org.testng.TestRunner.run(TestRunner.java:624)<br />
              org.testng.SuiteRunner.runTest(SuiteRunner.java:359)<br />
              org.testng.SuiteRunner.runSequentially(SuiteRunner.java:354)<br />
              org.testng.SuiteRunner.privateRun(SuiteRunner.java:312)<br />
              org.testng.SuiteRunner.run(SuiteRunner.java:261)<br />
              org.testng.SuiteRunnerWorker.runSuite(SuiteRunnerWorker.java:52)<br />
              org.testng.SuiteRunnerWorker.run(SuiteRunnerWorker.java:86)<br />
              org.testng.TestNG.runSuitesSequentially(TestNG.java:1215)<br />
              org.testng.TestNG.runSuitesLocally(TestNG.java:1140)<br />
              org.testng.TestNG.run(TestNG.java:1048)<br />
              org.testng.TestNG.privateMain(TestNG.java:1355)<br />
              org.testng.TestNG.main(TestNG.java:1324)<br />
                </div>
      </td>
</tr>
<tr>
  <td class="method">
                  <span class="description" title="Navigate To Saved Address Page">navigateToSavedAddressPage</span>
      </td>
  <td class="duration">
    0.517s
  </td>
  <td class="result">
        
    
        

        <a href="javascript:toggleElement('exception-20', 'block')" title="Click to expand/collapse"><b>org.openqa.selenium.NoSuchElementException: {&quot;errorMessage&quot;:&quot;Unable to find element with xpath &apos;(//a[contains(@href,&apos;ViewUserAddressList-List&apos;)])[1]&apos;&quot;,&quot;request&quot;:{&quot;headers&quot;:{&quot;Accept-Encoding&quot;:&quot;gzip,deflate&quot;,&quot;Connection&quot;:&quot;Keep-Alive&quot;,&quot;Content-Length&quot;:&quot;80&quot;,&quot;Content-Type&quot;:&quot;application/json; charset=utf-8&quot;,&quot;Host&quot;:&quot;localhost:10244&quot;,&quot;User-Agent&quot;:&quot;Apache-HttpClient/4.5.1 (Java/1.8.0_121)&quot;},&quot;httpVersion&quot;:&quot;1.1&quot;,&quot;method&quot;:&quot;POST&quot;,&quot;post&quot;:&quot;{\&quot;using\&quot;:\&quot;xpath\&quot;,\&quot;value\&quot;:\&quot;(//a[contains(@href,&apos;ViewUserAddressList-List&apos;)])[1]\&quot;}&quot;,&quot;url&quot;:&quot;/element&quot;,&quot;urlParsed&quot;:{&quot;anchor&quot;:&quot;&quot;,&quot;query&quot;:&quot;&quot;,&quot;file&quot;:&quot;element&quot;,&quot;directory&quot;:&quot;/&quot;,&quot;path&quot;:&quot;/element&quot;,&quot;relative&quot;:&quot;/element&quot;,&quot;port&quot;:&quot;&quot;,&quot;host&quot;:&quot;&quot;,&quot;password&quot;:&quot;&quot;,&quot;user&quot;:&quot;&quot;,&quot;userInfo&quot;:&quot;&quot;,&quot;authority&quot;:&quot;&quot;,&quot;protocol&quot;:&quot;&quot;,&quot;source&quot;:&quot;/element&quot;,&quot;queryKey&quot;:{},&quot;chunks&quot;:[&quot;element&quot;]},&quot;urlOriginal&quot;:&quot;/session/bd9fd850-2b10-11e7-b2eb-55f28e006e4f/element&quot;}}<br/>
Command duration or timeout: 514 milliseconds<br/>
For documentation on this error, please visit: http://seleniumhq.org/exceptions/no_such_element.html<br/>
Build info: version: &apos;2.53.1&apos;, revision: &apos;a36b8b1&apos;, time: &apos;2016-06-30 17:37:03&apos;<br/>
System info: host: &apos;Ebsi-LAT5540-32&apos;, ip: &apos;10.15.200.54&apos;, os.name: &apos;Windows 7&apos;, os.arch: &apos;amd64&apos;, os.version: &apos;6.1&apos;, java.version: &apos;1.8.0_121&apos;<br/>
Driver info: org.openqa.selenium.phantomjs.PhantomJSDriver<br/>
Capabilities [{applicationCacheEnabled=false, rotatable=false, handlesAlerts=false, databaseEnabled=false, version=2.1.1, platform=XP, browserConnectionEnabled=false, proxy={proxyType=direct}, nativeEvents=true, acceptSslCerts=false, driverVersion=1.2.0, locationContextEnabled=false, webStorageEnabled=false, browserName=phantomjs, takesScreenshot=true, driverName=ghostdriver, javascriptEnabled=true, cssSelectorsEnabled=true}]<br/>
Session ID: bd9fd850-2b10-11e7-b2eb-55f28e006e4f<br/>
*** Element info: {Using=xpath, value=(//a[contains(@href,&apos;ViewUserAddressList-List&apos;)])[1]}</b></a><br />
    <div class="stackTrace" id="exception-20">
              sun.reflect.GeneratedConstructorAccessor23.newInstance(Unknown Source)<br />
              sun.reflect.DelegatingConstructorAccessorImpl.newInstance(Unknown Source)<br />
              java.lang.reflect.Constructor.newInstance(Unknown Source)<br />
              org.openqa.selenium.remote.ErrorHandler.createThrowable(ErrorHandler.java:206)<br />
              org.openqa.selenium.remote.ErrorHandler.throwIfResponseFailed(ErrorHandler.java:158)<br />
              org.openqa.selenium.remote.RemoteWebDriver.execute(RemoteWebDriver.java:678)<br />
              org.openqa.selenium.remote.RemoteWebDriver.findElement(RemoteWebDriver.java:363)<br />
              org.openqa.selenium.remote.RemoteWebDriver.findElementByXPath(RemoteWebDriver.java:500)<br />
              org.openqa.selenium.By$ByXPath.findElement(By.java:361)<br />
              org.openqa.selenium.remote.RemoteWebDriver.findElement(RemoteWebDriver.java:355)<br />
              com.eperium.main.jumpstart.JumpStartTestSuite.navigateToSavedAddressPage(JumpStartTestSuite.java:928)<br />
              sun.reflect.NativeMethodAccessorImpl.invoke0(Native Method)<br />
              sun.reflect.NativeMethodAccessorImpl.invoke(Unknown Source)<br />
              sun.reflect.DelegatingMethodAccessorImpl.invoke(Unknown Source)<br />
              java.lang.reflect.Method.invoke(Unknown Source)<br />
              org.testng.internal.MethodInvocationHelper.invokeMethod(MethodInvocationHelper.java:85)<br />
              org.testng.internal.Invoker.invokeMethod(Invoker.java:639)<br />
              org.testng.internal.Invoker.invokeTestMethod(Invoker.java:816)<br />
              org.testng.internal.Invoker.invokeTestMethods(Invoker.java:1124)<br />
              org.testng.internal.TestMethodWorker.invokeTestMethods(TestMethodWorker.java:125)<br />
              org.testng.internal.TestMethodWorker.run(TestMethodWorker.java:108)<br />
              org.testng.TestRunner.privateRun(TestRunner.java:774)<br />
              org.testng.TestRunner.run(TestRunner.java:624)<br />
              org.testng.SuiteRunner.runTest(SuiteRunner.java:359)<br />
              org.testng.SuiteRunner.runSequentially(SuiteRunner.java:354)<br />
              org.testng.SuiteRunner.privateRun(SuiteRunner.java:312)<br />
              org.testng.SuiteRunner.run(SuiteRunner.java:261)<br />
              org.testng.SuiteRunnerWorker.runSuite(SuiteRunnerWorker.java:52)<br />
              org.testng.SuiteRunnerWorker.run(SuiteRunnerWorker.java:86)<br />
              org.testng.TestNG.runSuitesSequentially(TestNG.java:1215)<br />
              org.testng.TestNG.runSuitesLocally(TestNG.java:1140)<br />
              org.testng.TestNG.run(TestNG.java:1048)<br />
              org.testng.TestNG.privateMain(TestNG.java:1355)<br />
              org.testng.TestNG.main(TestNG.java:1324)<br />
                    <b>Caused by: </b> <a href="javascript:toggleElement('exception-21', 'block')" title="Click to expand/collapse">org.openqa.selenium.remote.ScreenshotException: Screen shot has been taken<br/>
Build info: version: &apos;2.53.1&apos;, revision: &apos;a36b8b1&apos;, time: &apos;2016-06-30 17:37:03&apos;<br/>
System info: host: &apos;Ebsi-LAT5540-32&apos;, ip: &apos;10.15.200.54&apos;, os.name: &apos;Windows 7&apos;, os.arch: &apos;amd64&apos;, os.version: &apos;6.1&apos;, java.version: &apos;1.8.0_121&apos;<br/>
Driver info: driver.version: RemoteWebDriver</a><br />
        <div class="stackTrace" id="exception-21">
                      org.openqa.selenium.remote.ErrorHandler.throwIfResponseFailed(ErrorHandler.java:138)<br />
                      org.openqa.selenium.remote.RemoteWebDriver.execute(RemoteWebDriver.java:678)<br />
                      org.openqa.selenium.remote.RemoteWebDriver.findElement(RemoteWebDriver.java:363)<br />
                      org.openqa.selenium.remote.RemoteWebDriver.findElementByXPath(RemoteWebDriver.java:500)<br />
                      org.openqa.selenium.By$ByXPath.findElement(By.java:361)<br />
                      org.openqa.selenium.remote.RemoteWebDriver.findElement(RemoteWebDriver.java:355)<br />
                      com.eperium.main.jumpstart.JumpStartTestSuite.navigateToSavedAddressPage(JumpStartTestSuite.java:928)<br />
                      sun.reflect.NativeMethodAccessorImpl.invoke0(Native Method)<br />
                      sun.reflect.NativeMethodAccessorImpl.invoke(Unknown Source)<br />
                      sun.reflect.DelegatingMethodAccessorImpl.invoke(Unknown Source)<br />
                      java.lang.reflect.Method.invoke(Unknown Source)<br />
                      org.testng.internal.MethodInvocationHelper.invokeMethod(MethodInvocationHelper.java:85)<br />
                      org.testng.internal.Invoker.invokeMethod(Invoker.java:639)<br />
                      org.testng.internal.Invoker.invokeTestMethod(Invoker.java:816)<br />
                      org.testng.internal.Invoker.invokeTestMethods(Invoker.java:1124)<br />
                      org.testng.internal.TestMethodWorker.invokeTestMethods(TestMethodWorker.java:125)<br />
                      org.testng.internal.TestMethodWorker.run(TestMethodWorker.java:108)<br />
                      org.testng.TestRunner.privateRun(TestRunner.java:774)<br />
                      org.testng.TestRunner.run(TestRunner.java:624)<br />
                      org.testng.SuiteRunner.runTest(SuiteRunner.java:359)<br />
                      org.testng.SuiteRunner.runSequentially(SuiteRunner.java:354)<br />
                      org.testng.SuiteRunner.privateRun(SuiteRunner.java:312)<br />
                      org.testng.SuiteRunner.run(SuiteRunner.java:261)<br />
                      org.testng.SuiteRunnerWorker.runSuite(SuiteRunnerWorker.java:52)<br />
                      org.testng.SuiteRunnerWorker.run(SuiteRunnerWorker.java:86)<br />
                      org.testng.TestNG.runSuitesSequentially(TestNG.java:1215)<br />
                      org.testng.TestNG.runSuitesLocally(TestNG.java:1140)<br />
                      org.testng.TestNG.run(TestNG.java:1048)<br />
                      org.testng.TestNG.privateMain(TestNG.java:1355)<br />
                      org.testng.TestNG.main(TestNG.java:1324)<br />
                  </div>
              <b>Caused by: </b> <a href="javascript:toggleElement('exception-22', 'block')" title="Click to expand/collapse">org.openqa.selenium.NoSuchElementException: {&quot;errorMessage&quot;:&quot;Unable to find element with xpath &apos;(//a[contains(@href,&apos;ViewUserAddressList-List&apos;)])[1]&apos;&quot;,&quot;request&quot;:{&quot;headers&quot;:{&quot;Accept-Encoding&quot;:&quot;gzip,deflate&quot;,&quot;Connection&quot;:&quot;Keep-Alive&quot;,&quot;Content-Length&quot;:&quot;80&quot;,&quot;Content-Type&quot;:&quot;application/json; charset=utf-8&quot;,&quot;Host&quot;:&quot;localhost:10244&quot;,&quot;User-Agent&quot;:&quot;Apache-HttpClient/4.5.1 (Java/1.8.0_121)&quot;},&quot;httpVersion&quot;:&quot;1.1&quot;,&quot;method&quot;:&quot;POST&quot;,&quot;post&quot;:&quot;{\&quot;using\&quot;:\&quot;xpath\&quot;,\&quot;value\&quot;:\&quot;(//a[contains(@href,&apos;ViewUserAddressList-List&apos;)])[1]\&quot;}&quot;,&quot;url&quot;:&quot;/element&quot;,&quot;urlParsed&quot;:{&quot;anchor&quot;:&quot;&quot;,&quot;query&quot;:&quot;&quot;,&quot;file&quot;:&quot;element&quot;,&quot;directory&quot;:&quot;/&quot;,&quot;path&quot;:&quot;/element&quot;,&quot;relative&quot;:&quot;/element&quot;,&quot;port&quot;:&quot;&quot;,&quot;host&quot;:&quot;&quot;,&quot;password&quot;:&quot;&quot;,&quot;user&quot;:&quot;&quot;,&quot;userInfo&quot;:&quot;&quot;,&quot;authority&quot;:&quot;&quot;,&quot;protocol&quot;:&quot;&quot;,&quot;source&quot;:&quot;/element&quot;,&quot;queryKey&quot;:{},&quot;chunks&quot;:[&quot;element&quot;]},&quot;urlOriginal&quot;:&quot;/session/bd9fd850-2b10-11e7-b2eb-55f28e006e4f/element&quot;}}<br/>
For documentation on this error, please visit: http://seleniumhq.org/exceptions/no_such_element.html<br/>
Build info: version: &apos;2.53.1&apos;, revision: &apos;a36b8b1&apos;, time: &apos;2016-06-30 17:37:03&apos;<br/>
System info: host: &apos;Ebsi-LAT5540-32&apos;, ip: &apos;10.15.200.54&apos;, os.name: &apos;Windows 7&apos;, os.arch: &apos;amd64&apos;, os.version: &apos;6.1&apos;, java.version: &apos;1.8.0_121&apos;<br/>
Driver info: driver.version: unknown</a><br />
        <div class="stackTrace" id="exception-22">
                  </div>
          </div>
      </td>
</tr>
<tr>
  <td class="method">
                  <span class="description" title="LoggedIn User Click Proceed to checkout button and verify">proceedToCheckout_LoggedIn</span>
      </td>
  <td class="duration">
    1.193s
  </td>
  <td class="result">
        
    
        

        <a href="javascript:toggleElement('exception-23', 'block')" title="Click to expand/collapse"><b>org.openqa.selenium.NoSuchElementException: {&quot;errorMessage&quot;:&quot;Unable to find element with xpath &apos;//input[contains(@id,&apos;quantity_&apos;)]&apos;&quot;,&quot;request&quot;:{&quot;headers&quot;:{&quot;Accept-Encoding&quot;:&quot;gzip,deflate&quot;,&quot;Connection&quot;:&quot;Keep-Alive&quot;,&quot;Content-Length&quot;:&quot;62&quot;,&quot;Content-Type&quot;:&quot;application/json; charset=utf-8&quot;,&quot;Host&quot;:&quot;localhost:10244&quot;,&quot;User-Agent&quot;:&quot;Apache-HttpClient/4.5.1 (Java/1.8.0_121)&quot;},&quot;httpVersion&quot;:&quot;1.1&quot;,&quot;method&quot;:&quot;POST&quot;,&quot;post&quot;:&quot;{\&quot;using\&quot;:\&quot;xpath\&quot;,\&quot;value\&quot;:\&quot;//input[contains(@id,&apos;quantity_&apos;)]\&quot;}&quot;,&quot;url&quot;:&quot;/element&quot;,&quot;urlParsed&quot;:{&quot;anchor&quot;:&quot;&quot;,&quot;query&quot;:&quot;&quot;,&quot;file&quot;:&quot;element&quot;,&quot;directory&quot;:&quot;/&quot;,&quot;path&quot;:&quot;/element&quot;,&quot;relative&quot;:&quot;/element&quot;,&quot;port&quot;:&quot;&quot;,&quot;host&quot;:&quot;&quot;,&quot;password&quot;:&quot;&quot;,&quot;user&quot;:&quot;&quot;,&quot;userInfo&quot;:&quot;&quot;,&quot;authority&quot;:&quot;&quot;,&quot;protocol&quot;:&quot;&quot;,&quot;source&quot;:&quot;/element&quot;,&quot;queryKey&quot;:{},&quot;chunks&quot;:[&quot;element&quot;]},&quot;urlOriginal&quot;:&quot;/session/bd9fd850-2b10-11e7-b2eb-55f28e006e4f/element&quot;}}<br/>
Command duration or timeout: 1.19 seconds<br/>
For documentation on this error, please visit: http://seleniumhq.org/exceptions/no_such_element.html<br/>
Build info: version: &apos;2.53.1&apos;, revision: &apos;a36b8b1&apos;, time: &apos;2016-06-30 17:37:03&apos;<br/>
System info: host: &apos;Ebsi-LAT5540-32&apos;, ip: &apos;10.15.200.54&apos;, os.name: &apos;Windows 7&apos;, os.arch: &apos;amd64&apos;, os.version: &apos;6.1&apos;, java.version: &apos;1.8.0_121&apos;<br/>
Driver info: org.openqa.selenium.phantomjs.PhantomJSDriver<br/>
Capabilities [{applicationCacheEnabled=false, rotatable=false, handlesAlerts=false, databaseEnabled=false, version=2.1.1, platform=XP, browserConnectionEnabled=false, proxy={proxyType=direct}, nativeEvents=true, acceptSslCerts=false, driverVersion=1.2.0, locationContextEnabled=false, webStorageEnabled=false, browserName=phantomjs, takesScreenshot=true, driverName=ghostdriver, javascriptEnabled=true, cssSelectorsEnabled=true}]<br/>
Session ID: bd9fd850-2b10-11e7-b2eb-55f28e006e4f<br/>
*** Element info: {Using=xpath, value=//input[contains(@id,&apos;quantity_&apos;)]}</b></a><br />
    <div class="stackTrace" id="exception-23">
              sun.reflect.GeneratedConstructorAccessor23.newInstance(Unknown Source)<br />
              sun.reflect.DelegatingConstructorAccessorImpl.newInstance(Unknown Source)<br />
              java.lang.reflect.Constructor.newInstance(Unknown Source)<br />
              org.openqa.selenium.remote.ErrorHandler.createThrowable(ErrorHandler.java:206)<br />
              org.openqa.selenium.remote.ErrorHandler.throwIfResponseFailed(ErrorHandler.java:158)<br />
              org.openqa.selenium.remote.RemoteWebDriver.execute(RemoteWebDriver.java:678)<br />
              org.openqa.selenium.remote.RemoteWebDriver.findElement(RemoteWebDriver.java:363)<br />
              org.openqa.selenium.remote.RemoteWebDriver.findElementByXPath(RemoteWebDriver.java:500)<br />
              org.openqa.selenium.By$ByXPath.findElement(By.java:361)<br />
              org.openqa.selenium.remote.RemoteWebDriver.findElement(RemoteWebDriver.java:355)<br />
              com.eperium.main.jumpstart.JumpStartTestSuite.proceedToCheckout_LoggedIn(JumpStartTestSuite.java:625)<br />
              sun.reflect.NativeMethodAccessorImpl.invoke0(Native Method)<br />
              sun.reflect.NativeMethodAccessorImpl.invoke(Unknown Source)<br />
              sun.reflect.DelegatingMethodAccessorImpl.invoke(Unknown Source)<br />
              java.lang.reflect.Method.invoke(Unknown Source)<br />
              org.testng.internal.MethodInvocationHelper.invokeMethod(MethodInvocationHelper.java:85)<br />
              org.testng.internal.Invoker.invokeMethod(Invoker.java:639)<br />
              org.testng.internal.Invoker.invokeTestMethod(Invoker.java:816)<br />
              org.testng.internal.Invoker.invokeTestMethods(Invoker.java:1124)<br />
              org.testng.internal.TestMethodWorker.invokeTestMethods(TestMethodWorker.java:125)<br />
              org.testng.internal.TestMethodWorker.run(TestMethodWorker.java:108)<br />
              org.testng.TestRunner.privateRun(TestRunner.java:774)<br />
              org.testng.TestRunner.run(TestRunner.java:624)<br />
              org.testng.SuiteRunner.runTest(SuiteRunner.java:359)<br />
              org.testng.SuiteRunner.runSequentially(SuiteRunner.java:354)<br />
              org.testng.SuiteRunner.privateRun(SuiteRunner.java:312)<br />
              org.testng.SuiteRunner.run(SuiteRunner.java:261)<br />
              org.testng.SuiteRunnerWorker.runSuite(SuiteRunnerWorker.java:52)<br />
              org.testng.SuiteRunnerWorker.run(SuiteRunnerWorker.java:86)<br />
              org.testng.TestNG.runSuitesSequentially(TestNG.java:1215)<br />
              org.testng.TestNG.runSuitesLocally(TestNG.java:1140)<br />
              org.testng.TestNG.run(TestNG.java:1048)<br />
              org.testng.TestNG.privateMain(TestNG.java:1355)<br />
              org.testng.TestNG.main(TestNG.java:1324)<br />
                    <b>Caused by: </b> <a href="javascript:toggleElement('exception-24', 'block')" title="Click to expand/collapse">org.openqa.selenium.remote.ScreenshotException: Screen shot has been taken<br/>
Build info: version: &apos;2.53.1&apos;, revision: &apos;a36b8b1&apos;, time: &apos;2016-06-30 17:37:03&apos;<br/>
System info: host: &apos;Ebsi-LAT5540-32&apos;, ip: &apos;10.15.200.54&apos;, os.name: &apos;Windows 7&apos;, os.arch: &apos;amd64&apos;, os.version: &apos;6.1&apos;, java.version: &apos;1.8.0_121&apos;<br/>
Driver info: driver.version: RemoteWebDriver</a><br />
        <div class="stackTrace" id="exception-24">
                      org.openqa.selenium.remote.ErrorHandler.throwIfResponseFailed(ErrorHandler.java:138)<br />
                      org.openqa.selenium.remote.RemoteWebDriver.execute(RemoteWebDriver.java:678)<br />
                      org.openqa.selenium.remote.RemoteWebDriver.findElement(RemoteWebDriver.java:363)<br />
                      org.openqa.selenium.remote.RemoteWebDriver.findElementByXPath(RemoteWebDriver.java:500)<br />
                      org.openqa.selenium.By$ByXPath.findElement(By.java:361)<br />
                      org.openqa.selenium.remote.RemoteWebDriver.findElement(RemoteWebDriver.java:355)<br />
                      com.eperium.main.jumpstart.JumpStartTestSuite.proceedToCheckout_LoggedIn(JumpStartTestSuite.java:625)<br />
                      sun.reflect.NativeMethodAccessorImpl.invoke0(Native Method)<br />
                      sun.reflect.NativeMethodAccessorImpl.invoke(Unknown Source)<br />
                      sun.reflect.DelegatingMethodAccessorImpl.invoke(Unknown Source)<br />
                      java.lang.reflect.Method.invoke(Unknown Source)<br />
                      org.testng.internal.MethodInvocationHelper.invokeMethod(MethodInvocationHelper.java:85)<br />
                      org.testng.internal.Invoker.invokeMethod(Invoker.java:639)<br />
                      org.testng.internal.Invoker.invokeTestMethod(Invoker.java:816)<br />
                      org.testng.internal.Invoker.invokeTestMethods(Invoker.java:1124)<br />
                      org.testng.internal.TestMethodWorker.invokeTestMethods(TestMethodWorker.java:125)<br />
                      org.testng.internal.TestMethodWorker.run(TestMethodWorker.java:108)<br />
                      org.testng.TestRunner.privateRun(TestRunner.java:774)<br />
                      org.testng.TestRunner.run(TestRunner.java:624)<br />
                      org.testng.SuiteRunner.runTest(SuiteRunner.java:359)<br />
                      org.testng.SuiteRunner.runSequentially(SuiteRunner.java:354)<br />
                      org.testng.SuiteRunner.privateRun(SuiteRunner.java:312)<br />
                      org.testng.SuiteRunner.run(SuiteRunner.java:261)<br />
                      org.testng.SuiteRunnerWorker.runSuite(SuiteRunnerWorker.java:52)<br />
                      org.testng.SuiteRunnerWorker.run(SuiteRunnerWorker.java:86)<br />
                      org.testng.TestNG.runSuitesSequentially(TestNG.java:1215)<br />
                      org.testng.TestNG.runSuitesLocally(TestNG.java:1140)<br />
                      org.testng.TestNG.run(TestNG.java:1048)<br />
                      org.testng.TestNG.privateMain(TestNG.java:1355)<br />
                      org.testng.TestNG.main(TestNG.java:1324)<br />
                  </div>
              <b>Caused by: </b> <a href="javascript:toggleElement('exception-25', 'block')" title="Click to expand/collapse">org.openqa.selenium.NoSuchElementException: {&quot;errorMessage&quot;:&quot;Unable to find element with xpath &apos;//input[contains(@id,&apos;quantity_&apos;)]&apos;&quot;,&quot;request&quot;:{&quot;headers&quot;:{&quot;Accept-Encoding&quot;:&quot;gzip,deflate&quot;,&quot;Connection&quot;:&quot;Keep-Alive&quot;,&quot;Content-Length&quot;:&quot;62&quot;,&quot;Content-Type&quot;:&quot;application/json; charset=utf-8&quot;,&quot;Host&quot;:&quot;localhost:10244&quot;,&quot;User-Agent&quot;:&quot;Apache-HttpClient/4.5.1 (Java/1.8.0_121)&quot;},&quot;httpVersion&quot;:&quot;1.1&quot;,&quot;method&quot;:&quot;POST&quot;,&quot;post&quot;:&quot;{\&quot;using\&quot;:\&quot;xpath\&quot;,\&quot;value\&quot;:\&quot;//input[contains(@id,&apos;quantity_&apos;)]\&quot;}&quot;,&quot;url&quot;:&quot;/element&quot;,&quot;urlParsed&quot;:{&quot;anchor&quot;:&quot;&quot;,&quot;query&quot;:&quot;&quot;,&quot;file&quot;:&quot;element&quot;,&quot;directory&quot;:&quot;/&quot;,&quot;path&quot;:&quot;/element&quot;,&quot;relative&quot;:&quot;/element&quot;,&quot;port&quot;:&quot;&quot;,&quot;host&quot;:&quot;&quot;,&quot;password&quot;:&quot;&quot;,&quot;user&quot;:&quot;&quot;,&quot;userInfo&quot;:&quot;&quot;,&quot;authority&quot;:&quot;&quot;,&quot;protocol&quot;:&quot;&quot;,&quot;source&quot;:&quot;/element&quot;,&quot;queryKey&quot;:{},&quot;chunks&quot;:[&quot;element&quot;]},&quot;urlOriginal&quot;:&quot;/session/bd9fd850-2b10-11e7-b2eb-55f28e006e4f/element&quot;}}<br/>
For documentation on this error, please visit: http://seleniumhq.org/exceptions/no_such_element.html<br/>
Build info: version: &apos;2.53.1&apos;, revision: &apos;a36b8b1&apos;, time: &apos;2016-06-30 17:37:03&apos;<br/>
System info: host: &apos;Ebsi-LAT5540-32&apos;, ip: &apos;10.15.200.54&apos;, os.name: &apos;Windows 7&apos;, os.arch: &apos;amd64&apos;, os.version: &apos;6.1&apos;, java.version: &apos;1.8.0_121&apos;<br/>
Driver info: driver.version: unknown</a><br />
        <div class="stackTrace" id="exception-25">
                  </div>
          </div>
      </td>
</tr>
<tr>
  <td class="method">
                  <span class="description" title="Register with valid credentials">registrationValidCredentials</span>
      </td>
  <td class="duration">
    7.664s
  </td>
  <td class="result">
        
    
        

        <a href="javascript:toggleElement('exception-26', 'block')" title="Click to expand/collapse"><b>org.openqa.selenium.NoSuchElementException: {&quot;errorMessage&quot;:&quot;Unable to find element with xpath &apos;//input[@id=&apos;RegisterUserFullEmail_Login&apos;]&apos;&quot;,&quot;request&quot;:{&quot;headers&quot;:{&quot;Accept-Encoding&quot;:&quot;gzip,deflate&quot;,&quot;Connection&quot;:&quot;Keep-Alive&quot;,&quot;Content-Length&quot;:&quot;70&quot;,&quot;Content-Type&quot;:&quot;application/json; charset=utf-8&quot;,&quot;Host&quot;:&quot;localhost:10244&quot;,&quot;User-Agent&quot;:&quot;Apache-HttpClient/4.5.1 (Java/1.8.0_121)&quot;},&quot;httpVersion&quot;:&quot;1.1&quot;,&quot;method&quot;:&quot;POST&quot;,&quot;post&quot;:&quot;{\&quot;using\&quot;:\&quot;xpath\&quot;,\&quot;value\&quot;:\&quot;//input[@id=&apos;RegisterUserFullEmail_Login&apos;]\&quot;}&quot;,&quot;url&quot;:&quot;/element&quot;,&quot;urlParsed&quot;:{&quot;anchor&quot;:&quot;&quot;,&quot;query&quot;:&quot;&quot;,&quot;file&quot;:&quot;element&quot;,&quot;directory&quot;:&quot;/&quot;,&quot;path&quot;:&quot;/element&quot;,&quot;relative&quot;:&quot;/element&quot;,&quot;port&quot;:&quot;&quot;,&quot;host&quot;:&quot;&quot;,&quot;password&quot;:&quot;&quot;,&quot;user&quot;:&quot;&quot;,&quot;userInfo&quot;:&quot;&quot;,&quot;authority&quot;:&quot;&quot;,&quot;protocol&quot;:&quot;&quot;,&quot;source&quot;:&quot;/element&quot;,&quot;queryKey&quot;:{},&quot;chunks&quot;:[&quot;element&quot;]},&quot;urlOriginal&quot;:&quot;/session/bd9fd850-2b10-11e7-b2eb-55f28e006e4f/element&quot;}}<br/>
Command duration or timeout: 2.51 seconds<br/>
For documentation on this error, please visit: http://seleniumhq.org/exceptions/no_such_element.html<br/>
Build info: version: &apos;2.53.1&apos;, revision: &apos;a36b8b1&apos;, time: &apos;2016-06-30 17:37:03&apos;<br/>
System info: host: &apos;Ebsi-LAT5540-32&apos;, ip: &apos;10.15.200.54&apos;, os.name: &apos;Windows 7&apos;, os.arch: &apos;amd64&apos;, os.version: &apos;6.1&apos;, java.version: &apos;1.8.0_121&apos;<br/>
Driver info: org.openqa.selenium.phantomjs.PhantomJSDriver<br/>
Capabilities [{applicationCacheEnabled=false, rotatable=false, handlesAlerts=false, databaseEnabled=false, version=2.1.1, platform=XP, browserConnectionEnabled=false, proxy={proxyType=direct}, nativeEvents=true, acceptSslCerts=false, driverVersion=1.2.0, locationContextEnabled=false, webStorageEnabled=false, browserName=phantomjs, takesScreenshot=true, driverName=ghostdriver, javascriptEnabled=true, cssSelectorsEnabled=true}]<br/>
Session ID: bd9fd850-2b10-11e7-b2eb-55f28e006e4f<br/>
*** Element info: {Using=xpath, value=//input[@id=&apos;RegisterUserFullEmail_Login&apos;]}</b></a><br />
    <div class="stackTrace" id="exception-26">
              sun.reflect.GeneratedConstructorAccessor23.newInstance(Unknown Source)<br />
              sun.reflect.DelegatingConstructorAccessorImpl.newInstance(Unknown Source)<br />
              java.lang.reflect.Constructor.newInstance(Unknown Source)<br />
              org.openqa.selenium.remote.ErrorHandler.createThrowable(ErrorHandler.java:206)<br />
              org.openqa.selenium.remote.ErrorHandler.throwIfResponseFailed(ErrorHandler.java:158)<br />
              org.openqa.selenium.remote.RemoteWebDriver.execute(RemoteWebDriver.java:678)<br />
              org.openqa.selenium.remote.RemoteWebDriver.findElement(RemoteWebDriver.java:363)<br />
              org.openqa.selenium.remote.RemoteWebDriver.findElementByXPath(RemoteWebDriver.java:500)<br />
              org.openqa.selenium.By$ByXPath.findElement(By.java:361)<br />
              org.openqa.selenium.remote.RemoteWebDriver.findElement(RemoteWebDriver.java:355)<br />
              com.eperium.main.jumpstart.JumpStartTestSuite.registrationValidCredentials(JumpStartTestSuite.java:291)<br />
              sun.reflect.NativeMethodAccessorImpl.invoke0(Native Method)<br />
              sun.reflect.NativeMethodAccessorImpl.invoke(Unknown Source)<br />
              sun.reflect.DelegatingMethodAccessorImpl.invoke(Unknown Source)<br />
              java.lang.reflect.Method.invoke(Unknown Source)<br />
              org.testng.internal.MethodInvocationHelper.invokeMethod(MethodInvocationHelper.java:85)<br />
              org.testng.internal.Invoker.invokeMethod(Invoker.java:639)<br />
              org.testng.internal.Invoker.invokeTestMethod(Invoker.java:816)<br />
              org.testng.internal.Invoker.invokeTestMethods(Invoker.java:1124)<br />
              org.testng.internal.TestMethodWorker.invokeTestMethods(TestMethodWorker.java:125)<br />
              org.testng.internal.TestMethodWorker.run(TestMethodWorker.java:108)<br />
              org.testng.TestRunner.privateRun(TestRunner.java:774)<br />
              org.testng.TestRunner.run(TestRunner.java:624)<br />
              org.testng.SuiteRunner.runTest(SuiteRunner.java:359)<br />
              org.testng.SuiteRunner.runSequentially(SuiteRunner.java:354)<br />
              org.testng.SuiteRunner.privateRun(SuiteRunner.java:312)<br />
              org.testng.SuiteRunner.run(SuiteRunner.java:261)<br />
              org.testng.SuiteRunnerWorker.runSuite(SuiteRunnerWorker.java:52)<br />
              org.testng.SuiteRunnerWorker.run(SuiteRunnerWorker.java:86)<br />
              org.testng.TestNG.runSuitesSequentially(TestNG.java:1215)<br />
              org.testng.TestNG.runSuitesLocally(TestNG.java:1140)<br />
              org.testng.TestNG.run(TestNG.java:1048)<br />
              org.testng.TestNG.privateMain(TestNG.java:1355)<br />
              org.testng.TestNG.main(TestNG.java:1324)<br />
                    <b>Caused by: </b> <a href="javascript:toggleElement('exception-27', 'block')" title="Click to expand/collapse">org.openqa.selenium.remote.ScreenshotException: Screen shot has been taken<br/>
Build info: version: &apos;2.53.1&apos;, revision: &apos;a36b8b1&apos;, time: &apos;2016-06-30 17:37:03&apos;<br/>
System info: host: &apos;Ebsi-LAT5540-32&apos;, ip: &apos;10.15.200.54&apos;, os.name: &apos;Windows 7&apos;, os.arch: &apos;amd64&apos;, os.version: &apos;6.1&apos;, java.version: &apos;1.8.0_121&apos;<br/>
Driver info: driver.version: RemoteWebDriver</a><br />
        <div class="stackTrace" id="exception-27">
                      org.openqa.selenium.remote.ErrorHandler.throwIfResponseFailed(ErrorHandler.java:138)<br />
                      org.openqa.selenium.remote.RemoteWebDriver.execute(RemoteWebDriver.java:678)<br />
                      org.openqa.selenium.remote.RemoteWebDriver.findElement(RemoteWebDriver.java:363)<br />
                      org.openqa.selenium.remote.RemoteWebDriver.findElementByXPath(RemoteWebDriver.java:500)<br />
                      org.openqa.selenium.By$ByXPath.findElement(By.java:361)<br />
                      org.openqa.selenium.remote.RemoteWebDriver.findElement(RemoteWebDriver.java:355)<br />
                      com.eperium.main.jumpstart.JumpStartTestSuite.registrationValidCredentials(JumpStartTestSuite.java:291)<br />
                      sun.reflect.NativeMethodAccessorImpl.invoke0(Native Method)<br />
                      sun.reflect.NativeMethodAccessorImpl.invoke(Unknown Source)<br />
                      sun.reflect.DelegatingMethodAccessorImpl.invoke(Unknown Source)<br />
                      java.lang.reflect.Method.invoke(Unknown Source)<br />
                      org.testng.internal.MethodInvocationHelper.invokeMethod(MethodInvocationHelper.java:85)<br />
                      org.testng.internal.Invoker.invokeMethod(Invoker.java:639)<br />
                      org.testng.internal.Invoker.invokeTestMethod(Invoker.java:816)<br />
                      org.testng.internal.Invoker.invokeTestMethods(Invoker.java:1124)<br />
                      org.testng.internal.TestMethodWorker.invokeTestMethods(TestMethodWorker.java:125)<br />
                      org.testng.internal.TestMethodWorker.run(TestMethodWorker.java:108)<br />
                      org.testng.TestRunner.privateRun(TestRunner.java:774)<br />
                      org.testng.TestRunner.run(TestRunner.java:624)<br />
                      org.testng.SuiteRunner.runTest(SuiteRunner.java:359)<br />
                      org.testng.SuiteRunner.runSequentially(SuiteRunner.java:354)<br />
                      org.testng.SuiteRunner.privateRun(SuiteRunner.java:312)<br />
                      org.testng.SuiteRunner.run(SuiteRunner.java:261)<br />
                      org.testng.SuiteRunnerWorker.runSuite(SuiteRunnerWorker.java:52)<br />
                      org.testng.SuiteRunnerWorker.run(SuiteRunnerWorker.java:86)<br />
                      org.testng.TestNG.runSuitesSequentially(TestNG.java:1215)<br />
                      org.testng.TestNG.runSuitesLocally(TestNG.java:1140)<br />
                      org.testng.TestNG.run(TestNG.java:1048)<br />
                      org.testng.TestNG.privateMain(TestNG.java:1355)<br />
                      org.testng.TestNG.main(TestNG.java:1324)<br />
                  </div>
              <b>Caused by: </b> <a href="javascript:toggleElement('exception-28', 'block')" title="Click to expand/collapse">org.openqa.selenium.NoSuchElementException: {&quot;errorMessage&quot;:&quot;Unable to find element with xpath &apos;//input[@id=&apos;RegisterUserFullEmail_Login&apos;]&apos;&quot;,&quot;request&quot;:{&quot;headers&quot;:{&quot;Accept-Encoding&quot;:&quot;gzip,deflate&quot;,&quot;Connection&quot;:&quot;Keep-Alive&quot;,&quot;Content-Length&quot;:&quot;70&quot;,&quot;Content-Type&quot;:&quot;application/json; charset=utf-8&quot;,&quot;Host&quot;:&quot;localhost:10244&quot;,&quot;User-Agent&quot;:&quot;Apache-HttpClient/4.5.1 (Java/1.8.0_121)&quot;},&quot;httpVersion&quot;:&quot;1.1&quot;,&quot;method&quot;:&quot;POST&quot;,&quot;post&quot;:&quot;{\&quot;using\&quot;:\&quot;xpath\&quot;,\&quot;value\&quot;:\&quot;//input[@id=&apos;RegisterUserFullEmail_Login&apos;]\&quot;}&quot;,&quot;url&quot;:&quot;/element&quot;,&quot;urlParsed&quot;:{&quot;anchor&quot;:&quot;&quot;,&quot;query&quot;:&quot;&quot;,&quot;file&quot;:&quot;element&quot;,&quot;directory&quot;:&quot;/&quot;,&quot;path&quot;:&quot;/element&quot;,&quot;relative&quot;:&quot;/element&quot;,&quot;port&quot;:&quot;&quot;,&quot;host&quot;:&quot;&quot;,&quot;password&quot;:&quot;&quot;,&quot;user&quot;:&quot;&quot;,&quot;userInfo&quot;:&quot;&quot;,&quot;authority&quot;:&quot;&quot;,&quot;protocol&quot;:&quot;&quot;,&quot;source&quot;:&quot;/element&quot;,&quot;queryKey&quot;:{},&quot;chunks&quot;:[&quot;element&quot;]},&quot;urlOriginal&quot;:&quot;/session/bd9fd850-2b10-11e7-b2eb-55f28e006e4f/element&quot;}}<br/>
For documentation on this error, please visit: http://seleniumhq.org/exceptions/no_such_element.html<br/>
Build info: version: &apos;2.53.1&apos;, revision: &apos;a36b8b1&apos;, time: &apos;2016-06-30 17:37:03&apos;<br/>
System info: host: &apos;Ebsi-LAT5540-32&apos;, ip: &apos;10.15.200.54&apos;, os.name: &apos;Windows 7&apos;, os.arch: &apos;amd64&apos;, os.version: &apos;6.1&apos;, java.version: &apos;1.8.0_121&apos;<br/>
Driver info: driver.version: unknown</a><br />
        <div class="stackTrace" id="exception-28">
                  </div>
          </div>
      </td>
</tr>
<tr>
  <td class="method">
                  <span class="description" title="Update invoice address and verify">updateAddressOnAddressPage</span>
      </td>
  <td class="duration">
    1.148s
  </td>
  <td class="result">
        
    
        

        <a href="javascript:toggleElement('exception-29', 'block')" title="Click to expand/collapse"><b>org.openqa.selenium.NoSuchElementException: {&quot;errorMessage&quot;:&quot;Unable to find element with xpath &apos;//tr[@style=&apos;display: table;&apos;]//input[contains(@id,&apos;address_FirstName&apos;)]&apos;&quot;,&quot;request&quot;:{&quot;headers&quot;:{&quot;Accept-Encoding&quot;:&quot;gzip,deflate&quot;,&quot;Connection&quot;:&quot;Keep-Alive&quot;,&quot;Content-Length&quot;:&quot;100&quot;,&quot;Content-Type&quot;:&quot;application/json; charset=utf-8&quot;,&quot;Host&quot;:&quot;localhost:10244&quot;,&quot;User-Agent&quot;:&quot;Apache-HttpClient/4.5.1 (Java/1.8.0_121)&quot;},&quot;httpVersion&quot;:&quot;1.1&quot;,&quot;method&quot;:&quot;POST&quot;,&quot;post&quot;:&quot;{\&quot;using\&quot;:\&quot;xpath\&quot;,\&quot;value\&quot;:\&quot;//tr[@style=&apos;display: table;&apos;]//input[contains(@id,&apos;address_FirstName&apos;)]\&quot;}&quot;,&quot;url&quot;:&quot;/element&quot;,&quot;urlParsed&quot;:{&quot;anchor&quot;:&quot;&quot;,&quot;query&quot;:&quot;&quot;,&quot;file&quot;:&quot;element&quot;,&quot;directory&quot;:&quot;/&quot;,&quot;path&quot;:&quot;/element&quot;,&quot;relative&quot;:&quot;/element&quot;,&quot;port&quot;:&quot;&quot;,&quot;host&quot;:&quot;&quot;,&quot;password&quot;:&quot;&quot;,&quot;user&quot;:&quot;&quot;,&quot;userInfo&quot;:&quot;&quot;,&quot;authority&quot;:&quot;&quot;,&quot;protocol&quot;:&quot;&quot;,&quot;source&quot;:&quot;/element&quot;,&quot;queryKey&quot;:{},&quot;chunks&quot;:[&quot;element&quot;]},&quot;urlOriginal&quot;:&quot;/session/bd9fd850-2b10-11e7-b2eb-55f28e006e4f/element&quot;}}<br/>
Command duration or timeout: 1.14 seconds<br/>
For documentation on this error, please visit: http://seleniumhq.org/exceptions/no_such_element.html<br/>
Build info: version: &apos;2.53.1&apos;, revision: &apos;a36b8b1&apos;, time: &apos;2016-06-30 17:37:03&apos;<br/>
System info: host: &apos;Ebsi-LAT5540-32&apos;, ip: &apos;10.15.200.54&apos;, os.name: &apos;Windows 7&apos;, os.arch: &apos;amd64&apos;, os.version: &apos;6.1&apos;, java.version: &apos;1.8.0_121&apos;<br/>
Driver info: org.openqa.selenium.phantomjs.PhantomJSDriver<br/>
Capabilities [{applicationCacheEnabled=false, rotatable=false, handlesAlerts=false, databaseEnabled=false, version=2.1.1, platform=XP, browserConnectionEnabled=false, proxy={proxyType=direct}, nativeEvents=true, acceptSslCerts=false, driverVersion=1.2.0, locationContextEnabled=false, webStorageEnabled=false, browserName=phantomjs, takesScreenshot=true, driverName=ghostdriver, javascriptEnabled=true, cssSelectorsEnabled=true}]<br/>
Session ID: bd9fd850-2b10-11e7-b2eb-55f28e006e4f<br/>
*** Element info: {Using=xpath, value=//tr[@style=&apos;display: table;&apos;]//input[contains(@id,&apos;address_FirstName&apos;)]}</b></a><br />
    <div class="stackTrace" id="exception-29">
              sun.reflect.GeneratedConstructorAccessor23.newInstance(Unknown Source)<br />
              sun.reflect.DelegatingConstructorAccessorImpl.newInstance(Unknown Source)<br />
              java.lang.reflect.Constructor.newInstance(Unknown Source)<br />
              org.openqa.selenium.remote.ErrorHandler.createThrowable(ErrorHandler.java:206)<br />
              org.openqa.selenium.remote.ErrorHandler.throwIfResponseFailed(ErrorHandler.java:158)<br />
              org.openqa.selenium.remote.RemoteWebDriver.execute(RemoteWebDriver.java:678)<br />
              org.openqa.selenium.remote.RemoteWebDriver.findElement(RemoteWebDriver.java:363)<br />
              org.openqa.selenium.remote.RemoteWebDriver.findElementByXPath(RemoteWebDriver.java:500)<br />
              org.openqa.selenium.By$ByXPath.findElement(By.java:361)<br />
              org.openqa.selenium.remote.RemoteWebDriver.findElement(RemoteWebDriver.java:355)<br />
              com.eperium.main.jumpstart.JumpStartTestSuite.updateAddressOnAddressPage(JumpStartTestSuite.java:1477)<br />
              sun.reflect.NativeMethodAccessorImpl.invoke0(Native Method)<br />
              sun.reflect.NativeMethodAccessorImpl.invoke(Unknown Source)<br />
              sun.reflect.DelegatingMethodAccessorImpl.invoke(Unknown Source)<br />
              java.lang.reflect.Method.invoke(Unknown Source)<br />
              org.testng.internal.MethodInvocationHelper.invokeMethod(MethodInvocationHelper.java:85)<br />
              org.testng.internal.Invoker.invokeMethod(Invoker.java:639)<br />
              org.testng.internal.Invoker.invokeTestMethod(Invoker.java:816)<br />
              org.testng.internal.Invoker.invokeTestMethods(Invoker.java:1124)<br />
              org.testng.internal.TestMethodWorker.invokeTestMethods(TestMethodWorker.java:125)<br />
              org.testng.internal.TestMethodWorker.run(TestMethodWorker.java:108)<br />
              org.testng.TestRunner.privateRun(TestRunner.java:774)<br />
              org.testng.TestRunner.run(TestRunner.java:624)<br />
              org.testng.SuiteRunner.runTest(SuiteRunner.java:359)<br />
              org.testng.SuiteRunner.runSequentially(SuiteRunner.java:354)<br />
              org.testng.SuiteRunner.privateRun(SuiteRunner.java:312)<br />
              org.testng.SuiteRunner.run(SuiteRunner.java:261)<br />
              org.testng.SuiteRunnerWorker.runSuite(SuiteRunnerWorker.java:52)<br />
              org.testng.SuiteRunnerWorker.run(SuiteRunnerWorker.java:86)<br />
              org.testng.TestNG.runSuitesSequentially(TestNG.java:1215)<br />
              org.testng.TestNG.runSuitesLocally(TestNG.java:1140)<br />
              org.testng.TestNG.run(TestNG.java:1048)<br />
              org.testng.TestNG.privateMain(TestNG.java:1355)<br />
              org.testng.TestNG.main(TestNG.java:1324)<br />
                    <b>Caused by: </b> <a href="javascript:toggleElement('exception-30', 'block')" title="Click to expand/collapse">org.openqa.selenium.remote.ScreenshotException: Screen shot has been taken<br/>
Build info: version: &apos;2.53.1&apos;, revision: &apos;a36b8b1&apos;, time: &apos;2016-06-30 17:37:03&apos;<br/>
System info: host: &apos;Ebsi-LAT5540-32&apos;, ip: &apos;10.15.200.54&apos;, os.name: &apos;Windows 7&apos;, os.arch: &apos;amd64&apos;, os.version: &apos;6.1&apos;, java.version: &apos;1.8.0_121&apos;<br/>
Driver info: driver.version: RemoteWebDriver</a><br />
        <div class="stackTrace" id="exception-30">
                      org.openqa.selenium.remote.ErrorHandler.throwIfResponseFailed(ErrorHandler.java:138)<br />
                      org.openqa.selenium.remote.RemoteWebDriver.execute(RemoteWebDriver.java:678)<br />
                      org.openqa.selenium.remote.RemoteWebDriver.findElement(RemoteWebDriver.java:363)<br />
                      org.openqa.selenium.remote.RemoteWebDriver.findElementByXPath(RemoteWebDriver.java:500)<br />
                      org.openqa.selenium.By$ByXPath.findElement(By.java:361)<br />
                      org.openqa.selenium.remote.RemoteWebDriver.findElement(RemoteWebDriver.java:355)<br />
                      com.eperium.main.jumpstart.JumpStartTestSuite.updateAddressOnAddressPage(JumpStartTestSuite.java:1477)<br />
                      sun.reflect.NativeMethodAccessorImpl.invoke0(Native Method)<br />
                      sun.reflect.NativeMethodAccessorImpl.invoke(Unknown Source)<br />
                      sun.reflect.DelegatingMethodAccessorImpl.invoke(Unknown Source)<br />
                      java.lang.reflect.Method.invoke(Unknown Source)<br />
                      org.testng.internal.MethodInvocationHelper.invokeMethod(MethodInvocationHelper.java:85)<br />
                      org.testng.internal.Invoker.invokeMethod(Invoker.java:639)<br />
                      org.testng.internal.Invoker.invokeTestMethod(Invoker.java:816)<br />
                      org.testng.internal.Invoker.invokeTestMethods(Invoker.java:1124)<br />
                      org.testng.internal.TestMethodWorker.invokeTestMethods(TestMethodWorker.java:125)<br />
                      org.testng.internal.TestMethodWorker.run(TestMethodWorker.java:108)<br />
                      org.testng.TestRunner.privateRun(TestRunner.java:774)<br />
                      org.testng.TestRunner.run(TestRunner.java:624)<br />
                      org.testng.SuiteRunner.runTest(SuiteRunner.java:359)<br />
                      org.testng.SuiteRunner.runSequentially(SuiteRunner.java:354)<br />
                      org.testng.SuiteRunner.privateRun(SuiteRunner.java:312)<br />
                      org.testng.SuiteRunner.run(SuiteRunner.java:261)<br />
                      org.testng.SuiteRunnerWorker.runSuite(SuiteRunnerWorker.java:52)<br />
                      org.testng.SuiteRunnerWorker.run(SuiteRunnerWorker.java:86)<br />
                      org.testng.TestNG.runSuitesSequentially(TestNG.java:1215)<br />
                      org.testng.TestNG.runSuitesLocally(TestNG.java:1140)<br />
                      org.testng.TestNG.run(TestNG.java:1048)<br />
                      org.testng.TestNG.privateMain(TestNG.java:1355)<br />
                      org.testng.TestNG.main(TestNG.java:1324)<br />
                  </div>
              <b>Caused by: </b> <a href="javascript:toggleElement('exception-31', 'block')" title="Click to expand/collapse">org.openqa.selenium.NoSuchElementException: {&quot;errorMessage&quot;:&quot;Unable to find element with xpath &apos;//tr[@style=&apos;display: table;&apos;]//input[contains(@id,&apos;address_FirstName&apos;)]&apos;&quot;,&quot;request&quot;:{&quot;headers&quot;:{&quot;Accept-Encoding&quot;:&quot;gzip,deflate&quot;,&quot;Connection&quot;:&quot;Keep-Alive&quot;,&quot;Content-Length&quot;:&quot;100&quot;,&quot;Content-Type&quot;:&quot;application/json; charset=utf-8&quot;,&quot;Host&quot;:&quot;localhost:10244&quot;,&quot;User-Agent&quot;:&quot;Apache-HttpClient/4.5.1 (Java/1.8.0_121)&quot;},&quot;httpVersion&quot;:&quot;1.1&quot;,&quot;method&quot;:&quot;POST&quot;,&quot;post&quot;:&quot;{\&quot;using\&quot;:\&quot;xpath\&quot;,\&quot;value\&quot;:\&quot;//tr[@style=&apos;display: table;&apos;]//input[contains(@id,&apos;address_FirstName&apos;)]\&quot;}&quot;,&quot;url&quot;:&quot;/element&quot;,&quot;urlParsed&quot;:{&quot;anchor&quot;:&quot;&quot;,&quot;query&quot;:&quot;&quot;,&quot;file&quot;:&quot;element&quot;,&quot;directory&quot;:&quot;/&quot;,&quot;path&quot;:&quot;/element&quot;,&quot;relative&quot;:&quot;/element&quot;,&quot;port&quot;:&quot;&quot;,&quot;host&quot;:&quot;&quot;,&quot;password&quot;:&quot;&quot;,&quot;user&quot;:&quot;&quot;,&quot;userInfo&quot;:&quot;&quot;,&quot;authority&quot;:&quot;&quot;,&quot;protocol&quot;:&quot;&quot;,&quot;source&quot;:&quot;/element&quot;,&quot;queryKey&quot;:{},&quot;chunks&quot;:[&quot;element&quot;]},&quot;urlOriginal&quot;:&quot;/session/bd9fd850-2b10-11e7-b2eb-55f28e006e4f/element&quot;}}<br/>
For documentation on this error, please visit: http://seleniumhq.org/exceptions/no_such_element.html<br/>
Build info: version: &apos;2.53.1&apos;, revision: &apos;a36b8b1&apos;, time: &apos;2016-06-30 17:37:03&apos;<br/>
System info: host: &apos;Ebsi-LAT5540-32&apos;, ip: &apos;10.15.200.54&apos;, os.name: &apos;Windows 7&apos;, os.arch: &apos;amd64&apos;, os.version: &apos;6.1&apos;, java.version: &apos;1.8.0_121&apos;<br/>
Driver info: driver.version: unknown</a><br />
        <div class="stackTrace" id="exception-31">
                  </div>
          </div>
      </td>
</tr>
<tr>
  <td class="method">
                  <span class="description" title="verify getProfile on profile setting page">verifyGetProfileOnProfileSetting</span>
      </td>
  <td class="duration">
    0.778s
  </td>
  <td class="result">
        
    
        

        <a href="javascript:toggleElement('exception-32', 'block')" title="Click to expand/collapse"><b>org.openqa.selenium.NoSuchElementException: {&quot;errorMessage&quot;:&quot;Unable to find element with xpath &apos;(//div[contains(@class,&apos;flex&apos;)]//div)[1]&apos;&quot;,&quot;request&quot;:{&quot;headers&quot;:{&quot;Accept-Encoding&quot;:&quot;gzip,deflate&quot;,&quot;Connection&quot;:&quot;Keep-Alive&quot;,&quot;Content-Length&quot;:&quot;68&quot;,&quot;Content-Type&quot;:&quot;application/json; charset=utf-8&quot;,&quot;Host&quot;:&quot;localhost:10244&quot;,&quot;User-Agent&quot;:&quot;Apache-HttpClient/4.5.1 (Java/1.8.0_121)&quot;},&quot;httpVersion&quot;:&quot;1.1&quot;,&quot;method&quot;:&quot;POST&quot;,&quot;post&quot;:&quot;{\&quot;using\&quot;:\&quot;xpath\&quot;,\&quot;value\&quot;:\&quot;(//div[contains(@class,&apos;flex&apos;)]//div)[1]\&quot;}&quot;,&quot;url&quot;:&quot;/element&quot;,&quot;urlParsed&quot;:{&quot;anchor&quot;:&quot;&quot;,&quot;query&quot;:&quot;&quot;,&quot;file&quot;:&quot;element&quot;,&quot;directory&quot;:&quot;/&quot;,&quot;path&quot;:&quot;/element&quot;,&quot;relative&quot;:&quot;/element&quot;,&quot;port&quot;:&quot;&quot;,&quot;host&quot;:&quot;&quot;,&quot;password&quot;:&quot;&quot;,&quot;user&quot;:&quot;&quot;,&quot;userInfo&quot;:&quot;&quot;,&quot;authority&quot;:&quot;&quot;,&quot;protocol&quot;:&quot;&quot;,&quot;source&quot;:&quot;/element&quot;,&quot;queryKey&quot;:{},&quot;chunks&quot;:[&quot;element&quot;]},&quot;urlOriginal&quot;:&quot;/session/bd9fd850-2b10-11e7-b2eb-55f28e006e4f/element&quot;}}<br/>
Command duration or timeout: 772 milliseconds<br/>
For documentation on this error, please visit: http://seleniumhq.org/exceptions/no_such_element.html<br/>
Build info: version: &apos;2.53.1&apos;, revision: &apos;a36b8b1&apos;, time: &apos;2016-06-30 17:37:03&apos;<br/>
System info: host: &apos;Ebsi-LAT5540-32&apos;, ip: &apos;10.15.200.54&apos;, os.name: &apos;Windows 7&apos;, os.arch: &apos;amd64&apos;, os.version: &apos;6.1&apos;, java.version: &apos;1.8.0_121&apos;<br/>
Driver info: org.openqa.selenium.phantomjs.PhantomJSDriver<br/>
Capabilities [{applicationCacheEnabled=false, rotatable=false, handlesAlerts=false, databaseEnabled=false, version=2.1.1, platform=XP, browserConnectionEnabled=false, proxy={proxyType=direct}, nativeEvents=true, acceptSslCerts=false, driverVersion=1.2.0, locationContextEnabled=false, webStorageEnabled=false, browserName=phantomjs, takesScreenshot=true, driverName=ghostdriver, javascriptEnabled=true, cssSelectorsEnabled=true}]<br/>
Session ID: bd9fd850-2b10-11e7-b2eb-55f28e006e4f<br/>
*** Element info: {Using=xpath, value=(//div[contains(@class,&apos;flex&apos;)]//div)[1]}</b></a><br />
    <div class="stackTrace" id="exception-32">
              sun.reflect.GeneratedConstructorAccessor23.newInstance(Unknown Source)<br />
              sun.reflect.DelegatingConstructorAccessorImpl.newInstance(Unknown Source)<br />
              java.lang.reflect.Constructor.newInstance(Unknown Source)<br />
              org.openqa.selenium.remote.ErrorHandler.createThrowable(ErrorHandler.java:206)<br />
              org.openqa.selenium.remote.ErrorHandler.throwIfResponseFailed(ErrorHandler.java:158)<br />
              org.openqa.selenium.remote.RemoteWebDriver.execute(RemoteWebDriver.java:678)<br />
              org.openqa.selenium.remote.RemoteWebDriver.findElement(RemoteWebDriver.java:363)<br />
              org.openqa.selenium.remote.RemoteWebDriver.findElementByXPath(RemoteWebDriver.java:500)<br />
              org.openqa.selenium.By$ByXPath.findElement(By.java:361)<br />
              org.openqa.selenium.remote.RemoteWebDriver.findElement(RemoteWebDriver.java:355)<br />
              com.eperium.main.jumpstart.JumpStartTestSuite.verifyGetProfileOnProfileSetting(JumpStartTestSuite.java:1647)<br />
              sun.reflect.NativeMethodAccessorImpl.invoke0(Native Method)<br />
              sun.reflect.NativeMethodAccessorImpl.invoke(Unknown Source)<br />
              sun.reflect.DelegatingMethodAccessorImpl.invoke(Unknown Source)<br />
              java.lang.reflect.Method.invoke(Unknown Source)<br />
              org.testng.internal.MethodInvocationHelper.invokeMethod(MethodInvocationHelper.java:85)<br />
              org.testng.internal.Invoker.invokeMethod(Invoker.java:639)<br />
              org.testng.internal.Invoker.invokeTestMethod(Invoker.java:816)<br />
              org.testng.internal.Invoker.invokeTestMethods(Invoker.java:1124)<br />
              org.testng.internal.TestMethodWorker.invokeTestMethods(TestMethodWorker.java:125)<br />
              org.testng.internal.TestMethodWorker.run(TestMethodWorker.java:108)<br />
              org.testng.TestRunner.privateRun(TestRunner.java:774)<br />
              org.testng.TestRunner.run(TestRunner.java:624)<br />
              org.testng.SuiteRunner.runTest(SuiteRunner.java:359)<br />
              org.testng.SuiteRunner.runSequentially(SuiteRunner.java:354)<br />
              org.testng.SuiteRunner.privateRun(SuiteRunner.java:312)<br />
              org.testng.SuiteRunner.run(SuiteRunner.java:261)<br />
              org.testng.SuiteRunnerWorker.runSuite(SuiteRunnerWorker.java:52)<br />
              org.testng.SuiteRunnerWorker.run(SuiteRunnerWorker.java:86)<br />
              org.testng.TestNG.runSuitesSequentially(TestNG.java:1215)<br />
              org.testng.TestNG.runSuitesLocally(TestNG.java:1140)<br />
              org.testng.TestNG.run(TestNG.java:1048)<br />
              org.testng.TestNG.privateMain(TestNG.java:1355)<br />
              org.testng.TestNG.main(TestNG.java:1324)<br />
                    <b>Caused by: </b> <a href="javascript:toggleElement('exception-33', 'block')" title="Click to expand/collapse">org.openqa.selenium.remote.ScreenshotException: Screen shot has been taken<br/>
Build info: version: &apos;2.53.1&apos;, revision: &apos;a36b8b1&apos;, time: &apos;2016-06-30 17:37:03&apos;<br/>
System info: host: &apos;Ebsi-LAT5540-32&apos;, ip: &apos;10.15.200.54&apos;, os.name: &apos;Windows 7&apos;, os.arch: &apos;amd64&apos;, os.version: &apos;6.1&apos;, java.version: &apos;1.8.0_121&apos;<br/>
Driver info: driver.version: RemoteWebDriver</a><br />
        <div class="stackTrace" id="exception-33">
                      org.openqa.selenium.remote.ErrorHandler.throwIfResponseFailed(ErrorHandler.java:138)<br />
                      org.openqa.selenium.remote.RemoteWebDriver.execute(RemoteWebDriver.java:678)<br />
                      org.openqa.selenium.remote.RemoteWebDriver.findElement(RemoteWebDriver.java:363)<br />
                      org.openqa.selenium.remote.RemoteWebDriver.findElementByXPath(RemoteWebDriver.java:500)<br />
                      org.openqa.selenium.By$ByXPath.findElement(By.java:361)<br />
                      org.openqa.selenium.remote.RemoteWebDriver.findElement(RemoteWebDriver.java:355)<br />
                      com.eperium.main.jumpstart.JumpStartTestSuite.verifyGetProfileOnProfileSetting(JumpStartTestSuite.java:1647)<br />
                      sun.reflect.NativeMethodAccessorImpl.invoke0(Native Method)<br />
                      sun.reflect.NativeMethodAccessorImpl.invoke(Unknown Source)<br />
                      sun.reflect.DelegatingMethodAccessorImpl.invoke(Unknown Source)<br />
                      java.lang.reflect.Method.invoke(Unknown Source)<br />
                      org.testng.internal.MethodInvocationHelper.invokeMethod(MethodInvocationHelper.java:85)<br />
                      org.testng.internal.Invoker.invokeMethod(Invoker.java:639)<br />
                      org.testng.internal.Invoker.invokeTestMethod(Invoker.java:816)<br />
                      org.testng.internal.Invoker.invokeTestMethods(Invoker.java:1124)<br />
                      org.testng.internal.TestMethodWorker.invokeTestMethods(TestMethodWorker.java:125)<br />
                      org.testng.internal.TestMethodWorker.run(TestMethodWorker.java:108)<br />
                      org.testng.TestRunner.privateRun(TestRunner.java:774)<br />
                      org.testng.TestRunner.run(TestRunner.java:624)<br />
                      org.testng.SuiteRunner.runTest(SuiteRunner.java:359)<br />
                      org.testng.SuiteRunner.runSequentially(SuiteRunner.java:354)<br />
                      org.testng.SuiteRunner.privateRun(SuiteRunner.java:312)<br />
                      org.testng.SuiteRunner.run(SuiteRunner.java:261)<br />
                      org.testng.SuiteRunnerWorker.runSuite(SuiteRunnerWorker.java:52)<br />
                      org.testng.SuiteRunnerWorker.run(SuiteRunnerWorker.java:86)<br />
                      org.testng.TestNG.runSuitesSequentially(TestNG.java:1215)<br />
                      org.testng.TestNG.runSuitesLocally(TestNG.java:1140)<br />
                      org.testng.TestNG.run(TestNG.java:1048)<br />
                      org.testng.TestNG.privateMain(TestNG.java:1355)<br />
                      org.testng.TestNG.main(TestNG.java:1324)<br />
                  </div>
              <b>Caused by: </b> <a href="javascript:toggleElement('exception-34', 'block')" title="Click to expand/collapse">org.openqa.selenium.NoSuchElementException: {&quot;errorMessage&quot;:&quot;Unable to find element with xpath &apos;(//div[contains(@class,&apos;flex&apos;)]//div)[1]&apos;&quot;,&quot;request&quot;:{&quot;headers&quot;:{&quot;Accept-Encoding&quot;:&quot;gzip,deflate&quot;,&quot;Connection&quot;:&quot;Keep-Alive&quot;,&quot;Content-Length&quot;:&quot;68&quot;,&quot;Content-Type&quot;:&quot;application/json; charset=utf-8&quot;,&quot;Host&quot;:&quot;localhost:10244&quot;,&quot;User-Agent&quot;:&quot;Apache-HttpClient/4.5.1 (Java/1.8.0_121)&quot;},&quot;httpVersion&quot;:&quot;1.1&quot;,&quot;method&quot;:&quot;POST&quot;,&quot;post&quot;:&quot;{\&quot;using\&quot;:\&quot;xpath\&quot;,\&quot;value\&quot;:\&quot;(//div[contains(@class,&apos;flex&apos;)]//div)[1]\&quot;}&quot;,&quot;url&quot;:&quot;/element&quot;,&quot;urlParsed&quot;:{&quot;anchor&quot;:&quot;&quot;,&quot;query&quot;:&quot;&quot;,&quot;file&quot;:&quot;element&quot;,&quot;directory&quot;:&quot;/&quot;,&quot;path&quot;:&quot;/element&quot;,&quot;relative&quot;:&quot;/element&quot;,&quot;port&quot;:&quot;&quot;,&quot;host&quot;:&quot;&quot;,&quot;password&quot;:&quot;&quot;,&quot;user&quot;:&quot;&quot;,&quot;userInfo&quot;:&quot;&quot;,&quot;authority&quot;:&quot;&quot;,&quot;protocol&quot;:&quot;&quot;,&quot;source&quot;:&quot;/element&quot;,&quot;queryKey&quot;:{},&quot;chunks&quot;:[&quot;element&quot;]},&quot;urlOriginal&quot;:&quot;/session/bd9fd850-2b10-11e7-b2eb-55f28e006e4f/element&quot;}}<br/>
For documentation on this error, please visit: http://seleniumhq.org/exceptions/no_such_element.html<br/>
Build info: version: &apos;2.53.1&apos;, revision: &apos;a36b8b1&apos;, time: &apos;2016-06-30 17:37:03&apos;<br/>
System info: host: &apos;Ebsi-LAT5540-32&apos;, ip: &apos;10.15.200.54&apos;, os.name: &apos;Windows 7&apos;, os.arch: &apos;amd64&apos;, os.version: &apos;6.1&apos;, java.version: &apos;1.8.0_121&apos;<br/>
Driver info: driver.version: unknown</a><br />
        <div class="stackTrace" id="exception-34">
                  </div>
          </div>
      </td>
</tr>
<tr>
  <td class="method">
                  <span class="description" title="verify getProfile on saved address page">verifyGetProfileOnSavedAddress</span>
      </td>
  <td class="duration">
    0.499s
  </td>
  <td class="result">
        
    
        

        <a href="javascript:toggleElement('exception-35', 'block')" title="Click to expand/collapse"><b>org.openqa.selenium.NoSuchElementException: {&quot;errorMessage&quot;:&quot;Unable to find element with xpath &apos;(//div[@class=&apos;ish-address&apos;])&apos;&quot;,&quot;request&quot;:{&quot;headers&quot;:{&quot;Accept-Encoding&quot;:&quot;gzip,deflate&quot;,&quot;Connection&quot;:&quot;Keep-Alive&quot;,&quot;Content-Length&quot;:&quot;57&quot;,&quot;Content-Type&quot;:&quot;application/json; charset=utf-8&quot;,&quot;Host&quot;:&quot;localhost:10244&quot;,&quot;User-Agent&quot;:&quot;Apache-HttpClient/4.5.1 (Java/1.8.0_121)&quot;},&quot;httpVersion&quot;:&quot;1.1&quot;,&quot;method&quot;:&quot;POST&quot;,&quot;post&quot;:&quot;{\&quot;using\&quot;:\&quot;xpath\&quot;,\&quot;value\&quot;:\&quot;(//div[@class=&apos;ish-address&apos;])\&quot;}&quot;,&quot;url&quot;:&quot;/element&quot;,&quot;urlParsed&quot;:{&quot;anchor&quot;:&quot;&quot;,&quot;query&quot;:&quot;&quot;,&quot;file&quot;:&quot;element&quot;,&quot;directory&quot;:&quot;/&quot;,&quot;path&quot;:&quot;/element&quot;,&quot;relative&quot;:&quot;/element&quot;,&quot;port&quot;:&quot;&quot;,&quot;host&quot;:&quot;&quot;,&quot;password&quot;:&quot;&quot;,&quot;user&quot;:&quot;&quot;,&quot;userInfo&quot;:&quot;&quot;,&quot;authority&quot;:&quot;&quot;,&quot;protocol&quot;:&quot;&quot;,&quot;source&quot;:&quot;/element&quot;,&quot;queryKey&quot;:{},&quot;chunks&quot;:[&quot;element&quot;]},&quot;urlOriginal&quot;:&quot;/session/bd9fd850-2b10-11e7-b2eb-55f28e006e4f/element&quot;}}<br/>
Command duration or timeout: 495 milliseconds<br/>
For documentation on this error, please visit: http://seleniumhq.org/exceptions/no_such_element.html<br/>
Build info: version: &apos;2.53.1&apos;, revision: &apos;a36b8b1&apos;, time: &apos;2016-06-30 17:37:03&apos;<br/>
System info: host: &apos;Ebsi-LAT5540-32&apos;, ip: &apos;10.15.200.54&apos;, os.name: &apos;Windows 7&apos;, os.arch: &apos;amd64&apos;, os.version: &apos;6.1&apos;, java.version: &apos;1.8.0_121&apos;<br/>
Driver info: org.openqa.selenium.phantomjs.PhantomJSDriver<br/>
Capabilities [{applicationCacheEnabled=false, rotatable=false, handlesAlerts=false, databaseEnabled=false, version=2.1.1, platform=XP, browserConnectionEnabled=false, proxy={proxyType=direct}, nativeEvents=true, acceptSslCerts=false, driverVersion=1.2.0, locationContextEnabled=false, webStorageEnabled=false, browserName=phantomjs, takesScreenshot=true, driverName=ghostdriver, javascriptEnabled=true, cssSelectorsEnabled=true}]<br/>
Session ID: bd9fd850-2b10-11e7-b2eb-55f28e006e4f<br/>
*** Element info: {Using=xpath, value=(//div[@class=&apos;ish-address&apos;])}</b></a><br />
    <div class="stackTrace" id="exception-35">
              sun.reflect.GeneratedConstructorAccessor23.newInstance(Unknown Source)<br />
              sun.reflect.DelegatingConstructorAccessorImpl.newInstance(Unknown Source)<br />
              java.lang.reflect.Constructor.newInstance(Unknown Source)<br />
              org.openqa.selenium.remote.ErrorHandler.createThrowable(ErrorHandler.java:206)<br />
              org.openqa.selenium.remote.ErrorHandler.throwIfResponseFailed(ErrorHandler.java:158)<br />
              org.openqa.selenium.remote.RemoteWebDriver.execute(RemoteWebDriver.java:678)<br />
              org.openqa.selenium.remote.RemoteWebDriver.findElement(RemoteWebDriver.java:363)<br />
              org.openqa.selenium.remote.RemoteWebDriver.findElementByXPath(RemoteWebDriver.java:500)<br />
              org.openqa.selenium.By$ByXPath.findElement(By.java:361)<br />
              org.openqa.selenium.remote.RemoteWebDriver.findElement(RemoteWebDriver.java:355)<br />
              com.eperium.main.jumpstart.JumpStartTestSuite.verifyGetProfileOnSavedAddress(JumpStartTestSuite.java:1628)<br />
              sun.reflect.NativeMethodAccessorImpl.invoke0(Native Method)<br />
              sun.reflect.NativeMethodAccessorImpl.invoke(Unknown Source)<br />
              sun.reflect.DelegatingMethodAccessorImpl.invoke(Unknown Source)<br />
              java.lang.reflect.Method.invoke(Unknown Source)<br />
              org.testng.internal.MethodInvocationHelper.invokeMethod(MethodInvocationHelper.java:85)<br />
              org.testng.internal.Invoker.invokeMethod(Invoker.java:639)<br />
              org.testng.internal.Invoker.invokeTestMethod(Invoker.java:816)<br />
              org.testng.internal.Invoker.invokeTestMethods(Invoker.java:1124)<br />
              org.testng.internal.TestMethodWorker.invokeTestMethods(TestMethodWorker.java:125)<br />
              org.testng.internal.TestMethodWorker.run(TestMethodWorker.java:108)<br />
              org.testng.TestRunner.privateRun(TestRunner.java:774)<br />
              org.testng.TestRunner.run(TestRunner.java:624)<br />
              org.testng.SuiteRunner.runTest(SuiteRunner.java:359)<br />
              org.testng.SuiteRunner.runSequentially(SuiteRunner.java:354)<br />
              org.testng.SuiteRunner.privateRun(SuiteRunner.java:312)<br />
              org.testng.SuiteRunner.run(SuiteRunner.java:261)<br />
              org.testng.SuiteRunnerWorker.runSuite(SuiteRunnerWorker.java:52)<br />
              org.testng.SuiteRunnerWorker.run(SuiteRunnerWorker.java:86)<br />
              org.testng.TestNG.runSuitesSequentially(TestNG.java:1215)<br />
              org.testng.TestNG.runSuitesLocally(TestNG.java:1140)<br />
              org.testng.TestNG.run(TestNG.java:1048)<br />
              org.testng.TestNG.privateMain(TestNG.java:1355)<br />
              org.testng.TestNG.main(TestNG.java:1324)<br />
                    <b>Caused by: </b> <a href="javascript:toggleElement('exception-36', 'block')" title="Click to expand/collapse">org.openqa.selenium.remote.ScreenshotException: Screen shot has been taken<br/>
Build info: version: &apos;2.53.1&apos;, revision: &apos;a36b8b1&apos;, time: &apos;2016-06-30 17:37:03&apos;<br/>
System info: host: &apos;Ebsi-LAT5540-32&apos;, ip: &apos;10.15.200.54&apos;, os.name: &apos;Windows 7&apos;, os.arch: &apos;amd64&apos;, os.version: &apos;6.1&apos;, java.version: &apos;1.8.0_121&apos;<br/>
Driver info: driver.version: RemoteWebDriver</a><br />
        <div class="stackTrace" id="exception-36">
                      org.openqa.selenium.remote.ErrorHandler.throwIfResponseFailed(ErrorHandler.java:138)<br />
                      org.openqa.selenium.remote.RemoteWebDriver.execute(RemoteWebDriver.java:678)<br />
                      org.openqa.selenium.remote.RemoteWebDriver.findElement(RemoteWebDriver.java:363)<br />
                      org.openqa.selenium.remote.RemoteWebDriver.findElementByXPath(RemoteWebDriver.java:500)<br />
                      org.openqa.selenium.By$ByXPath.findElement(By.java:361)<br />
                      org.openqa.selenium.remote.RemoteWebDriver.findElement(RemoteWebDriver.java:355)<br />
                      com.eperium.main.jumpstart.JumpStartTestSuite.verifyGetProfileOnSavedAddress(JumpStartTestSuite.java:1628)<br />
                      sun.reflect.NativeMethodAccessorImpl.invoke0(Native Method)<br />
                      sun.reflect.NativeMethodAccessorImpl.invoke(Unknown Source)<br />
                      sun.reflect.DelegatingMethodAccessorImpl.invoke(Unknown Source)<br />
                      java.lang.reflect.Method.invoke(Unknown Source)<br />
                      org.testng.internal.MethodInvocationHelper.invokeMethod(MethodInvocationHelper.java:85)<br />
                      org.testng.internal.Invoker.invokeMethod(Invoker.java:639)<br />
                      org.testng.internal.Invoker.invokeTestMethod(Invoker.java:816)<br />
                      org.testng.internal.Invoker.invokeTestMethods(Invoker.java:1124)<br />
                      org.testng.internal.TestMethodWorker.invokeTestMethods(TestMethodWorker.java:125)<br />
                      org.testng.internal.TestMethodWorker.run(TestMethodWorker.java:108)<br />
                      org.testng.TestRunner.privateRun(TestRunner.java:774)<br />
                      org.testng.TestRunner.run(TestRunner.java:624)<br />
                      org.testng.SuiteRunner.runTest(SuiteRunner.java:359)<br />
                      org.testng.SuiteRunner.runSequentially(SuiteRunner.java:354)<br />
                      org.testng.SuiteRunner.privateRun(SuiteRunner.java:312)<br />
                      org.testng.SuiteRunner.run(SuiteRunner.java:261)<br />
                      org.testng.SuiteRunnerWorker.runSuite(SuiteRunnerWorker.java:52)<br />
                      org.testng.SuiteRunnerWorker.run(SuiteRunnerWorker.java:86)<br />
                      org.testng.TestNG.runSuitesSequentially(TestNG.java:1215)<br />
                      org.testng.TestNG.runSuitesLocally(TestNG.java:1140)<br />
                      org.testng.TestNG.run(TestNG.java:1048)<br />
                      org.testng.TestNG.privateMain(TestNG.java:1355)<br />
                      org.testng.TestNG.main(TestNG.java:1324)<br />
                  </div>
              <b>Caused by: </b> <a href="javascript:toggleElement('exception-37', 'block')" title="Click to expand/collapse">org.openqa.selenium.NoSuchElementException: {&quot;errorMessage&quot;:&quot;Unable to find element with xpath &apos;(//div[@class=&apos;ish-address&apos;])&apos;&quot;,&quot;request&quot;:{&quot;headers&quot;:{&quot;Accept-Encoding&quot;:&quot;gzip,deflate&quot;,&quot;Connection&quot;:&quot;Keep-Alive&quot;,&quot;Content-Length&quot;:&quot;57&quot;,&quot;Content-Type&quot;:&quot;application/json; charset=utf-8&quot;,&quot;Host&quot;:&quot;localhost:10244&quot;,&quot;User-Agent&quot;:&quot;Apache-HttpClient/4.5.1 (Java/1.8.0_121)&quot;},&quot;httpVersion&quot;:&quot;1.1&quot;,&quot;method&quot;:&quot;POST&quot;,&quot;post&quot;:&quot;{\&quot;using\&quot;:\&quot;xpath\&quot;,\&quot;value\&quot;:\&quot;(//div[@class=&apos;ish-address&apos;])\&quot;}&quot;,&quot;url&quot;:&quot;/element&quot;,&quot;urlParsed&quot;:{&quot;anchor&quot;:&quot;&quot;,&quot;query&quot;:&quot;&quot;,&quot;file&quot;:&quot;element&quot;,&quot;directory&quot;:&quot;/&quot;,&quot;path&quot;:&quot;/element&quot;,&quot;relative&quot;:&quot;/element&quot;,&quot;port&quot;:&quot;&quot;,&quot;host&quot;:&quot;&quot;,&quot;password&quot;:&quot;&quot;,&quot;user&quot;:&quot;&quot;,&quot;userInfo&quot;:&quot;&quot;,&quot;authority&quot;:&quot;&quot;,&quot;protocol&quot;:&quot;&quot;,&quot;source&quot;:&quot;/element&quot;,&quot;queryKey&quot;:{},&quot;chunks&quot;:[&quot;element&quot;]},&quot;urlOriginal&quot;:&quot;/session/bd9fd850-2b10-11e7-b2eb-55f28e006e4f/element&quot;}}<br/>
For documentation on this error, please visit: http://seleniumhq.org/exceptions/no_such_element.html<br/>
Build info: version: &apos;2.53.1&apos;, revision: &apos;a36b8b1&apos;, time: &apos;2016-06-30 17:37:03&apos;<br/>
System info: host: &apos;Ebsi-LAT5540-32&apos;, ip: &apos;10.15.200.54&apos;, os.name: &apos;Windows 7&apos;, os.arch: &apos;amd64&apos;, os.version: &apos;6.1&apos;, java.version: &apos;1.8.0_121&apos;<br/>
Driver info: driver.version: unknown</a><br />
        <div class="stackTrace" id="exception-37">
                  </div>
          </div>
      </td>
</tr>
      </table>


  <table class="resultsTable">
    <tr><th colspan="3" class="header passed">Passed Tests</th></tr>
          <tr>
        <td colspan="3" class="group">com.eperium.main.jumpstart.JumpStartTestSuite</td>
      </tr>
            
<tr>
  <td class="method">
                  <span class="description" title="Navigate to PDP page">navigateToPDP</span>
      </td>
  <td class="duration">
    12.028s
  </td>
  <td class="result">
        
    
        

      </td>
</tr>
      </table>
  
</body>
</html>
