<?xml version="1.0" encoding="UTF-8"?>
<!-- Generated by org.testng.reporters.JUnitXMLReporter -->
<testsuite hostname="Ebsi-LAT5540-32" name="Checkout_RegisteredUser_AddNewAddress" tests="22" failures="21" timestamp="27 Apr 2017 06:18:56 GMT" time="113.96" errors="0">
  <testcase name="launchHomePage" time="7.57" classname="com.eperium.main.jumpstart.JumpStartTestSuite">
    <failure type="java.lang.NoSuchMethodError" message="org.openqa.selenium.support.ui.WebDriverWait.until(Ljava/util/function/Function;)Ljava/lang/Object;">
      <![CDATA[java.lang.NoSuchMethodError: org.openqa.selenium.support.ui.WebDriverWait.until(Ljava/util/function/Function;)Ljava/lang/Object;
	at com.eperium.main.jumpstart.JumpStartTestSuite.launchHomePage(JumpStartTestSuite.java:185)
	at sun.reflect.NativeMethodAccessorImpl.invoke0(Native Method)
	at sun.reflect.NativeMethodAccessorImpl.invoke(Unknown Source)
	at sun.reflect.DelegatingMethodAccessorImpl.invoke(Unknown Source)
	at java.lang.reflect.Method.invoke(Unknown Source)
	at org.testng.internal.MethodInvocationHelper.invokeMethod(MethodInvocationHelper.java:85)
	at org.testng.internal.Invoker.invokeMethod(Invoker.java:639)
	at org.testng.internal.Invoker.invokeTestMethod(Invoker.java:816)
	at org.testng.internal.Invoker.invokeTestMethods(Invoker.java:1124)
	at org.testng.internal.TestMethodWorker.invokeTestMethods(TestMethodWorker.java:125)
	at org.testng.internal.TestMethodWorker.run(TestMethodWorker.java:108)
	at org.testng.TestRunner.privateRun(TestRunner.java:774)
	at org.testng.TestRunner.run(TestRunner.java:624)
	at org.testng.SuiteRunner.runTest(SuiteRunner.java:359)
	at org.testng.SuiteRunner.runSequentially(SuiteRunner.java:354)
	at org.testng.SuiteRunner.privateRun(SuiteRunner.java:312)
	at org.testng.SuiteRunner.run(SuiteRunner.java:261)
	at org.testng.SuiteRunnerWorker.runSuite(SuiteRunnerWorker.java:52)
	at org.testng.SuiteRunnerWorker.run(SuiteRunnerWorker.java:86)
	at org.testng.TestNG.runSuitesSequentially(TestNG.java:1215)
	at org.testng.TestNG.runSuitesLocally(TestNG.java:1140)
	at org.testng.TestNG.run(TestNG.java:1048)
	at org.testng.TestNG.privateMain(TestNG.java:1355)
	at org.testng.TestNG.main(TestNG.java:1324)
]]>
    </failure>
  </testcase> <!-- launchHomePage -->
  <testcase name="navigateToRegistrationPage" time="0.005" classname="com.eperium.main.jumpstart.JumpStartTestSuite">
    <failure type="java.lang.NoSuchMethodError" message="org.openqa.selenium.support.ui.WebDriverWait.until(Ljava/util/function/Function;)Ljava/lang/Object;">
      <![CDATA[java.lang.NoSuchMethodError: org.openqa.selenium.support.ui.WebDriverWait.until(Ljava/util/function/Function;)Ljava/lang/Object;
	at com.eperium.main.jumpstart.JumpStartTestSuite.navigateToRegistrationPage(JumpStartTestSuite.java:242)
	at sun.reflect.NativeMethodAccessorImpl.invoke0(Native Method)
	at sun.reflect.NativeMethodAccessorImpl.invoke(Unknown Source)
	at sun.reflect.DelegatingMethodAccessorImpl.invoke(Unknown Source)
	at java.lang.reflect.Method.invoke(Unknown Source)
	at org.testng.internal.MethodInvocationHelper.invokeMethod(MethodInvocationHelper.java:85)
	at org.testng.internal.Invoker.invokeMethod(Invoker.java:639)
	at org.testng.internal.Invoker.invokeTestMethod(Invoker.java:816)
	at org.testng.internal.Invoker.invokeTestMethods(Invoker.java:1124)
	at org.testng.internal.TestMethodWorker.invokeTestMethods(TestMethodWorker.java:125)
	at org.testng.internal.TestMethodWorker.run(TestMethodWorker.java:108)
	at org.testng.TestRunner.privateRun(TestRunner.java:774)
	at org.testng.TestRunner.run(TestRunner.java:624)
	at org.testng.SuiteRunner.runTest(SuiteRunner.java:359)
	at org.testng.SuiteRunner.runSequentially(SuiteRunner.java:354)
	at org.testng.SuiteRunner.privateRun(SuiteRunner.java:312)
	at org.testng.SuiteRunner.run(SuiteRunner.java:261)
	at org.testng.SuiteRunnerWorker.runSuite(SuiteRunnerWorker.java:52)
	at org.testng.SuiteRunnerWorker.run(SuiteRunnerWorker.java:86)
	at org.testng.TestNG.runSuitesSequentially(TestNG.java:1215)
	at org.testng.TestNG.runSuitesLocally(TestNG.java:1140)
	at org.testng.TestNG.run(TestNG.java:1048)
	at org.testng.TestNG.privateMain(TestNG.java:1355)
	at org.testng.TestNG.main(TestNG.java:1324)
]]>
    </failure>
  </testcase> <!-- navigateToRegistrationPage -->
  <testcase name="registrationValidCredentials" time="6.831" classname="com.eperium.main.jumpstart.JumpStartTestSuite">
    <failure type="org.openqa.selenium.NoSuchElementException" message="{&amp;quot;errorMessage&amp;quot;:&amp;quot;Unable to find element with xpath &amp;apos;//input[@id=&amp;apos;RegisterUserFullEmail_Login&amp;apos;]&amp;apos;&amp;quot;,&amp;quot;request&amp;quot;:{&amp;quot;headers&amp;quot;:{&amp;quot;Accept-Encoding&amp;quot;:&amp;quot;gzip,deflate&amp;quot;,&amp;quot;Connection&amp;quot;:&amp;quot;Keep-Alive&amp;quot;,&amp;quot;Content-Length&amp;quot;:&amp;quot;70&amp;quot;,&amp;quot;Content-Type&amp;quot;:&amp;quot;application/json; charset=utf-8&amp;quot;,&amp;quot;Host&amp;quot;:&amp;quot;localhost:10157&amp;quot;,&amp;quot;User-Agent&amp;quot;:&amp;quot;Apache-HttpClient/4.5.1 (Java/1.8.0_121)&amp;quot;},&amp;quot;httpVersion&amp;quot;:&amp;quot;1.1&amp;quot;,&amp;quot;method&amp;quot;:&amp;quot;POST&amp;quot;,&amp;quot;post&amp;quot;:&amp;quot;{\&amp;quot;using\&amp;quot;:\&amp;quot;xpath\&amp;quot;,\&amp;quot;value\&amp;quot;:\&amp;quot;//input[@id=&amp;apos;RegisterUserFullEmail_Login&amp;apos;]\&amp;quot;}&amp;quot;,&amp;quot;url&amp;quot;:&amp;quot;/element&amp;quot;,&amp;quot;urlParsed&amp;quot;:{&amp;quot;anchor&amp;quot;:&amp;quot;&amp;quot;,&amp;quot;query&amp;quot;:&amp;quot;&amp;quot;,&amp;quot;file&amp;quot;:&amp;quot;element&amp;quot;,&amp;quot;directory&amp;quot;:&amp;quot;/&amp;quot;,&amp;quot;path&amp;quot;:&amp;quot;/element&amp;quot;,&amp;quot;relative&amp;quot;:&amp;quot;/element&amp;quot;,&amp;quot;port&amp;quot;:&amp;quot;&amp;quot;,&amp;quot;host&amp;quot;:&amp;quot;&amp;quot;,&amp;quot;password&amp;quot;:&amp;quot;&amp;quot;,&amp;quot;user&amp;quot;:&amp;quot;&amp;quot;,&amp;quot;userInfo&amp;quot;:&amp;quot;&amp;quot;,&amp;quot;authority&amp;quot;:&amp;quot;&amp;quot;,&amp;quot;protocol&amp;quot;:&amp;quot;&amp;quot;,&amp;quot;source&amp;quot;:&amp;quot;/element&amp;quot;,&amp;quot;queryKey&amp;quot;:{},&amp;quot;chunks&amp;quot;:[&amp;quot;element&amp;quot;]},&amp;quot;urlOriginal&amp;quot;:&amp;quot;/session/21f1c2a0-2b11-11e7-b16b-dbd88351a76f/element&amp;quot;}}
Command duration or timeout: 1.56 seconds
For documentation on this error, please visit: http://seleniumhq.org/exceptions/no_such_element.html
Build info: version: &amp;apos;2.53.1&amp;apos;, revision: &amp;apos;a36b8b1&amp;apos;, time: &amp;apos;2016-06-30 17:37:03&amp;apos;
System info: host: &amp;apos;Ebsi-LAT5540-32&amp;apos;, ip: &amp;apos;10.15.200.54&amp;apos;, os.name: &amp;apos;Windows 7&amp;apos;, os.arch: &amp;apos;amd64&amp;apos;, os.version: &amp;apos;6.1&amp;apos;, java.version: &amp;apos;1.8.0_121&amp;apos;
Driver info: org.openqa.selenium.phantomjs.PhantomJSDriver
Capabilities [{applicationCacheEnabled=false, rotatable=false, handlesAlerts=false, databaseEnabled=false, version=2.1.1, platform=XP, browserConnectionEnabled=false, proxy={proxyType=direct}, nativeEvents=true, acceptSslCerts=false, driverVersion=1.2.0, locationContextEnabled=false, webStorageEnabled=false, browserName=phantomjs, takesScreenshot=true, driverName=ghostdriver, javascriptEnabled=true, cssSelectorsEnabled=true}]
Session ID: 21f1c2a0-2b11-11e7-b16b-dbd88351a76f
*** Element info: {Using=xpath, value=//input[@id=&amp;apos;RegisterUserFullEmail_Login&amp;apos;]}">
      <![CDATA[org.openqa.selenium.NoSuchElementException: {"errorMessage":"Unable to find element with xpath '//input[@id='RegisterUserFullEmail_Login']'","request":{"headers":{"Accept-Encoding":"gzip,deflate","Connection":"Keep-Alive","Content-Length":"70","Content-Type":"application/json; charset=utf-8","Host":"localhost:10157","User-Agent":"Apache-HttpClient/4.5.1 (Java/1.8.0_121)"},"httpVersion":"1.1","method":"POST","post":"{\"using\":\"xpath\",\"value\":\"//input[@id='RegisterUserFullEmail_Login']\"}","url":"/element","urlParsed":{"anchor":"","query":"","file":"element","directory":"/","path":"/element","relative":"/element","port":"","host":"","password":"","user":"","userInfo":"","authority":"","protocol":"","source":"/element","queryKey":{},"chunks":["element"]},"urlOriginal":"/session/21f1c2a0-2b11-11e7-b16b-dbd88351a76f/element"}}
Command duration or timeout: 1.56 seconds
For documentation on this error, please visit: http://seleniumhq.org/exceptions/no_such_element.html
Build info: version: '2.53.1', revision: 'a36b8b1', time: '2016-06-30 17:37:03'
System info: host: 'Ebsi-LAT5540-32', ip: '10.15.200.54', os.name: 'Windows 7', os.arch: 'amd64', os.version: '6.1', java.version: '1.8.0_121'
Driver info: org.openqa.selenium.phantomjs.PhantomJSDriver
Capabilities [{applicationCacheEnabled=false, rotatable=false, handlesAlerts=false, databaseEnabled=false, version=2.1.1, platform=XP, browserConnectionEnabled=false, proxy={proxyType=direct}, nativeEvents=true, acceptSslCerts=false, driverVersion=1.2.0, locationContextEnabled=false, webStorageEnabled=false, browserName=phantomjs, takesScreenshot=true, driverName=ghostdriver, javascriptEnabled=true, cssSelectorsEnabled=true}]
Session ID: 21f1c2a0-2b11-11e7-b16b-dbd88351a76f
*** Element info: {Using=xpath, value=//input[@id='RegisterUserFullEmail_Login']}
	at sun.reflect.GeneratedConstructorAccessor23.newInstance(Unknown Source)
	at sun.reflect.DelegatingConstructorAccessorImpl.newInstance(Unknown Source)
	at java.lang.reflect.Constructor.newInstance(Unknown Source)
	at org.openqa.selenium.remote.ErrorHandler.createThrowable(ErrorHandler.java:206)
	at org.openqa.selenium.remote.ErrorHandler.throwIfResponseFailed(ErrorHandler.java:158)
	at org.openqa.selenium.remote.RemoteWebDriver.execute(RemoteWebDriver.java:678)
	at org.openqa.selenium.remote.RemoteWebDriver.findElement(RemoteWebDriver.java:363)
	at org.openqa.selenium.remote.RemoteWebDriver.findElementByXPath(RemoteWebDriver.java:500)
	at org.openqa.selenium.By$ByXPath.findElement(By.java:361)
	at org.openqa.selenium.remote.RemoteWebDriver.findElement(RemoteWebDriver.java:355)
	at com.eperium.main.jumpstart.JumpStartTestSuite.registrationValidCredentials(JumpStartTestSuite.java:291)
	at sun.reflect.NativeMethodAccessorImpl.invoke0(Native Method)
	at sun.reflect.NativeMethodAccessorImpl.invoke(Unknown Source)
	at sun.reflect.DelegatingMethodAccessorImpl.invoke(Unknown Source)
	at java.lang.reflect.Method.invoke(Unknown Source)
	at org.testng.internal.MethodInvocationHelper.invokeMethod(MethodInvocationHelper.java:85)
	at org.testng.internal.Invoker.invokeMethod(Invoker.java:639)
	at org.testng.internal.Invoker.invokeTestMethod(Invoker.java:816)
	at org.testng.internal.Invoker.invokeTestMethods(Invoker.java:1124)
	at org.testng.internal.TestMethodWorker.invokeTestMethods(TestMethodWorker.java:125)
	at org.testng.internal.TestMethodWorker.run(TestMethodWorker.java:108)
	at org.testng.TestRunner.privateRun(TestRunner.java:774)
	at org.testng.TestRunner.run(TestRunner.java:624)
	at org.testng.SuiteRunner.runTest(SuiteRunner.java:359)
	at org.testng.SuiteRunner.runSequentially(SuiteRunner.java:354)
	at org.testng.SuiteRunner.privateRun(SuiteRunner.java:312)
	at org.testng.SuiteRunner.run(SuiteRunner.java:261)
	at org.testng.SuiteRunnerWorker.runSuite(SuiteRunnerWorker.java:52)
	at org.testng.SuiteRunnerWorker.run(SuiteRunnerWorker.java:86)
	at org.testng.TestNG.runSuitesSequentially(TestNG.java:1215)
	at org.testng.TestNG.runSuitesLocally(TestNG.java:1140)
	at org.testng.TestNG.run(TestNG.java:1048)
	at org.testng.TestNG.privateMain(TestNG.java:1355)
	at org.testng.TestNG.main(TestNG.java:1324)
Caused by: org.openqa.selenium.remote.ScreenshotException: Screen shot has been taken
Build info: version: '2.53.1', revision: 'a36b8b1', time: '2016-06-30 17:37:03'
System info: host: 'Ebsi-LAT5540-32', ip: '10.15.200.54', os.name: 'Windows 7', os.arch: 'amd64', os.version: '6.1', java.version: '1.8.0_121'
Driver info: driver.version: RemoteWebDriver
	at org.openqa.selenium.remote.ErrorHandler.throwIfResponseFailed(ErrorHandler.java:138)
	... 29 more
Caused by: org.openqa.selenium.NoSuchElementException: {"errorMessage":"Unable to find element with xpath '//input[@id='RegisterUserFullEmail_Login']'","request":{"headers":{"Accept-Encoding":"gzip,deflate","Connection":"Keep-Alive","Content-Length":"70","Content-Type":"application/json; charset=utf-8","Host":"localhost:10157","User-Agent":"Apache-HttpClient/4.5.1 (Java/1.8.0_121)"},"httpVersion":"1.1","method":"POST","post":"{\"using\":\"xpath\",\"value\":\"//input[@id='RegisterUserFullEmail_Login']\"}","url":"/element","urlParsed":{"anchor":"","query":"","file":"element","directory":"/","path":"/element","relative":"/element","port":"","host":"","password":"","user":"","userInfo":"","authority":"","protocol":"","source":"/element","queryKey":{},"chunks":["element"]},"urlOriginal":"/session/21f1c2a0-2b11-11e7-b16b-dbd88351a76f/element"}}
For documentation on this error, please visit: http://seleniumhq.org/exceptions/no_such_element.html
Build info: version: '2.53.1', revision: 'a36b8b1', time: '2016-06-30 17:37:03'
System info: host: 'Ebsi-LAT5540-32', ip: '10.15.200.54', os.name: 'Windows 7', os.arch: 'amd64', os.version: '6.1', java.version: '1.8.0_121'
Driver info: driver.version: unknown
]]>
    </failure>
  </testcase> <!-- registrationValidCredentials -->
  <testcase name="clickCreateAccount" time="3.076" classname="com.eperium.main.jumpstart.JumpStartTestSuite">
    <failure type="org.openqa.selenium.NoSuchElementException" message="{&amp;quot;errorMessage&amp;quot;:&amp;quot;Unable to find element with xpath &amp;apos;//button[@name=&amp;apos;CreateAccount&amp;apos;]&amp;apos;&amp;quot;,&amp;quot;request&amp;quot;:{&amp;quot;headers&amp;quot;:{&amp;quot;Accept-Encoding&amp;quot;:&amp;quot;gzip,deflate&amp;quot;,&amp;quot;Connection&amp;quot;:&amp;quot;Keep-Alive&amp;quot;,&amp;quot;Content-Length&amp;quot;:&amp;quot;59&amp;quot;,&amp;quot;Content-Type&amp;quot;:&amp;quot;application/json; charset=utf-8&amp;quot;,&amp;quot;Host&amp;quot;:&amp;quot;localhost:10157&amp;quot;,&amp;quot;User-Agent&amp;quot;:&amp;quot;Apache-HttpClient/4.5.1 (Java/1.8.0_121)&amp;quot;},&amp;quot;httpVersion&amp;quot;:&amp;quot;1.1&amp;quot;,&amp;quot;method&amp;quot;:&amp;quot;POST&amp;quot;,&amp;quot;post&amp;quot;:&amp;quot;{\&amp;quot;using\&amp;quot;:\&amp;quot;xpath\&amp;quot;,\&amp;quot;value\&amp;quot;:\&amp;quot;//button[@name=&amp;apos;CreateAccount&amp;apos;]\&amp;quot;}&amp;quot;,&amp;quot;url&amp;quot;:&amp;quot;/element&amp;quot;,&amp;quot;urlParsed&amp;quot;:{&amp;quot;anchor&amp;quot;:&amp;quot;&amp;quot;,&amp;quot;query&amp;quot;:&amp;quot;&amp;quot;,&amp;quot;file&amp;quot;:&amp;quot;element&amp;quot;,&amp;quot;directory&amp;quot;:&amp;quot;/&amp;quot;,&amp;quot;path&amp;quot;:&amp;quot;/element&amp;quot;,&amp;quot;relative&amp;quot;:&amp;quot;/element&amp;quot;,&amp;quot;port&amp;quot;:&amp;quot;&amp;quot;,&amp;quot;host&amp;quot;:&amp;quot;&amp;quot;,&amp;quot;password&amp;quot;:&amp;quot;&amp;quot;,&amp;quot;user&amp;quot;:&amp;quot;&amp;quot;,&amp;quot;userInfo&amp;quot;:&amp;quot;&amp;quot;,&amp;quot;authority&amp;quot;:&amp;quot;&amp;quot;,&amp;quot;protocol&amp;quot;:&amp;quot;&amp;quot;,&amp;quot;source&amp;quot;:&amp;quot;/element&amp;quot;,&amp;quot;queryKey&amp;quot;:{},&amp;quot;chunks&amp;quot;:[&amp;quot;element&amp;quot;]},&amp;quot;urlOriginal&amp;quot;:&amp;quot;/session/21f1c2a0-2b11-11e7-b16b-dbd88351a76f/element&amp;quot;}}
Command duration or timeout: 3.07 seconds
For documentation on this error, please visit: http://seleniumhq.org/exceptions/no_such_element.html
Build info: version: &amp;apos;2.53.1&amp;apos;, revision: &amp;apos;a36b8b1&amp;apos;, time: &amp;apos;2016-06-30 17:37:03&amp;apos;
System info: host: &amp;apos;Ebsi-LAT5540-32&amp;apos;, ip: &amp;apos;10.15.200.54&amp;apos;, os.name: &amp;apos;Windows 7&amp;apos;, os.arch: &amp;apos;amd64&amp;apos;, os.version: &amp;apos;6.1&amp;apos;, java.version: &amp;apos;1.8.0_121&amp;apos;
Driver info: org.openqa.selenium.phantomjs.PhantomJSDriver
Capabilities [{applicationCacheEnabled=false, rotatable=false, handlesAlerts=false, databaseEnabled=false, version=2.1.1, platform=XP, browserConnectionEnabled=false, proxy={proxyType=direct}, nativeEvents=true, acceptSslCerts=false, driverVersion=1.2.0, locationContextEnabled=false, webStorageEnabled=false, browserName=phantomjs, takesScreenshot=true, driverName=ghostdriver, javascriptEnabled=true, cssSelectorsEnabled=true}]
Session ID: 21f1c2a0-2b11-11e7-b16b-dbd88351a76f
*** Element info: {Using=xpath, value=//button[@name=&amp;apos;CreateAccount&amp;apos;]}">
      <![CDATA[org.openqa.selenium.NoSuchElementException: {"errorMessage":"Unable to find element with xpath '//button[@name='CreateAccount']'","request":{"headers":{"Accept-Encoding":"gzip,deflate","Connection":"Keep-Alive","Content-Length":"59","Content-Type":"application/json; charset=utf-8","Host":"localhost:10157","User-Agent":"Apache-HttpClient/4.5.1 (Java/1.8.0_121)"},"httpVersion":"1.1","method":"POST","post":"{\"using\":\"xpath\",\"value\":\"//button[@name='CreateAccount']\"}","url":"/element","urlParsed":{"anchor":"","query":"","file":"element","directory":"/","path":"/element","relative":"/element","port":"","host":"","password":"","user":"","userInfo":"","authority":"","protocol":"","source":"/element","queryKey":{},"chunks":["element"]},"urlOriginal":"/session/21f1c2a0-2b11-11e7-b16b-dbd88351a76f/element"}}
Command duration or timeout: 3.07 seconds
For documentation on this error, please visit: http://seleniumhq.org/exceptions/no_such_element.html
Build info: version: '2.53.1', revision: 'a36b8b1', time: '2016-06-30 17:37:03'
System info: host: 'Ebsi-LAT5540-32', ip: '10.15.200.54', os.name: 'Windows 7', os.arch: 'amd64', os.version: '6.1', java.version: '1.8.0_121'
Driver info: org.openqa.selenium.phantomjs.PhantomJSDriver
Capabilities [{applicationCacheEnabled=false, rotatable=false, handlesAlerts=false, databaseEnabled=false, version=2.1.1, platform=XP, browserConnectionEnabled=false, proxy={proxyType=direct}, nativeEvents=true, acceptSslCerts=false, driverVersion=1.2.0, locationContextEnabled=false, webStorageEnabled=false, browserName=phantomjs, takesScreenshot=true, driverName=ghostdriver, javascriptEnabled=true, cssSelectorsEnabled=true}]
Session ID: 21f1c2a0-2b11-11e7-b16b-dbd88351a76f
*** Element info: {Using=xpath, value=//button[@name='CreateAccount']}
	at sun.reflect.GeneratedConstructorAccessor23.newInstance(Unknown Source)
	at sun.reflect.DelegatingConstructorAccessorImpl.newInstance(Unknown Source)
	at java.lang.reflect.Constructor.newInstance(Unknown Source)
	at org.openqa.selenium.remote.ErrorHandler.createThrowable(ErrorHandler.java:206)
	at org.openqa.selenium.remote.ErrorHandler.throwIfResponseFailed(ErrorHandler.java:158)
	at org.openqa.selenium.remote.RemoteWebDriver.execute(RemoteWebDriver.java:678)
	at org.openqa.selenium.remote.RemoteWebDriver.findElement(RemoteWebDriver.java:363)
	at org.openqa.selenium.remote.RemoteWebDriver.findElementByXPath(RemoteWebDriver.java:500)
	at org.openqa.selenium.By$ByXPath.findElement(By.java:361)
	at org.openqa.selenium.remote.RemoteWebDriver.findElement(RemoteWebDriver.java:355)
	at com.eperium.main.jumpstart.JumpStartTestSuite.clickCreateAccount(JumpStartTestSuite.java:497)
	at sun.reflect.NativeMethodAccessorImpl.invoke0(Native Method)
	at sun.reflect.NativeMethodAccessorImpl.invoke(Unknown Source)
	at sun.reflect.DelegatingMethodAccessorImpl.invoke(Unknown Source)
	at java.lang.reflect.Method.invoke(Unknown Source)
	at org.testng.internal.MethodInvocationHelper.invokeMethod(MethodInvocationHelper.java:85)
	at org.testng.internal.Invoker.invokeMethod(Invoker.java:639)
	at org.testng.internal.Invoker.invokeTestMethod(Invoker.java:816)
	at org.testng.internal.Invoker.invokeTestMethods(Invoker.java:1124)
	at org.testng.internal.TestMethodWorker.invokeTestMethods(TestMethodWorker.java:125)
	at org.testng.internal.TestMethodWorker.run(TestMethodWorker.java:108)
	at org.testng.TestRunner.privateRun(TestRunner.java:774)
	at org.testng.TestRunner.run(TestRunner.java:624)
	at org.testng.SuiteRunner.runTest(SuiteRunner.java:359)
	at org.testng.SuiteRunner.runSequentially(SuiteRunner.java:354)
	at org.testng.SuiteRunner.privateRun(SuiteRunner.java:312)
	at org.testng.SuiteRunner.run(SuiteRunner.java:261)
	at org.testng.SuiteRunnerWorker.runSuite(SuiteRunnerWorker.java:52)
	at org.testng.SuiteRunnerWorker.run(SuiteRunnerWorker.java:86)
	at org.testng.TestNG.runSuitesSequentially(TestNG.java:1215)
	at org.testng.TestNG.runSuitesLocally(TestNG.java:1140)
	at org.testng.TestNG.run(TestNG.java:1048)
	at org.testng.TestNG.privateMain(TestNG.java:1355)
	at org.testng.TestNG.main(TestNG.java:1324)
Caused by: org.openqa.selenium.remote.ScreenshotException: Screen shot has been taken
Build info: version: '2.53.1', revision: 'a36b8b1', time: '2016-06-30 17:37:03'
System info: host: 'Ebsi-LAT5540-32', ip: '10.15.200.54', os.name: 'Windows 7', os.arch: 'amd64', os.version: '6.1', java.version: '1.8.0_121'
Driver info: driver.version: RemoteWebDriver
	at org.openqa.selenium.remote.ErrorHandler.throwIfResponseFailed(ErrorHandler.java:138)
	... 29 more
Caused by: org.openqa.selenium.NoSuchElementException: {"errorMessage":"Unable to find element with xpath '//button[@name='CreateAccount']'","request":{"headers":{"Accept-Encoding":"gzip,deflate","Connection":"Keep-Alive","Content-Length":"59","Content-Type":"application/json; charset=utf-8","Host":"localhost:10157","User-Agent":"Apache-HttpClient/4.5.1 (Java/1.8.0_121)"},"httpVersion":"1.1","method":"POST","post":"{\"using\":\"xpath\",\"value\":\"//button[@name='CreateAccount']\"}","url":"/element","urlParsed":{"anchor":"","query":"","file":"element","directory":"/","path":"/element","relative":"/element","port":"","host":"","password":"","user":"","userInfo":"","authority":"","protocol":"","source":"/element","queryKey":{},"chunks":["element"]},"urlOriginal":"/session/21f1c2a0-2b11-11e7-b16b-dbd88351a76f/element"}}
For documentation on this error, please visit: http://seleniumhq.org/exceptions/no_such_element.html
Build info: version: '2.53.1', revision: 'a36b8b1', time: '2016-06-30 17:37:03'
System info: host: 'Ebsi-LAT5540-32', ip: '10.15.200.54', os.name: 'Windows 7', os.arch: 'amd64', os.version: '6.1', java.version: '1.8.0_121'
Driver info: driver.version: unknown
]]>
    </failure>
  </testcase> <!-- clickCreateAccount -->
  <testcase name="navigateToPDP" time="9.959" classname="com.eperium.main.jumpstart.JumpStartTestSuite"/>
  <testcase name="addToBasket" time="0.008" classname="com.eperium.main.jumpstart.JumpStartTestSuite">
    <failure type="java.lang.NoSuchMethodError" message="org.openqa.selenium.support.ui.WebDriverWait.until(Ljava/util/function/Function;)Ljava/lang/Object;">
      <![CDATA[java.lang.NoSuchMethodError: org.openqa.selenium.support.ui.WebDriverWait.until(Ljava/util/function/Function;)Ljava/lang/Object;
	at com.eperium.main.jumpstart.JumpStartTestSuite.addToBasket(JumpStartTestSuite.java:574)
	at sun.reflect.NativeMethodAccessorImpl.invoke0(Native Method)
	at sun.reflect.NativeMethodAccessorImpl.invoke(Unknown Source)
	at sun.reflect.DelegatingMethodAccessorImpl.invoke(Unknown Source)
	at java.lang.reflect.Method.invoke(Unknown Source)
	at org.testng.internal.MethodInvocationHelper.invokeMethod(MethodInvocationHelper.java:85)
	at org.testng.internal.Invoker.invokeMethod(Invoker.java:639)
	at org.testng.internal.Invoker.invokeTestMethod(Invoker.java:816)
	at org.testng.internal.Invoker.invokeTestMethods(Invoker.java:1124)
	at org.testng.internal.TestMethodWorker.invokeTestMethods(TestMethodWorker.java:125)
	at org.testng.internal.TestMethodWorker.run(TestMethodWorker.java:108)
	at org.testng.TestRunner.privateRun(TestRunner.java:774)
	at org.testng.TestRunner.run(TestRunner.java:624)
	at org.testng.SuiteRunner.runTest(SuiteRunner.java:359)
	at org.testng.SuiteRunner.runSequentially(SuiteRunner.java:354)
	at org.testng.SuiteRunner.privateRun(SuiteRunner.java:312)
	at org.testng.SuiteRunner.run(SuiteRunner.java:261)
	at org.testng.SuiteRunnerWorker.runSuite(SuiteRunnerWorker.java:52)
	at org.testng.SuiteRunnerWorker.run(SuiteRunnerWorker.java:86)
	at org.testng.TestNG.runSuitesSequentially(TestNG.java:1215)
	at org.testng.TestNG.runSuitesLocally(TestNG.java:1140)
	at org.testng.TestNG.run(TestNG.java:1048)
	at org.testng.TestNG.privateMain(TestNG.java:1355)
	at org.testng.TestNG.main(TestNG.java:1324)
]]>
    </failure>
  </testcase> <!-- addToBasket -->
  <testcase name="proceedToCheckout_LoggedIn" time="1.647" classname="com.eperium.main.jumpstart.JumpStartTestSuite">
    <failure type="org.openqa.selenium.NoSuchElementException" message="{&amp;quot;errorMessage&amp;quot;:&amp;quot;Unable to find element with xpath &amp;apos;//input[contains(@id,&amp;apos;quantity_&amp;apos;)]&amp;apos;&amp;quot;,&amp;quot;request&amp;quot;:{&amp;quot;headers&amp;quot;:{&amp;quot;Accept-Encoding&amp;quot;:&amp;quot;gzip,deflate&amp;quot;,&amp;quot;Connection&amp;quot;:&amp;quot;Keep-Alive&amp;quot;,&amp;quot;Content-Length&amp;quot;:&amp;quot;62&amp;quot;,&amp;quot;Content-Type&amp;quot;:&amp;quot;application/json; charset=utf-8&amp;quot;,&amp;quot;Host&amp;quot;:&amp;quot;localhost:10157&amp;quot;,&amp;quot;User-Agent&amp;quot;:&amp;quot;Apache-HttpClient/4.5.1 (Java/1.8.0_121)&amp;quot;},&amp;quot;httpVersion&amp;quot;:&amp;quot;1.1&amp;quot;,&amp;quot;method&amp;quot;:&amp;quot;POST&amp;quot;,&amp;quot;post&amp;quot;:&amp;quot;{\&amp;quot;using\&amp;quot;:\&amp;quot;xpath\&amp;quot;,\&amp;quot;value\&amp;quot;:\&amp;quot;//input[contains(@id,&amp;apos;quantity_&amp;apos;)]\&amp;quot;}&amp;quot;,&amp;quot;url&amp;quot;:&amp;quot;/element&amp;quot;,&amp;quot;urlParsed&amp;quot;:{&amp;quot;anchor&amp;quot;:&amp;quot;&amp;quot;,&amp;quot;query&amp;quot;:&amp;quot;&amp;quot;,&amp;quot;file&amp;quot;:&amp;quot;element&amp;quot;,&amp;quot;directory&amp;quot;:&amp;quot;/&amp;quot;,&amp;quot;path&amp;quot;:&amp;quot;/element&amp;quot;,&amp;quot;relative&amp;quot;:&amp;quot;/element&amp;quot;,&amp;quot;port&amp;quot;:&amp;quot;&amp;quot;,&amp;quot;host&amp;quot;:&amp;quot;&amp;quot;,&amp;quot;password&amp;quot;:&amp;quot;&amp;quot;,&amp;quot;user&amp;quot;:&amp;quot;&amp;quot;,&amp;quot;userInfo&amp;quot;:&amp;quot;&amp;quot;,&amp;quot;authority&amp;quot;:&amp;quot;&amp;quot;,&amp;quot;protocol&amp;quot;:&amp;quot;&amp;quot;,&amp;quot;source&amp;quot;:&amp;quot;/element&amp;quot;,&amp;quot;queryKey&amp;quot;:{},&amp;quot;chunks&amp;quot;:[&amp;quot;element&amp;quot;]},&amp;quot;urlOriginal&amp;quot;:&amp;quot;/session/21f1c2a0-2b11-11e7-b16b-dbd88351a76f/element&amp;quot;}}
Command duration or timeout: 1.64 seconds
For documentation on this error, please visit: http://seleniumhq.org/exceptions/no_such_element.html
Build info: version: &amp;apos;2.53.1&amp;apos;, revision: &amp;apos;a36b8b1&amp;apos;, time: &amp;apos;2016-06-30 17:37:03&amp;apos;
System info: host: &amp;apos;Ebsi-LAT5540-32&amp;apos;, ip: &amp;apos;10.15.200.54&amp;apos;, os.name: &amp;apos;Windows 7&amp;apos;, os.arch: &amp;apos;amd64&amp;apos;, os.version: &amp;apos;6.1&amp;apos;, java.version: &amp;apos;1.8.0_121&amp;apos;
Driver info: org.openqa.selenium.phantomjs.PhantomJSDriver
Capabilities [{applicationCacheEnabled=false, rotatable=false, handlesAlerts=false, databaseEnabled=false, version=2.1.1, platform=XP, browserConnectionEnabled=false, proxy={proxyType=direct}, nativeEvents=true, acceptSslCerts=false, driverVersion=1.2.0, locationContextEnabled=false, webStorageEnabled=false, browserName=phantomjs, takesScreenshot=true, driverName=ghostdriver, javascriptEnabled=true, cssSelectorsEnabled=true}]
Session ID: 21f1c2a0-2b11-11e7-b16b-dbd88351a76f
*** Element info: {Using=xpath, value=//input[contains(@id,&amp;apos;quantity_&amp;apos;)]}">
      <![CDATA[org.openqa.selenium.NoSuchElementException: {"errorMessage":"Unable to find element with xpath '//input[contains(@id,'quantity_')]'","request":{"headers":{"Accept-Encoding":"gzip,deflate","Connection":"Keep-Alive","Content-Length":"62","Content-Type":"application/json; charset=utf-8","Host":"localhost:10157","User-Agent":"Apache-HttpClient/4.5.1 (Java/1.8.0_121)"},"httpVersion":"1.1","method":"POST","post":"{\"using\":\"xpath\",\"value\":\"//input[contains(@id,'quantity_')]\"}","url":"/element","urlParsed":{"anchor":"","query":"","file":"element","directory":"/","path":"/element","relative":"/element","port":"","host":"","password":"","user":"","userInfo":"","authority":"","protocol":"","source":"/element","queryKey":{},"chunks":["element"]},"urlOriginal":"/session/21f1c2a0-2b11-11e7-b16b-dbd88351a76f/element"}}
Command duration or timeout: 1.64 seconds
For documentation on this error, please visit: http://seleniumhq.org/exceptions/no_such_element.html
Build info: version: '2.53.1', revision: 'a36b8b1', time: '2016-06-30 17:37:03'
System info: host: 'Ebsi-LAT5540-32', ip: '10.15.200.54', os.name: 'Windows 7', os.arch: 'amd64', os.version: '6.1', java.version: '1.8.0_121'
Driver info: org.openqa.selenium.phantomjs.PhantomJSDriver
Capabilities [{applicationCacheEnabled=false, rotatable=false, handlesAlerts=false, databaseEnabled=false, version=2.1.1, platform=XP, browserConnectionEnabled=false, proxy={proxyType=direct}, nativeEvents=true, acceptSslCerts=false, driverVersion=1.2.0, locationContextEnabled=false, webStorageEnabled=false, browserName=phantomjs, takesScreenshot=true, driverName=ghostdriver, javascriptEnabled=true, cssSelectorsEnabled=true}]
Session ID: 21f1c2a0-2b11-11e7-b16b-dbd88351a76f
*** Element info: {Using=xpath, value=//input[contains(@id,'quantity_')]}
	at sun.reflect.GeneratedConstructorAccessor23.newInstance(Unknown Source)
	at sun.reflect.DelegatingConstructorAccessorImpl.newInstance(Unknown Source)
	at java.lang.reflect.Constructor.newInstance(Unknown Source)
	at org.openqa.selenium.remote.ErrorHandler.createThrowable(ErrorHandler.java:206)
	at org.openqa.selenium.remote.ErrorHandler.throwIfResponseFailed(ErrorHandler.java:158)
	at org.openqa.selenium.remote.RemoteWebDriver.execute(RemoteWebDriver.java:678)
	at org.openqa.selenium.remote.RemoteWebDriver.findElement(RemoteWebDriver.java:363)
	at org.openqa.selenium.remote.RemoteWebDriver.findElementByXPath(RemoteWebDriver.java:500)
	at org.openqa.selenium.By$ByXPath.findElement(By.java:361)
	at org.openqa.selenium.remote.RemoteWebDriver.findElement(RemoteWebDriver.java:355)
	at com.eperium.main.jumpstart.JumpStartTestSuite.proceedToCheckout_LoggedIn(JumpStartTestSuite.java:625)
	at sun.reflect.NativeMethodAccessorImpl.invoke0(Native Method)
	at sun.reflect.NativeMethodAccessorImpl.invoke(Unknown Source)
	at sun.reflect.DelegatingMethodAccessorImpl.invoke(Unknown Source)
	at java.lang.reflect.Method.invoke(Unknown Source)
	at org.testng.internal.MethodInvocationHelper.invokeMethod(MethodInvocationHelper.java:85)
	at org.testng.internal.Invoker.invokeMethod(Invoker.java:639)
	at org.testng.internal.Invoker.invokeTestMethod(Invoker.java:816)
	at org.testng.internal.Invoker.invokeTestMethods(Invoker.java:1124)
	at org.testng.internal.TestMethodWorker.invokeTestMethods(TestMethodWorker.java:125)
	at org.testng.internal.TestMethodWorker.run(TestMethodWorker.java:108)
	at org.testng.TestRunner.privateRun(TestRunner.java:774)
	at org.testng.TestRunner.run(TestRunner.java:624)
	at org.testng.SuiteRunner.runTest(SuiteRunner.java:359)
	at org.testng.SuiteRunner.runSequentially(SuiteRunner.java:354)
	at org.testng.SuiteRunner.privateRun(SuiteRunner.java:312)
	at org.testng.SuiteRunner.run(SuiteRunner.java:261)
	at org.testng.SuiteRunnerWorker.runSuite(SuiteRunnerWorker.java:52)
	at org.testng.SuiteRunnerWorker.run(SuiteRunnerWorker.java:86)
	at org.testng.TestNG.runSuitesSequentially(TestNG.java:1215)
	at org.testng.TestNG.runSuitesLocally(TestNG.java:1140)
	at org.testng.TestNG.run(TestNG.java:1048)
	at org.testng.TestNG.privateMain(TestNG.java:1355)
	at org.testng.TestNG.main(TestNG.java:1324)
Caused by: org.openqa.selenium.remote.ScreenshotException: Screen shot has been taken
Build info: version: '2.53.1', revision: 'a36b8b1', time: '2016-06-30 17:37:03'
System info: host: 'Ebsi-LAT5540-32', ip: '10.15.200.54', os.name: 'Windows 7', os.arch: 'amd64', os.version: '6.1', java.version: '1.8.0_121'
Driver info: driver.version: RemoteWebDriver
	at org.openqa.selenium.remote.ErrorHandler.throwIfResponseFailed(ErrorHandler.java:138)
	... 29 more
Caused by: org.openqa.selenium.NoSuchElementException: {"errorMessage":"Unable to find element with xpath '//input[contains(@id,'quantity_')]'","request":{"headers":{"Accept-Encoding":"gzip,deflate","Connection":"Keep-Alive","Content-Length":"62","Content-Type":"application/json; charset=utf-8","Host":"localhost:10157","User-Agent":"Apache-HttpClient/4.5.1 (Java/1.8.0_121)"},"httpVersion":"1.1","method":"POST","post":"{\"using\":\"xpath\",\"value\":\"//input[contains(@id,'quantity_')]\"}","url":"/element","urlParsed":{"anchor":"","query":"","file":"element","directory":"/","path":"/element","relative":"/element","port":"","host":"","password":"","user":"","userInfo":"","authority":"","protocol":"","source":"/element","queryKey":{},"chunks":["element"]},"urlOriginal":"/session/21f1c2a0-2b11-11e7-b16b-dbd88351a76f/element"}}
For documentation on this error, please visit: http://seleniumhq.org/exceptions/no_such_element.html
Build info: version: '2.53.1', revision: 'a36b8b1', time: '2016-06-30 17:37:03'
System info: host: 'Ebsi-LAT5540-32', ip: '10.15.200.54', os.name: 'Windows 7', os.arch: 'amd64', os.version: '6.1', java.version: '1.8.0_121'
Driver info: driver.version: unknown
]]>
    </failure>
  </testcase> <!-- proceedToCheckout_LoggedIn -->
  <testcase name="clickAddNewShipAddressLink" time="1.164" classname="com.eperium.main.jumpstart.JumpStartTestSuite">
    <failure type="org.openqa.selenium.NoSuchElementException" message="{&amp;quot;errorMessage&amp;quot;:&amp;quot;Unable to find element with css selector &amp;apos;a[href*=&amp;apos;NewShippingAddress=true&amp;apos;]&amp;apos;&amp;quot;,&amp;quot;request&amp;quot;:{&amp;quot;headers&amp;quot;:{&amp;quot;Accept-Encoding&amp;quot;:&amp;quot;gzip,deflate&amp;quot;,&amp;quot;Connection&amp;quot;:&amp;quot;Keep-Alive&amp;quot;,&amp;quot;Content-Length&amp;quot;:&amp;quot;69&amp;quot;,&amp;quot;Content-Type&amp;quot;:&amp;quot;application/json; charset=utf-8&amp;quot;,&amp;quot;Host&amp;quot;:&amp;quot;localhost:10157&amp;quot;,&amp;quot;User-Agent&amp;quot;:&amp;quot;Apache-HttpClient/4.5.1 (Java/1.8.0_121)&amp;quot;},&amp;quot;httpVersion&amp;quot;:&amp;quot;1.1&amp;quot;,&amp;quot;method&amp;quot;:&amp;quot;POST&amp;quot;,&amp;quot;post&amp;quot;:&amp;quot;{\&amp;quot;using\&amp;quot;:\&amp;quot;css selector\&amp;quot;,\&amp;quot;value\&amp;quot;:\&amp;quot;a[href*=&amp;apos;NewShippingAddress=true&amp;apos;]\&amp;quot;}&amp;quot;,&amp;quot;url&amp;quot;:&amp;quot;/element&amp;quot;,&amp;quot;urlParsed&amp;quot;:{&amp;quot;anchor&amp;quot;:&amp;quot;&amp;quot;,&amp;quot;query&amp;quot;:&amp;quot;&amp;quot;,&amp;quot;file&amp;quot;:&amp;quot;element&amp;quot;,&amp;quot;directory&amp;quot;:&amp;quot;/&amp;quot;,&amp;quot;path&amp;quot;:&amp;quot;/element&amp;quot;,&amp;quot;relative&amp;quot;:&amp;quot;/element&amp;quot;,&amp;quot;port&amp;quot;:&amp;quot;&amp;quot;,&amp;quot;host&amp;quot;:&amp;quot;&amp;quot;,&amp;quot;password&amp;quot;:&amp;quot;&amp;quot;,&amp;quot;user&amp;quot;:&amp;quot;&amp;quot;,&amp;quot;userInfo&amp;quot;:&amp;quot;&amp;quot;,&amp;quot;authority&amp;quot;:&amp;quot;&amp;quot;,&amp;quot;protocol&amp;quot;:&amp;quot;&amp;quot;,&amp;quot;source&amp;quot;:&amp;quot;/element&amp;quot;,&amp;quot;queryKey&amp;quot;:{},&amp;quot;chunks&amp;quot;:[&amp;quot;element&amp;quot;]},&amp;quot;urlOriginal&amp;quot;:&amp;quot;/session/21f1c2a0-2b11-11e7-b16b-dbd88351a76f/element&amp;quot;}}
Command duration or timeout: 1.16 seconds
For documentation on this error, please visit: http://seleniumhq.org/exceptions/no_such_element.html
Build info: version: &amp;apos;2.53.1&amp;apos;, revision: &amp;apos;a36b8b1&amp;apos;, time: &amp;apos;2016-06-30 17:37:03&amp;apos;
System info: host: &amp;apos;Ebsi-LAT5540-32&amp;apos;, ip: &amp;apos;10.15.200.54&amp;apos;, os.name: &amp;apos;Windows 7&amp;apos;, os.arch: &amp;apos;amd64&amp;apos;, os.version: &amp;apos;6.1&amp;apos;, java.version: &amp;apos;1.8.0_121&amp;apos;
Driver info: org.openqa.selenium.phantomjs.PhantomJSDriver
Capabilities [{applicationCacheEnabled=false, rotatable=false, handlesAlerts=false, databaseEnabled=false, version=2.1.1, platform=XP, browserConnectionEnabled=false, proxy={proxyType=direct}, nativeEvents=true, acceptSslCerts=false, driverVersion=1.2.0, locationContextEnabled=false, webStorageEnabled=false, browserName=phantomjs, takesScreenshot=true, driverName=ghostdriver, javascriptEnabled=true, cssSelectorsEnabled=true}]
Session ID: 21f1c2a0-2b11-11e7-b16b-dbd88351a76f
*** Element info: {Using=css selector, value=a[href*=&amp;apos;NewShippingAddress=true&amp;apos;]}">
      <![CDATA[org.openqa.selenium.NoSuchElementException: {"errorMessage":"Unable to find element with css selector 'a[href*='NewShippingAddress=true']'","request":{"headers":{"Accept-Encoding":"gzip,deflate","Connection":"Keep-Alive","Content-Length":"69","Content-Type":"application/json; charset=utf-8","Host":"localhost:10157","User-Agent":"Apache-HttpClient/4.5.1 (Java/1.8.0_121)"},"httpVersion":"1.1","method":"POST","post":"{\"using\":\"css selector\",\"value\":\"a[href*='NewShippingAddress=true']\"}","url":"/element","urlParsed":{"anchor":"","query":"","file":"element","directory":"/","path":"/element","relative":"/element","port":"","host":"","password":"","user":"","userInfo":"","authority":"","protocol":"","source":"/element","queryKey":{},"chunks":["element"]},"urlOriginal":"/session/21f1c2a0-2b11-11e7-b16b-dbd88351a76f/element"}}
Command duration or timeout: 1.16 seconds
For documentation on this error, please visit: http://seleniumhq.org/exceptions/no_such_element.html
Build info: version: '2.53.1', revision: 'a36b8b1', time: '2016-06-30 17:37:03'
System info: host: 'Ebsi-LAT5540-32', ip: '10.15.200.54', os.name: 'Windows 7', os.arch: 'amd64', os.version: '6.1', java.version: '1.8.0_121'
Driver info: org.openqa.selenium.phantomjs.PhantomJSDriver
Capabilities [{applicationCacheEnabled=false, rotatable=false, handlesAlerts=false, databaseEnabled=false, version=2.1.1, platform=XP, browserConnectionEnabled=false, proxy={proxyType=direct}, nativeEvents=true, acceptSslCerts=false, driverVersion=1.2.0, locationContextEnabled=false, webStorageEnabled=false, browserName=phantomjs, takesScreenshot=true, driverName=ghostdriver, javascriptEnabled=true, cssSelectorsEnabled=true}]
Session ID: 21f1c2a0-2b11-11e7-b16b-dbd88351a76f
*** Element info: {Using=css selector, value=a[href*='NewShippingAddress=true']}
	at sun.reflect.GeneratedConstructorAccessor23.newInstance(Unknown Source)
	at sun.reflect.DelegatingConstructorAccessorImpl.newInstance(Unknown Source)
	at java.lang.reflect.Constructor.newInstance(Unknown Source)
	at org.openqa.selenium.remote.ErrorHandler.createThrowable(ErrorHandler.java:206)
	at org.openqa.selenium.remote.ErrorHandler.throwIfResponseFailed(ErrorHandler.java:158)
	at org.openqa.selenium.remote.RemoteWebDriver.execute(RemoteWebDriver.java:678)
	at org.openqa.selenium.remote.RemoteWebDriver.findElement(RemoteWebDriver.java:363)
	at org.openqa.selenium.remote.RemoteWebDriver.findElementByCssSelector(RemoteWebDriver.java:492)
	at org.openqa.selenium.By$ByCssSelector.findElement(By.java:430)
	at org.openqa.selenium.remote.RemoteWebDriver.findElement(RemoteWebDriver.java:355)
	at com.eperium.main.jumpstart.JumpStartTestSuite.clickAddNewShipAddressLink(JumpStartTestSuite.java:1412)
	at sun.reflect.NativeMethodAccessorImpl.invoke0(Native Method)
	at sun.reflect.NativeMethodAccessorImpl.invoke(Unknown Source)
	at sun.reflect.DelegatingMethodAccessorImpl.invoke(Unknown Source)
	at java.lang.reflect.Method.invoke(Unknown Source)
	at org.testng.internal.MethodInvocationHelper.invokeMethod(MethodInvocationHelper.java:85)
	at org.testng.internal.Invoker.invokeMethod(Invoker.java:639)
	at org.testng.internal.Invoker.invokeTestMethod(Invoker.java:816)
	at org.testng.internal.Invoker.invokeTestMethods(Invoker.java:1124)
	at org.testng.internal.TestMethodWorker.invokeTestMethods(TestMethodWorker.java:125)
	at org.testng.internal.TestMethodWorker.run(TestMethodWorker.java:108)
	at org.testng.TestRunner.privateRun(TestRunner.java:774)
	at org.testng.TestRunner.run(TestRunner.java:624)
	at org.testng.SuiteRunner.runTest(SuiteRunner.java:359)
	at org.testng.SuiteRunner.runSequentially(SuiteRunner.java:354)
	at org.testng.SuiteRunner.privateRun(SuiteRunner.java:312)
	at org.testng.SuiteRunner.run(SuiteRunner.java:261)
	at org.testng.SuiteRunnerWorker.runSuite(SuiteRunnerWorker.java:52)
	at org.testng.SuiteRunnerWorker.run(SuiteRunnerWorker.java:86)
	at org.testng.TestNG.runSuitesSequentially(TestNG.java:1215)
	at org.testng.TestNG.runSuitesLocally(TestNG.java:1140)
	at org.testng.TestNG.run(TestNG.java:1048)
	at org.testng.TestNG.privateMain(TestNG.java:1355)
	at org.testng.TestNG.main(TestNG.java:1324)
Caused by: org.openqa.selenium.remote.ScreenshotException: Screen shot has been taken
Build info: version: '2.53.1', revision: 'a36b8b1', time: '2016-06-30 17:37:03'
System info: host: 'Ebsi-LAT5540-32', ip: '10.15.200.54', os.name: 'Windows 7', os.arch: 'amd64', os.version: '6.1', java.version: '1.8.0_121'
Driver info: driver.version: RemoteWebDriver
	at org.openqa.selenium.remote.ErrorHandler.throwIfResponseFailed(ErrorHandler.java:138)
	... 29 more
Caused by: org.openqa.selenium.NoSuchElementException: {"errorMessage":"Unable to find element with css selector 'a[href*='NewShippingAddress=true']'","request":{"headers":{"Accept-Encoding":"gzip,deflate","Connection":"Keep-Alive","Content-Length":"69","Content-Type":"application/json; charset=utf-8","Host":"localhost:10157","User-Agent":"Apache-HttpClient/4.5.1 (Java/1.8.0_121)"},"httpVersion":"1.1","method":"POST","post":"{\"using\":\"css selector\",\"value\":\"a[href*='NewShippingAddress=true']\"}","url":"/element","urlParsed":{"anchor":"","query":"","file":"element","directory":"/","path":"/element","relative":"/element","port":"","host":"","password":"","user":"","userInfo":"","authority":"","protocol":"","source":"/element","queryKey":{},"chunks":["element"]},"urlOriginal":"/session/21f1c2a0-2b11-11e7-b16b-dbd88351a76f/element"}}
For documentation on this error, please visit: http://seleniumhq.org/exceptions/no_such_element.html
Build info: version: '2.53.1', revision: 'a36b8b1', time: '2016-06-30 17:37:03'
System info: host: 'Ebsi-LAT5540-32', ip: '10.15.200.54', os.name: 'Windows 7', os.arch: 'amd64', os.version: '6.1', java.version: '1.8.0_121'
Driver info: driver.version: unknown
]]>
    </failure>
  </testcase> <!-- clickAddNewShipAddressLink -->
  <testcase name="fillInAddressFormDuringCheckout" time="8.37" classname="com.eperium.main.jumpstart.JumpStartTestSuite">
    <failure type="org.openqa.selenium.NoSuchElementException" message="{&amp;quot;errorMessage&amp;quot;:&amp;quot;Unable to find element with xpath &amp;apos;//tr[@style=&amp;apos;display: table;&amp;apos;]//input[contains(@id,&amp;apos;address_PhoneHome&amp;apos;)]&amp;apos;&amp;quot;,&amp;quot;request&amp;quot;:{&amp;quot;headers&amp;quot;:{&amp;quot;Accept-Encoding&amp;quot;:&amp;quot;gzip,deflate&amp;quot;,&amp;quot;Connection&amp;quot;:&amp;quot;Keep-Alive&amp;quot;,&amp;quot;Content-Length&amp;quot;:&amp;quot;100&amp;quot;,&amp;quot;Content-Type&amp;quot;:&amp;quot;application/json; charset=utf-8&amp;quot;,&amp;quot;Host&amp;quot;:&amp;quot;localhost:10157&amp;quot;,&amp;quot;User-Agent&amp;quot;:&amp;quot;Apache-HttpClient/4.5.1 (Java/1.8.0_121)&amp;quot;},&amp;quot;httpVersion&amp;quot;:&amp;quot;1.1&amp;quot;,&amp;quot;method&amp;quot;:&amp;quot;POST&amp;quot;,&amp;quot;post&amp;quot;:&amp;quot;{\&amp;quot;using\&amp;quot;:\&amp;quot;xpath\&amp;quot;,\&amp;quot;value\&amp;quot;:\&amp;quot;//tr[@style=&amp;apos;display: table;&amp;apos;]//input[contains(@id,&amp;apos;address_PhoneHome&amp;apos;)]\&amp;quot;}&amp;quot;,&amp;quot;url&amp;quot;:&amp;quot;/element&amp;quot;,&amp;quot;urlParsed&amp;quot;:{&amp;quot;anchor&amp;quot;:&amp;quot;&amp;quot;,&amp;quot;query&amp;quot;:&amp;quot;&amp;quot;,&amp;quot;file&amp;quot;:&amp;quot;element&amp;quot;,&amp;quot;directory&amp;quot;:&amp;quot;/&amp;quot;,&amp;quot;path&amp;quot;:&amp;quot;/element&amp;quot;,&amp;quot;relative&amp;quot;:&amp;quot;/element&amp;quot;,&amp;quot;port&amp;quot;:&amp;quot;&amp;quot;,&amp;quot;host&amp;quot;:&amp;quot;&amp;quot;,&amp;quot;password&amp;quot;:&amp;quot;&amp;quot;,&amp;quot;user&amp;quot;:&amp;quot;&amp;quot;,&amp;quot;userInfo&amp;quot;:&amp;quot;&amp;quot;,&amp;quot;authority&amp;quot;:&amp;quot;&amp;quot;,&amp;quot;protocol&amp;quot;:&amp;quot;&amp;quot;,&amp;quot;source&amp;quot;:&amp;quot;/element&amp;quot;,&amp;quot;queryKey&amp;quot;:{},&amp;quot;chunks&amp;quot;:[&amp;quot;element&amp;quot;]},&amp;quot;urlOriginal&amp;quot;:&amp;quot;/session/21f1c2a0-2b11-11e7-b16b-dbd88351a76f/element&amp;quot;}}
Command duration or timeout: 2.52 seconds
For documentation on this error, please visit: http://seleniumhq.org/exceptions/no_such_element.html
Build info: version: &amp;apos;2.53.1&amp;apos;, revision: &amp;apos;a36b8b1&amp;apos;, time: &amp;apos;2016-06-30 17:37:03&amp;apos;
System info: host: &amp;apos;Ebsi-LAT5540-32&amp;apos;, ip: &amp;apos;10.15.200.54&amp;apos;, os.name: &amp;apos;Windows 7&amp;apos;, os.arch: &amp;apos;amd64&amp;apos;, os.version: &amp;apos;6.1&amp;apos;, java.version: &amp;apos;1.8.0_121&amp;apos;
Driver info: org.openqa.selenium.phantomjs.PhantomJSDriver
Capabilities [{applicationCacheEnabled=false, rotatable=false, handlesAlerts=false, databaseEnabled=false, version=2.1.1, platform=XP, browserConnectionEnabled=false, proxy={proxyType=direct}, nativeEvents=true, acceptSslCerts=false, driverVersion=1.2.0, locationContextEnabled=false, webStorageEnabled=false, browserName=phantomjs, takesScreenshot=true, driverName=ghostdriver, javascriptEnabled=true, cssSelectorsEnabled=true}]
Session ID: 21f1c2a0-2b11-11e7-b16b-dbd88351a76f
*** Element info: {Using=xpath, value=//tr[@style=&amp;apos;display: table;&amp;apos;]//input[contains(@id,&amp;apos;address_PhoneHome&amp;apos;)]}">
      <![CDATA[org.openqa.selenium.NoSuchElementException: {"errorMessage":"Unable to find element with xpath '//tr[@style='display: table;']//input[contains(@id,'address_PhoneHome')]'","request":{"headers":{"Accept-Encoding":"gzip,deflate","Connection":"Keep-Alive","Content-Length":"100","Content-Type":"application/json; charset=utf-8","Host":"localhost:10157","User-Agent":"Apache-HttpClient/4.5.1 (Java/1.8.0_121)"},"httpVersion":"1.1","method":"POST","post":"{\"using\":\"xpath\",\"value\":\"//tr[@style='display: table;']//input[contains(@id,'address_PhoneHome')]\"}","url":"/element","urlParsed":{"anchor":"","query":"","file":"element","directory":"/","path":"/element","relative":"/element","port":"","host":"","password":"","user":"","userInfo":"","authority":"","protocol":"","source":"/element","queryKey":{},"chunks":["element"]},"urlOriginal":"/session/21f1c2a0-2b11-11e7-b16b-dbd88351a76f/element"}}
Command duration or timeout: 2.52 seconds
For documentation on this error, please visit: http://seleniumhq.org/exceptions/no_such_element.html
Build info: version: '2.53.1', revision: 'a36b8b1', time: '2016-06-30 17:37:03'
System info: host: 'Ebsi-LAT5540-32', ip: '10.15.200.54', os.name: 'Windows 7', os.arch: 'amd64', os.version: '6.1', java.version: '1.8.0_121'
Driver info: org.openqa.selenium.phantomjs.PhantomJSDriver
Capabilities [{applicationCacheEnabled=false, rotatable=false, handlesAlerts=false, databaseEnabled=false, version=2.1.1, platform=XP, browserConnectionEnabled=false, proxy={proxyType=direct}, nativeEvents=true, acceptSslCerts=false, driverVersion=1.2.0, locationContextEnabled=false, webStorageEnabled=false, browserName=phantomjs, takesScreenshot=true, driverName=ghostdriver, javascriptEnabled=true, cssSelectorsEnabled=true}]
Session ID: 21f1c2a0-2b11-11e7-b16b-dbd88351a76f
*** Element info: {Using=xpath, value=//tr[@style='display: table;']//input[contains(@id,'address_PhoneHome')]}
	at sun.reflect.GeneratedConstructorAccessor23.newInstance(Unknown Source)
	at sun.reflect.DelegatingConstructorAccessorImpl.newInstance(Unknown Source)
	at java.lang.reflect.Constructor.newInstance(Unknown Source)
	at org.openqa.selenium.remote.ErrorHandler.createThrowable(ErrorHandler.java:206)
	at org.openqa.selenium.remote.ErrorHandler.throwIfResponseFailed(ErrorHandler.java:158)
	at org.openqa.selenium.remote.RemoteWebDriver.execute(RemoteWebDriver.java:678)
	at org.openqa.selenium.remote.RemoteWebDriver.findElement(RemoteWebDriver.java:363)
	at org.openqa.selenium.remote.RemoteWebDriver.findElementByXPath(RemoteWebDriver.java:500)
	at org.openqa.selenium.By$ByXPath.findElement(By.java:361)
	at org.openqa.selenium.remote.RemoteWebDriver.findElement(RemoteWebDriver.java:355)
	at com.eperium.main.jumpstart.JumpStartTestSuite.fillInAddressFormDuringCheckout(JumpStartTestSuite.java:1436)
	at sun.reflect.NativeMethodAccessorImpl.invoke0(Native Method)
	at sun.reflect.NativeMethodAccessorImpl.invoke(Unknown Source)
	at sun.reflect.DelegatingMethodAccessorImpl.invoke(Unknown Source)
	at java.lang.reflect.Method.invoke(Unknown Source)
	at org.testng.internal.MethodInvocationHelper.invokeMethod(MethodInvocationHelper.java:85)
	at org.testng.internal.Invoker.invokeMethod(Invoker.java:639)
	at org.testng.internal.Invoker.invokeTestMethod(Invoker.java:816)
	at org.testng.internal.Invoker.invokeTestMethods(Invoker.java:1124)
	at org.testng.internal.TestMethodWorker.invokeTestMethods(TestMethodWorker.java:125)
	at org.testng.internal.TestMethodWorker.run(TestMethodWorker.java:108)
	at org.testng.TestRunner.privateRun(TestRunner.java:774)
	at org.testng.TestRunner.run(TestRunner.java:624)
	at org.testng.SuiteRunner.runTest(SuiteRunner.java:359)
	at org.testng.SuiteRunner.runSequentially(SuiteRunner.java:354)
	at org.testng.SuiteRunner.privateRun(SuiteRunner.java:312)
	at org.testng.SuiteRunner.run(SuiteRunner.java:261)
	at org.testng.SuiteRunnerWorker.runSuite(SuiteRunnerWorker.java:52)
	at org.testng.SuiteRunnerWorker.run(SuiteRunnerWorker.java:86)
	at org.testng.TestNG.runSuitesSequentially(TestNG.java:1215)
	at org.testng.TestNG.runSuitesLocally(TestNG.java:1140)
	at org.testng.TestNG.run(TestNG.java:1048)
	at org.testng.TestNG.privateMain(TestNG.java:1355)
	at org.testng.TestNG.main(TestNG.java:1324)
Caused by: org.openqa.selenium.remote.ScreenshotException: Screen shot has been taken
Build info: version: '2.53.1', revision: 'a36b8b1', time: '2016-06-30 17:37:03'
System info: host: 'Ebsi-LAT5540-32', ip: '10.15.200.54', os.name: 'Windows 7', os.arch: 'amd64', os.version: '6.1', java.version: '1.8.0_121'
Driver info: driver.version: RemoteWebDriver
	at org.openqa.selenium.remote.ErrorHandler.throwIfResponseFailed(ErrorHandler.java:138)
	... 29 more
Caused by: org.openqa.selenium.NoSuchElementException: {"errorMessage":"Unable to find element with xpath '//tr[@style='display: table;']//input[contains(@id,'address_PhoneHome')]'","request":{"headers":{"Accept-Encoding":"gzip,deflate","Connection":"Keep-Alive","Content-Length":"100","Content-Type":"application/json; charset=utf-8","Host":"localhost:10157","User-Agent":"Apache-HttpClient/4.5.1 (Java/1.8.0_121)"},"httpVersion":"1.1","method":"POST","post":"{\"using\":\"xpath\",\"value\":\"//tr[@style='display: table;']//input[contains(@id,'address_PhoneHome')]\"}","url":"/element","urlParsed":{"anchor":"","query":"","file":"element","directory":"/","path":"/element","relative":"/element","port":"","host":"","password":"","user":"","userInfo":"","authority":"","protocol":"","source":"/element","queryKey":{},"chunks":["element"]},"urlOriginal":"/session/21f1c2a0-2b11-11e7-b16b-dbd88351a76f/element"}}
For documentation on this error, please visit: http://seleniumhq.org/exceptions/no_such_element.html
Build info: version: '2.53.1', revision: 'a36b8b1', time: '2016-06-30 17:37:03'
System info: host: 'Ebsi-LAT5540-32', ip: '10.15.200.54', os.name: 'Windows 7', os.arch: 'amd64', os.version: '6.1', java.version: '1.8.0_121'
Driver info: driver.version: unknown
]]>
    </failure>
  </testcase> <!-- fillInAddressFormDuringCheckout -->
  <testcase name="updateAddressOnAddressPage" time="1.475" classname="com.eperium.main.jumpstart.JumpStartTestSuite">
    <failure type="org.openqa.selenium.NoSuchElementException" message="{&amp;quot;errorMessage&amp;quot;:&amp;quot;Unable to find element with xpath &amp;apos;//tr[@style=&amp;apos;display: table;&amp;apos;]//input[contains(@id,&amp;apos;address_FirstName&amp;apos;)]&amp;apos;&amp;quot;,&amp;quot;request&amp;quot;:{&amp;quot;headers&amp;quot;:{&amp;quot;Accept-Encoding&amp;quot;:&amp;quot;gzip,deflate&amp;quot;,&amp;quot;Connection&amp;quot;:&amp;quot;Keep-Alive&amp;quot;,&amp;quot;Content-Length&amp;quot;:&amp;quot;100&amp;quot;,&amp;quot;Content-Type&amp;quot;:&amp;quot;application/json; charset=utf-8&amp;quot;,&amp;quot;Host&amp;quot;:&amp;quot;localhost:10157&amp;quot;,&amp;quot;User-Agent&amp;quot;:&amp;quot;Apache-HttpClient/4.5.1 (Java/1.8.0_121)&amp;quot;},&amp;quot;httpVersion&amp;quot;:&amp;quot;1.1&amp;quot;,&amp;quot;method&amp;quot;:&amp;quot;POST&amp;quot;,&amp;quot;post&amp;quot;:&amp;quot;{\&amp;quot;using\&amp;quot;:\&amp;quot;xpath\&amp;quot;,\&amp;quot;value\&amp;quot;:\&amp;quot;//tr[@style=&amp;apos;display: table;&amp;apos;]//input[contains(@id,&amp;apos;address_FirstName&amp;apos;)]\&amp;quot;}&amp;quot;,&amp;quot;url&amp;quot;:&amp;quot;/element&amp;quot;,&amp;quot;urlParsed&amp;quot;:{&amp;quot;anchor&amp;quot;:&amp;quot;&amp;quot;,&amp;quot;query&amp;quot;:&amp;quot;&amp;quot;,&amp;quot;file&amp;quot;:&amp;quot;element&amp;quot;,&amp;quot;directory&amp;quot;:&amp;quot;/&amp;quot;,&amp;quot;path&amp;quot;:&amp;quot;/element&amp;quot;,&amp;quot;relative&amp;quot;:&amp;quot;/element&amp;quot;,&amp;quot;port&amp;quot;:&amp;quot;&amp;quot;,&amp;quot;host&amp;quot;:&amp;quot;&amp;quot;,&amp;quot;password&amp;quot;:&amp;quot;&amp;quot;,&amp;quot;user&amp;quot;:&amp;quot;&amp;quot;,&amp;quot;userInfo&amp;quot;:&amp;quot;&amp;quot;,&amp;quot;authority&amp;quot;:&amp;quot;&amp;quot;,&amp;quot;protocol&amp;quot;:&amp;quot;&amp;quot;,&amp;quot;source&amp;quot;:&amp;quot;/element&amp;quot;,&amp;quot;queryKey&amp;quot;:{},&amp;quot;chunks&amp;quot;:[&amp;quot;element&amp;quot;]},&amp;quot;urlOriginal&amp;quot;:&amp;quot;/session/21f1c2a0-2b11-11e7-b16b-dbd88351a76f/element&amp;quot;}}
Command duration or timeout: 1.47 seconds
For documentation on this error, please visit: http://seleniumhq.org/exceptions/no_such_element.html
Build info: version: &amp;apos;2.53.1&amp;apos;, revision: &amp;apos;a36b8b1&amp;apos;, time: &amp;apos;2016-06-30 17:37:03&amp;apos;
System info: host: &amp;apos;Ebsi-LAT5540-32&amp;apos;, ip: &amp;apos;10.15.200.54&amp;apos;, os.name: &amp;apos;Windows 7&amp;apos;, os.arch: &amp;apos;amd64&amp;apos;, os.version: &amp;apos;6.1&amp;apos;, java.version: &amp;apos;1.8.0_121&amp;apos;
Driver info: org.openqa.selenium.phantomjs.PhantomJSDriver
Capabilities [{applicationCacheEnabled=false, rotatable=false, handlesAlerts=false, databaseEnabled=false, version=2.1.1, platform=XP, browserConnectionEnabled=false, proxy={proxyType=direct}, nativeEvents=true, acceptSslCerts=false, driverVersion=1.2.0, locationContextEnabled=false, webStorageEnabled=false, browserName=phantomjs, takesScreenshot=true, driverName=ghostdriver, javascriptEnabled=true, cssSelectorsEnabled=true}]
Session ID: 21f1c2a0-2b11-11e7-b16b-dbd88351a76f
*** Element info: {Using=xpath, value=//tr[@style=&amp;apos;display: table;&amp;apos;]//input[contains(@id,&amp;apos;address_FirstName&amp;apos;)]}">
      <![CDATA[org.openqa.selenium.NoSuchElementException: {"errorMessage":"Unable to find element with xpath '//tr[@style='display: table;']//input[contains(@id,'address_FirstName')]'","request":{"headers":{"Accept-Encoding":"gzip,deflate","Connection":"Keep-Alive","Content-Length":"100","Content-Type":"application/json; charset=utf-8","Host":"localhost:10157","User-Agent":"Apache-HttpClient/4.5.1 (Java/1.8.0_121)"},"httpVersion":"1.1","method":"POST","post":"{\"using\":\"xpath\",\"value\":\"//tr[@style='display: table;']//input[contains(@id,'address_FirstName')]\"}","url":"/element","urlParsed":{"anchor":"","query":"","file":"element","directory":"/","path":"/element","relative":"/element","port":"","host":"","password":"","user":"","userInfo":"","authority":"","protocol":"","source":"/element","queryKey":{},"chunks":["element"]},"urlOriginal":"/session/21f1c2a0-2b11-11e7-b16b-dbd88351a76f/element"}}
Command duration or timeout: 1.47 seconds
For documentation on this error, please visit: http://seleniumhq.org/exceptions/no_such_element.html
Build info: version: '2.53.1', revision: 'a36b8b1', time: '2016-06-30 17:37:03'
System info: host: 'Ebsi-LAT5540-32', ip: '10.15.200.54', os.name: 'Windows 7', os.arch: 'amd64', os.version: '6.1', java.version: '1.8.0_121'
Driver info: org.openqa.selenium.phantomjs.PhantomJSDriver
Capabilities [{applicationCacheEnabled=false, rotatable=false, handlesAlerts=false, databaseEnabled=false, version=2.1.1, platform=XP, browserConnectionEnabled=false, proxy={proxyType=direct}, nativeEvents=true, acceptSslCerts=false, driverVersion=1.2.0, locationContextEnabled=false, webStorageEnabled=false, browserName=phantomjs, takesScreenshot=true, driverName=ghostdriver, javascriptEnabled=true, cssSelectorsEnabled=true}]
Session ID: 21f1c2a0-2b11-11e7-b16b-dbd88351a76f
*** Element info: {Using=xpath, value=//tr[@style='display: table;']//input[contains(@id,'address_FirstName')]}
	at sun.reflect.GeneratedConstructorAccessor23.newInstance(Unknown Source)
	at sun.reflect.DelegatingConstructorAccessorImpl.newInstance(Unknown Source)
	at java.lang.reflect.Constructor.newInstance(Unknown Source)
	at org.openqa.selenium.remote.ErrorHandler.createThrowable(ErrorHandler.java:206)
	at org.openqa.selenium.remote.ErrorHandler.throwIfResponseFailed(ErrorHandler.java:158)
	at org.openqa.selenium.remote.RemoteWebDriver.execute(RemoteWebDriver.java:678)
	at org.openqa.selenium.remote.RemoteWebDriver.findElement(RemoteWebDriver.java:363)
	at org.openqa.selenium.remote.RemoteWebDriver.findElementByXPath(RemoteWebDriver.java:500)
	at org.openqa.selenium.By$ByXPath.findElement(By.java:361)
	at org.openqa.selenium.remote.RemoteWebDriver.findElement(RemoteWebDriver.java:355)
	at com.eperium.main.jumpstart.JumpStartTestSuite.updateAddressOnAddressPage(JumpStartTestSuite.java:1477)
	at sun.reflect.NativeMethodAccessorImpl.invoke0(Native Method)
	at sun.reflect.NativeMethodAccessorImpl.invoke(Unknown Source)
	at sun.reflect.DelegatingMethodAccessorImpl.invoke(Unknown Source)
	at java.lang.reflect.Method.invoke(Unknown Source)
	at org.testng.internal.MethodInvocationHelper.invokeMethod(MethodInvocationHelper.java:85)
	at org.testng.internal.Invoker.invokeMethod(Invoker.java:639)
	at org.testng.internal.Invoker.invokeTestMethod(Invoker.java:816)
	at org.testng.internal.Invoker.invokeTestMethods(Invoker.java:1124)
	at org.testng.internal.TestMethodWorker.invokeTestMethods(TestMethodWorker.java:125)
	at org.testng.internal.TestMethodWorker.run(TestMethodWorker.java:108)
	at org.testng.TestRunner.privateRun(TestRunner.java:774)
	at org.testng.TestRunner.run(TestRunner.java:624)
	at org.testng.SuiteRunner.runTest(SuiteRunner.java:359)
	at org.testng.SuiteRunner.runSequentially(SuiteRunner.java:354)
	at org.testng.SuiteRunner.privateRun(SuiteRunner.java:312)
	at org.testng.SuiteRunner.run(SuiteRunner.java:261)
	at org.testng.SuiteRunnerWorker.runSuite(SuiteRunnerWorker.java:52)
	at org.testng.SuiteRunnerWorker.run(SuiteRunnerWorker.java:86)
	at org.testng.TestNG.runSuitesSequentially(TestNG.java:1215)
	at org.testng.TestNG.runSuitesLocally(TestNG.java:1140)
	at org.testng.TestNG.run(TestNG.java:1048)
	at org.testng.TestNG.privateMain(TestNG.java:1355)
	at org.testng.TestNG.main(TestNG.java:1324)
Caused by: org.openqa.selenium.remote.ScreenshotException: Screen shot has been taken
Build info: version: '2.53.1', revision: 'a36b8b1', time: '2016-06-30 17:37:03'
System info: host: 'Ebsi-LAT5540-32', ip: '10.15.200.54', os.name: 'Windows 7', os.arch: 'amd64', os.version: '6.1', java.version: '1.8.0_121'
Driver info: driver.version: RemoteWebDriver
	at org.openqa.selenium.remote.ErrorHandler.throwIfResponseFailed(ErrorHandler.java:138)
	... 29 more
Caused by: org.openqa.selenium.NoSuchElementException: {"errorMessage":"Unable to find element with xpath '//tr[@style='display: table;']//input[contains(@id,'address_FirstName')]'","request":{"headers":{"Accept-Encoding":"gzip,deflate","Connection":"Keep-Alive","Content-Length":"100","Content-Type":"application/json; charset=utf-8","Host":"localhost:10157","User-Agent":"Apache-HttpClient/4.5.1 (Java/1.8.0_121)"},"httpVersion":"1.1","method":"POST","post":"{\"using\":\"xpath\",\"value\":\"//tr[@style='display: table;']//input[contains(@id,'address_FirstName')]\"}","url":"/element","urlParsed":{"anchor":"","query":"","file":"element","directory":"/","path":"/element","relative":"/element","port":"","host":"","password":"","user":"","userInfo":"","authority":"","protocol":"","source":"/element","queryKey":{},"chunks":["element"]},"urlOriginal":"/session/21f1c2a0-2b11-11e7-b16b-dbd88351a76f/element"}}
For documentation on this error, please visit: http://seleniumhq.org/exceptions/no_such_element.html
Build info: version: '2.53.1', revision: 'a36b8b1', time: '2016-06-30 17:37:03'
System info: host: 'Ebsi-LAT5540-32', ip: '10.15.200.54', os.name: 'Windows 7', os.arch: 'amd64', os.version: '6.1', java.version: '1.8.0_121'
Driver info: driver.version: unknown
]]>
    </failure>
  </testcase> <!-- updateAddressOnAddressPage -->
  <testcase name="verifySidePanelAddress" time="2.487" classname="com.eperium.main.jumpstart.JumpStartTestSuite">
    <failure type="org.openqa.selenium.NoSuchElementException" message="{&amp;quot;errorMessage&amp;quot;:&amp;quot;Unable to find element with xpath &amp;apos;(//div[@class=&amp;apos;ish-address&amp;apos;])[2]&amp;apos;&amp;quot;,&amp;quot;request&amp;quot;:{&amp;quot;headers&amp;quot;:{&amp;quot;Accept-Encoding&amp;quot;:&amp;quot;gzip,deflate&amp;quot;,&amp;quot;Connection&amp;quot;:&amp;quot;Keep-Alive&amp;quot;,&amp;quot;Content-Length&amp;quot;:&amp;quot;60&amp;quot;,&amp;quot;Content-Type&amp;quot;:&amp;quot;application/json; charset=utf-8&amp;quot;,&amp;quot;Host&amp;quot;:&amp;quot;localhost:10157&amp;quot;,&amp;quot;User-Agent&amp;quot;:&amp;quot;Apache-HttpClient/4.5.1 (Java/1.8.0_121)&amp;quot;},&amp;quot;httpVersion&amp;quot;:&amp;quot;1.1&amp;quot;,&amp;quot;method&amp;quot;:&amp;quot;POST&amp;quot;,&amp;quot;post&amp;quot;:&amp;quot;{\&amp;quot;using\&amp;quot;:\&amp;quot;xpath\&amp;quot;,\&amp;quot;value\&amp;quot;:\&amp;quot;(//div[@class=&amp;apos;ish-address&amp;apos;])[2]\&amp;quot;}&amp;quot;,&amp;quot;url&amp;quot;:&amp;quot;/element&amp;quot;,&amp;quot;urlParsed&amp;quot;:{&amp;quot;anchor&amp;quot;:&amp;quot;&amp;quot;,&amp;quot;query&amp;quot;:&amp;quot;&amp;quot;,&amp;quot;file&amp;quot;:&amp;quot;element&amp;quot;,&amp;quot;directory&amp;quot;:&amp;quot;/&amp;quot;,&amp;quot;path&amp;quot;:&amp;quot;/element&amp;quot;,&amp;quot;relative&amp;quot;:&amp;quot;/element&amp;quot;,&amp;quot;port&amp;quot;:&amp;quot;&amp;quot;,&amp;quot;host&amp;quot;:&amp;quot;&amp;quot;,&amp;quot;password&amp;quot;:&amp;quot;&amp;quot;,&amp;quot;user&amp;quot;:&amp;quot;&amp;quot;,&amp;quot;userInfo&amp;quot;:&amp;quot;&amp;quot;,&amp;quot;authority&amp;quot;:&amp;quot;&amp;quot;,&amp;quot;protocol&amp;quot;:&amp;quot;&amp;quot;,&amp;quot;source&amp;quot;:&amp;quot;/element&amp;quot;,&amp;quot;queryKey&amp;quot;:{},&amp;quot;chunks&amp;quot;:[&amp;quot;element&amp;quot;]},&amp;quot;urlOriginal&amp;quot;:&amp;quot;/session/21f1c2a0-2b11-11e7-b16b-dbd88351a76f/element&amp;quot;}}
Command duration or timeout: 2.48 seconds
For documentation on this error, please visit: http://seleniumhq.org/exceptions/no_such_element.html
Build info: version: &amp;apos;2.53.1&amp;apos;, revision: &amp;apos;a36b8b1&amp;apos;, time: &amp;apos;2016-06-30 17:37:03&amp;apos;
System info: host: &amp;apos;Ebsi-LAT5540-32&amp;apos;, ip: &amp;apos;10.15.200.54&amp;apos;, os.name: &amp;apos;Windows 7&amp;apos;, os.arch: &amp;apos;amd64&amp;apos;, os.version: &amp;apos;6.1&amp;apos;, java.version: &amp;apos;1.8.0_121&amp;apos;
Driver info: org.openqa.selenium.phantomjs.PhantomJSDriver
Capabilities [{applicationCacheEnabled=false, rotatable=false, handlesAlerts=false, databaseEnabled=false, version=2.1.1, platform=XP, browserConnectionEnabled=false, proxy={proxyType=direct}, nativeEvents=true, acceptSslCerts=false, driverVersion=1.2.0, locationContextEnabled=false, webStorageEnabled=false, browserName=phantomjs, takesScreenshot=true, driverName=ghostdriver, javascriptEnabled=true, cssSelectorsEnabled=true}]
Session ID: 21f1c2a0-2b11-11e7-b16b-dbd88351a76f
*** Element info: {Using=xpath, value=(//div[@class=&amp;apos;ish-address&amp;apos;])[2]}">
      <![CDATA[org.openqa.selenium.NoSuchElementException: {"errorMessage":"Unable to find element with xpath '(//div[@class='ish-address'])[2]'","request":{"headers":{"Accept-Encoding":"gzip,deflate","Connection":"Keep-Alive","Content-Length":"60","Content-Type":"application/json; charset=utf-8","Host":"localhost:10157","User-Agent":"Apache-HttpClient/4.5.1 (Java/1.8.0_121)"},"httpVersion":"1.1","method":"POST","post":"{\"using\":\"xpath\",\"value\":\"(//div[@class='ish-address'])[2]\"}","url":"/element","urlParsed":{"anchor":"","query":"","file":"element","directory":"/","path":"/element","relative":"/element","port":"","host":"","password":"","user":"","userInfo":"","authority":"","protocol":"","source":"/element","queryKey":{},"chunks":["element"]},"urlOriginal":"/session/21f1c2a0-2b11-11e7-b16b-dbd88351a76f/element"}}
Command duration or timeout: 2.48 seconds
For documentation on this error, please visit: http://seleniumhq.org/exceptions/no_such_element.html
Build info: version: '2.53.1', revision: 'a36b8b1', time: '2016-06-30 17:37:03'
System info: host: 'Ebsi-LAT5540-32', ip: '10.15.200.54', os.name: 'Windows 7', os.arch: 'amd64', os.version: '6.1', java.version: '1.8.0_121'
Driver info: org.openqa.selenium.phantomjs.PhantomJSDriver
Capabilities [{applicationCacheEnabled=false, rotatable=false, handlesAlerts=false, databaseEnabled=false, version=2.1.1, platform=XP, browserConnectionEnabled=false, proxy={proxyType=direct}, nativeEvents=true, acceptSslCerts=false, driverVersion=1.2.0, locationContextEnabled=false, webStorageEnabled=false, browserName=phantomjs, takesScreenshot=true, driverName=ghostdriver, javascriptEnabled=true, cssSelectorsEnabled=true}]
Session ID: 21f1c2a0-2b11-11e7-b16b-dbd88351a76f
*** Element info: {Using=xpath, value=(//div[@class='ish-address'])[2]}
	at sun.reflect.GeneratedConstructorAccessor23.newInstance(Unknown Source)
	at sun.reflect.DelegatingConstructorAccessorImpl.newInstance(Unknown Source)
	at java.lang.reflect.Constructor.newInstance(Unknown Source)
	at org.openqa.selenium.remote.ErrorHandler.createThrowable(ErrorHandler.java:206)
	at org.openqa.selenium.remote.ErrorHandler.throwIfResponseFailed(ErrorHandler.java:158)
	at org.openqa.selenium.remote.RemoteWebDriver.execute(RemoteWebDriver.java:678)
	at org.openqa.selenium.remote.RemoteWebDriver.findElement(RemoteWebDriver.java:363)
	at org.openqa.selenium.remote.RemoteWebDriver.findElementByXPath(RemoteWebDriver.java:500)
	at org.openqa.selenium.By$ByXPath.findElement(By.java:361)
	at org.openqa.selenium.remote.RemoteWebDriver.findElement(RemoteWebDriver.java:355)
	at com.eperium.main.jumpstart.JumpStartTestSuite.verifySidePanelAddress(JumpStartTestSuite.java:1584)
	at sun.reflect.NativeMethodAccessorImpl.invoke0(Native Method)
	at sun.reflect.NativeMethodAccessorImpl.invoke(Unknown Source)
	at sun.reflect.DelegatingMethodAccessorImpl.invoke(Unknown Source)
	at java.lang.reflect.Method.invoke(Unknown Source)
	at org.testng.internal.MethodInvocationHelper.invokeMethod(MethodInvocationHelper.java:85)
	at org.testng.internal.Invoker.invokeMethod(Invoker.java:639)
	at org.testng.internal.Invoker.invokeTestMethod(Invoker.java:816)
	at org.testng.internal.Invoker.invokeTestMethods(Invoker.java:1124)
	at org.testng.internal.TestMethodWorker.invokeTestMethods(TestMethodWorker.java:125)
	at org.testng.internal.TestMethodWorker.run(TestMethodWorker.java:108)
	at org.testng.TestRunner.privateRun(TestRunner.java:774)
	at org.testng.TestRunner.run(TestRunner.java:624)
	at org.testng.SuiteRunner.runTest(SuiteRunner.java:359)
	at org.testng.SuiteRunner.runSequentially(SuiteRunner.java:354)
	at org.testng.SuiteRunner.privateRun(SuiteRunner.java:312)
	at org.testng.SuiteRunner.run(SuiteRunner.java:261)
	at org.testng.SuiteRunnerWorker.runSuite(SuiteRunnerWorker.java:52)
	at org.testng.SuiteRunnerWorker.run(SuiteRunnerWorker.java:86)
	at org.testng.TestNG.runSuitesSequentially(TestNG.java:1215)
	at org.testng.TestNG.runSuitesLocally(TestNG.java:1140)
	at org.testng.TestNG.run(TestNG.java:1048)
	at org.testng.TestNG.privateMain(TestNG.java:1355)
	at org.testng.TestNG.main(TestNG.java:1324)
Caused by: org.openqa.selenium.remote.ScreenshotException: Screen shot has been taken
Build info: version: '2.53.1', revision: 'a36b8b1', time: '2016-06-30 17:37:03'
System info: host: 'Ebsi-LAT5540-32', ip: '10.15.200.54', os.name: 'Windows 7', os.arch: 'amd64', os.version: '6.1', java.version: '1.8.0_121'
Driver info: driver.version: RemoteWebDriver
	at org.openqa.selenium.remote.ErrorHandler.throwIfResponseFailed(ErrorHandler.java:138)
	... 29 more
Caused by: org.openqa.selenium.NoSuchElementException: {"errorMessage":"Unable to find element with xpath '(//div[@class='ish-address'])[2]'","request":{"headers":{"Accept-Encoding":"gzip,deflate","Connection":"Keep-Alive","Content-Length":"60","Content-Type":"application/json; charset=utf-8","Host":"localhost:10157","User-Agent":"Apache-HttpClient/4.5.1 (Java/1.8.0_121)"},"httpVersion":"1.1","method":"POST","post":"{\"using\":\"xpath\",\"value\":\"(//div[@class='ish-address'])[2]\"}","url":"/element","urlParsed":{"anchor":"","query":"","file":"element","directory":"/","path":"/element","relative":"/element","port":"","host":"","password":"","user":"","userInfo":"","authority":"","protocol":"","source":"/element","queryKey":{},"chunks":["element"]},"urlOriginal":"/session/21f1c2a0-2b11-11e7-b16b-dbd88351a76f/element"}}
For documentation on this error, please visit: http://seleniumhq.org/exceptions/no_such_element.html
Build info: version: '2.53.1', revision: 'a36b8b1', time: '2016-06-30 17:37:03'
System info: host: 'Ebsi-LAT5540-32', ip: '10.15.200.54', os.name: 'Windows 7', os.arch: 'amd64', os.version: '6.1', java.version: '1.8.0_121'
Driver info: driver.version: unknown
]]>
    </failure>
  </testcase> <!-- verifySidePanelAddress -->
  <testcase name="navigateToShippingPage" time="2.917" classname="com.eperium.main.jumpstart.JumpStartTestSuite">
    <failure type="org.openqa.selenium.NoSuchElementException" message="{&amp;quot;errorMessage&amp;quot;:&amp;quot;Unable to find element with xpath &amp;apos;//button[@name=&amp;apos;continue&amp;apos;]&amp;apos;&amp;quot;,&amp;quot;request&amp;quot;:{&amp;quot;headers&amp;quot;:{&amp;quot;Accept-Encoding&amp;quot;:&amp;quot;gzip,deflate&amp;quot;,&amp;quot;Connection&amp;quot;:&amp;quot;Keep-Alive&amp;quot;,&amp;quot;Content-Length&amp;quot;:&amp;quot;54&amp;quot;,&amp;quot;Content-Type&amp;quot;:&amp;quot;application/json; charset=utf-8&amp;quot;,&amp;quot;Host&amp;quot;:&amp;quot;localhost:10157&amp;quot;,&amp;quot;User-Agent&amp;quot;:&amp;quot;Apache-HttpClient/4.5.1 (Java/1.8.0_121)&amp;quot;},&amp;quot;httpVersion&amp;quot;:&amp;quot;1.1&amp;quot;,&amp;quot;method&amp;quot;:&amp;quot;POST&amp;quot;,&amp;quot;post&amp;quot;:&amp;quot;{\&amp;quot;using\&amp;quot;:\&amp;quot;xpath\&amp;quot;,\&amp;quot;value\&amp;quot;:\&amp;quot;//button[@name=&amp;apos;continue&amp;apos;]\&amp;quot;}&amp;quot;,&amp;quot;url&amp;quot;:&amp;quot;/element&amp;quot;,&amp;quot;urlParsed&amp;quot;:{&amp;quot;anchor&amp;quot;:&amp;quot;&amp;quot;,&amp;quot;query&amp;quot;:&amp;quot;&amp;quot;,&amp;quot;file&amp;quot;:&amp;quot;element&amp;quot;,&amp;quot;directory&amp;quot;:&amp;quot;/&amp;quot;,&amp;quot;path&amp;quot;:&amp;quot;/element&amp;quot;,&amp;quot;relative&amp;quot;:&amp;quot;/element&amp;quot;,&amp;quot;port&amp;quot;:&amp;quot;&amp;quot;,&amp;quot;host&amp;quot;:&amp;quot;&amp;quot;,&amp;quot;password&amp;quot;:&amp;quot;&amp;quot;,&amp;quot;user&amp;quot;:&amp;quot;&amp;quot;,&amp;quot;userInfo&amp;quot;:&amp;quot;&amp;quot;,&amp;quot;authority&amp;quot;:&amp;quot;&amp;quot;,&amp;quot;protocol&amp;quot;:&amp;quot;&amp;quot;,&amp;quot;source&amp;quot;:&amp;quot;/element&amp;quot;,&amp;quot;queryKey&amp;quot;:{},&amp;quot;chunks&amp;quot;:[&amp;quot;element&amp;quot;]},&amp;quot;urlOriginal&amp;quot;:&amp;quot;/session/21f1c2a0-2b11-11e7-b16b-dbd88351a76f/element&amp;quot;}}
Command duration or timeout: 2.70 seconds
For documentation on this error, please visit: http://seleniumhq.org/exceptions/no_such_element.html
Build info: version: &amp;apos;2.53.1&amp;apos;, revision: &amp;apos;a36b8b1&amp;apos;, time: &amp;apos;2016-06-30 17:37:03&amp;apos;
System info: host: &amp;apos;Ebsi-LAT5540-32&amp;apos;, ip: &amp;apos;10.15.200.54&amp;apos;, os.name: &amp;apos;Windows 7&amp;apos;, os.arch: &amp;apos;amd64&amp;apos;, os.version: &amp;apos;6.1&amp;apos;, java.version: &amp;apos;1.8.0_121&amp;apos;
Driver info: org.openqa.selenium.phantomjs.PhantomJSDriver
Capabilities [{applicationCacheEnabled=false, rotatable=false, handlesAlerts=false, databaseEnabled=false, version=2.1.1, platform=XP, browserConnectionEnabled=false, proxy={proxyType=direct}, nativeEvents=true, acceptSslCerts=false, driverVersion=1.2.0, locationContextEnabled=false, webStorageEnabled=false, browserName=phantomjs, takesScreenshot=true, driverName=ghostdriver, javascriptEnabled=true, cssSelectorsEnabled=true}]
Session ID: 21f1c2a0-2b11-11e7-b16b-dbd88351a76f
*** Element info: {Using=xpath, value=//button[@name=&amp;apos;continue&amp;apos;]}">
      <![CDATA[org.openqa.selenium.NoSuchElementException: {"errorMessage":"Unable to find element with xpath '//button[@name='continue']'","request":{"headers":{"Accept-Encoding":"gzip,deflate","Connection":"Keep-Alive","Content-Length":"54","Content-Type":"application/json; charset=utf-8","Host":"localhost:10157","User-Agent":"Apache-HttpClient/4.5.1 (Java/1.8.0_121)"},"httpVersion":"1.1","method":"POST","post":"{\"using\":\"xpath\",\"value\":\"//button[@name='continue']\"}","url":"/element","urlParsed":{"anchor":"","query":"","file":"element","directory":"/","path":"/element","relative":"/element","port":"","host":"","password":"","user":"","userInfo":"","authority":"","protocol":"","source":"/element","queryKey":{},"chunks":["element"]},"urlOriginal":"/session/21f1c2a0-2b11-11e7-b16b-dbd88351a76f/element"}}
Command duration or timeout: 2.70 seconds
For documentation on this error, please visit: http://seleniumhq.org/exceptions/no_such_element.html
Build info: version: '2.53.1', revision: 'a36b8b1', time: '2016-06-30 17:37:03'
System info: host: 'Ebsi-LAT5540-32', ip: '10.15.200.54', os.name: 'Windows 7', os.arch: 'amd64', os.version: '6.1', java.version: '1.8.0_121'
Driver info: org.openqa.selenium.phantomjs.PhantomJSDriver
Capabilities [{applicationCacheEnabled=false, rotatable=false, handlesAlerts=false, databaseEnabled=false, version=2.1.1, platform=XP, browserConnectionEnabled=false, proxy={proxyType=direct}, nativeEvents=true, acceptSslCerts=false, driverVersion=1.2.0, locationContextEnabled=false, webStorageEnabled=false, browserName=phantomjs, takesScreenshot=true, driverName=ghostdriver, javascriptEnabled=true, cssSelectorsEnabled=true}]
Session ID: 21f1c2a0-2b11-11e7-b16b-dbd88351a76f
*** Element info: {Using=xpath, value=//button[@name='continue']}
	at sun.reflect.GeneratedConstructorAccessor23.newInstance(Unknown Source)
	at sun.reflect.DelegatingConstructorAccessorImpl.newInstance(Unknown Source)
	at java.lang.reflect.Constructor.newInstance(Unknown Source)
	at org.openqa.selenium.remote.ErrorHandler.createThrowable(ErrorHandler.java:206)
	at org.openqa.selenium.remote.ErrorHandler.throwIfResponseFailed(ErrorHandler.java:158)
	at org.openqa.selenium.remote.RemoteWebDriver.execute(RemoteWebDriver.java:678)
	at org.openqa.selenium.remote.RemoteWebDriver.findElement(RemoteWebDriver.java:363)
	at org.openqa.selenium.remote.RemoteWebDriver.findElementByXPath(RemoteWebDriver.java:500)
	at org.openqa.selenium.By$ByXPath.findElement(By.java:361)
	at org.openqa.selenium.remote.RemoteWebDriver.findElement(RemoteWebDriver.java:355)
	at com.eperium.main.jumpstart.JumpStartTestSuite.navigateToShippingPage(JumpStartTestSuite.java:743)
	at sun.reflect.NativeMethodAccessorImpl.invoke0(Native Method)
	at sun.reflect.NativeMethodAccessorImpl.invoke(Unknown Source)
	at sun.reflect.DelegatingMethodAccessorImpl.invoke(Unknown Source)
	at java.lang.reflect.Method.invoke(Unknown Source)
	at org.testng.internal.MethodInvocationHelper.invokeMethod(MethodInvocationHelper.java:85)
	at org.testng.internal.Invoker.invokeMethod(Invoker.java:639)
	at org.testng.internal.Invoker.invokeTestMethod(Invoker.java:816)
	at org.testng.internal.Invoker.invokeTestMethods(Invoker.java:1124)
	at org.testng.internal.TestMethodWorker.invokeTestMethods(TestMethodWorker.java:125)
	at org.testng.internal.TestMethodWorker.run(TestMethodWorker.java:108)
	at org.testng.TestRunner.privateRun(TestRunner.java:774)
	at org.testng.TestRunner.run(TestRunner.java:624)
	at org.testng.SuiteRunner.runTest(SuiteRunner.java:359)
	at org.testng.SuiteRunner.runSequentially(SuiteRunner.java:354)
	at org.testng.SuiteRunner.privateRun(SuiteRunner.java:312)
	at org.testng.SuiteRunner.run(SuiteRunner.java:261)
	at org.testng.SuiteRunnerWorker.runSuite(SuiteRunnerWorker.java:52)
	at org.testng.SuiteRunnerWorker.run(SuiteRunnerWorker.java:86)
	at org.testng.TestNG.runSuitesSequentially(TestNG.java:1215)
	at org.testng.TestNG.runSuitesLocally(TestNG.java:1140)
	at org.testng.TestNG.run(TestNG.java:1048)
	at org.testng.TestNG.privateMain(TestNG.java:1355)
	at org.testng.TestNG.main(TestNG.java:1324)
Caused by: org.openqa.selenium.remote.ScreenshotException: Screen shot has been taken
Build info: version: '2.53.1', revision: 'a36b8b1', time: '2016-06-30 17:37:03'
System info: host: 'Ebsi-LAT5540-32', ip: '10.15.200.54', os.name: 'Windows 7', os.arch: 'amd64', os.version: '6.1', java.version: '1.8.0_121'
Driver info: driver.version: RemoteWebDriver
	at org.openqa.selenium.remote.ErrorHandler.throwIfResponseFailed(ErrorHandler.java:138)
	... 29 more
Caused by: org.openqa.selenium.NoSuchElementException: {"errorMessage":"Unable to find element with xpath '//button[@name='continue']'","request":{"headers":{"Accept-Encoding":"gzip,deflate","Connection":"Keep-Alive","Content-Length":"54","Content-Type":"application/json; charset=utf-8","Host":"localhost:10157","User-Agent":"Apache-HttpClient/4.5.1 (Java/1.8.0_121)"},"httpVersion":"1.1","method":"POST","post":"{\"using\":\"xpath\",\"value\":\"//button[@name='continue']\"}","url":"/element","urlParsed":{"anchor":"","query":"","file":"element","directory":"/","path":"/element","relative":"/element","port":"","host":"","password":"","user":"","userInfo":"","authority":"","protocol":"","source":"/element","queryKey":{},"chunks":["element"]},"urlOriginal":"/session/21f1c2a0-2b11-11e7-b16b-dbd88351a76f/element"}}
For documentation on this error, please visit: http://seleniumhq.org/exceptions/no_such_element.html
Build info: version: '2.53.1', revision: 'a36b8b1', time: '2016-06-30 17:37:03'
System info: host: 'Ebsi-LAT5540-32', ip: '10.15.200.54', os.name: 'Windows 7', os.arch: 'amd64', os.version: '6.1', java.version: '1.8.0_121'
Driver info: driver.version: unknown
]]>
    </failure>
  </testcase> <!-- navigateToShippingPage -->
  <testcase name="verifySidePanelAddress1" time="1.2" classname="com.eperium.main.jumpstart.JumpStartTestSuite">
    <failure type="org.openqa.selenium.NoSuchElementException" message="{&amp;quot;errorMessage&amp;quot;:&amp;quot;Unable to find element with xpath &amp;apos;(//div[@class=&amp;apos;ish-address&amp;apos;])[2]&amp;apos;&amp;quot;,&amp;quot;request&amp;quot;:{&amp;quot;headers&amp;quot;:{&amp;quot;Accept-Encoding&amp;quot;:&amp;quot;gzip,deflate&amp;quot;,&amp;quot;Connection&amp;quot;:&amp;quot;Keep-Alive&amp;quot;,&amp;quot;Content-Length&amp;quot;:&amp;quot;60&amp;quot;,&amp;quot;Content-Type&amp;quot;:&amp;quot;application/json; charset=utf-8&amp;quot;,&amp;quot;Host&amp;quot;:&amp;quot;localhost:10157&amp;quot;,&amp;quot;User-Agent&amp;quot;:&amp;quot;Apache-HttpClient/4.5.1 (Java/1.8.0_121)&amp;quot;},&amp;quot;httpVersion&amp;quot;:&amp;quot;1.1&amp;quot;,&amp;quot;method&amp;quot;:&amp;quot;POST&amp;quot;,&amp;quot;post&amp;quot;:&amp;quot;{\&amp;quot;using\&amp;quot;:\&amp;quot;xpath\&amp;quot;,\&amp;quot;value\&amp;quot;:\&amp;quot;(//div[@class=&amp;apos;ish-address&amp;apos;])[2]\&amp;quot;}&amp;quot;,&amp;quot;url&amp;quot;:&amp;quot;/element&amp;quot;,&amp;quot;urlParsed&amp;quot;:{&amp;quot;anchor&amp;quot;:&amp;quot;&amp;quot;,&amp;quot;query&amp;quot;:&amp;quot;&amp;quot;,&amp;quot;file&amp;quot;:&amp;quot;element&amp;quot;,&amp;quot;directory&amp;quot;:&amp;quot;/&amp;quot;,&amp;quot;path&amp;quot;:&amp;quot;/element&amp;quot;,&amp;quot;relative&amp;quot;:&amp;quot;/element&amp;quot;,&amp;quot;port&amp;quot;:&amp;quot;&amp;quot;,&amp;quot;host&amp;quot;:&amp;quot;&amp;quot;,&amp;quot;password&amp;quot;:&amp;quot;&amp;quot;,&amp;quot;user&amp;quot;:&amp;quot;&amp;quot;,&amp;quot;userInfo&amp;quot;:&amp;quot;&amp;quot;,&amp;quot;authority&amp;quot;:&amp;quot;&amp;quot;,&amp;quot;protocol&amp;quot;:&amp;quot;&amp;quot;,&amp;quot;source&amp;quot;:&amp;quot;/element&amp;quot;,&amp;quot;queryKey&amp;quot;:{},&amp;quot;chunks&amp;quot;:[&amp;quot;element&amp;quot;]},&amp;quot;urlOriginal&amp;quot;:&amp;quot;/session/21f1c2a0-2b11-11e7-b16b-dbd88351a76f/element&amp;quot;}}
Command duration or timeout: 1.19 seconds
For documentation on this error, please visit: http://seleniumhq.org/exceptions/no_such_element.html
Build info: version: &amp;apos;2.53.1&amp;apos;, revision: &amp;apos;a36b8b1&amp;apos;, time: &amp;apos;2016-06-30 17:37:03&amp;apos;
System info: host: &amp;apos;Ebsi-LAT5540-32&amp;apos;, ip: &amp;apos;10.15.200.54&amp;apos;, os.name: &amp;apos;Windows 7&amp;apos;, os.arch: &amp;apos;amd64&amp;apos;, os.version: &amp;apos;6.1&amp;apos;, java.version: &amp;apos;1.8.0_121&amp;apos;
Driver info: org.openqa.selenium.phantomjs.PhantomJSDriver
Capabilities [{applicationCacheEnabled=false, rotatable=false, handlesAlerts=false, databaseEnabled=false, version=2.1.1, platform=XP, browserConnectionEnabled=false, proxy={proxyType=direct}, nativeEvents=true, acceptSslCerts=false, driverVersion=1.2.0, locationContextEnabled=false, webStorageEnabled=false, browserName=phantomjs, takesScreenshot=true, driverName=ghostdriver, javascriptEnabled=true, cssSelectorsEnabled=true}]
Session ID: 21f1c2a0-2b11-11e7-b16b-dbd88351a76f
*** Element info: {Using=xpath, value=(//div[@class=&amp;apos;ish-address&amp;apos;])[2]}">
      <![CDATA[org.openqa.selenium.NoSuchElementException: {"errorMessage":"Unable to find element with xpath '(//div[@class='ish-address'])[2]'","request":{"headers":{"Accept-Encoding":"gzip,deflate","Connection":"Keep-Alive","Content-Length":"60","Content-Type":"application/json; charset=utf-8","Host":"localhost:10157","User-Agent":"Apache-HttpClient/4.5.1 (Java/1.8.0_121)"},"httpVersion":"1.1","method":"POST","post":"{\"using\":\"xpath\",\"value\":\"(//div[@class='ish-address'])[2]\"}","url":"/element","urlParsed":{"anchor":"","query":"","file":"element","directory":"/","path":"/element","relative":"/element","port":"","host":"","password":"","user":"","userInfo":"","authority":"","protocol":"","source":"/element","queryKey":{},"chunks":["element"]},"urlOriginal":"/session/21f1c2a0-2b11-11e7-b16b-dbd88351a76f/element"}}
Command duration or timeout: 1.19 seconds
For documentation on this error, please visit: http://seleniumhq.org/exceptions/no_such_element.html
Build info: version: '2.53.1', revision: 'a36b8b1', time: '2016-06-30 17:37:03'
System info: host: 'Ebsi-LAT5540-32', ip: '10.15.200.54', os.name: 'Windows 7', os.arch: 'amd64', os.version: '6.1', java.version: '1.8.0_121'
Driver info: org.openqa.selenium.phantomjs.PhantomJSDriver
Capabilities [{applicationCacheEnabled=false, rotatable=false, handlesAlerts=false, databaseEnabled=false, version=2.1.1, platform=XP, browserConnectionEnabled=false, proxy={proxyType=direct}, nativeEvents=true, acceptSslCerts=false, driverVersion=1.2.0, locationContextEnabled=false, webStorageEnabled=false, browserName=phantomjs, takesScreenshot=true, driverName=ghostdriver, javascriptEnabled=true, cssSelectorsEnabled=true}]
Session ID: 21f1c2a0-2b11-11e7-b16b-dbd88351a76f
*** Element info: {Using=xpath, value=(//div[@class='ish-address'])[2]}
	at sun.reflect.GeneratedConstructorAccessor23.newInstance(Unknown Source)
	at sun.reflect.DelegatingConstructorAccessorImpl.newInstance(Unknown Source)
	at java.lang.reflect.Constructor.newInstance(Unknown Source)
	at org.openqa.selenium.remote.ErrorHandler.createThrowable(ErrorHandler.java:206)
	at org.openqa.selenium.remote.ErrorHandler.throwIfResponseFailed(ErrorHandler.java:158)
	at org.openqa.selenium.remote.RemoteWebDriver.execute(RemoteWebDriver.java:678)
	at org.openqa.selenium.remote.RemoteWebDriver.findElement(RemoteWebDriver.java:363)
	at org.openqa.selenium.remote.RemoteWebDriver.findElementByXPath(RemoteWebDriver.java:500)
	at org.openqa.selenium.By$ByXPath.findElement(By.java:361)
	at org.openqa.selenium.remote.RemoteWebDriver.findElement(RemoteWebDriver.java:355)
	at com.eperium.main.jumpstart.JumpStartTestSuite.verifySidePanelAddress(JumpStartTestSuite.java:1584)
	at com.eperium.main.jumpstart.JumpStartTestSuite.verifySidePanelAddress1(JumpStartTestSuite.java:1593)
	at sun.reflect.NativeMethodAccessorImpl.invoke0(Native Method)
	at sun.reflect.NativeMethodAccessorImpl.invoke(Unknown Source)
	at sun.reflect.DelegatingMethodAccessorImpl.invoke(Unknown Source)
	at java.lang.reflect.Method.invoke(Unknown Source)
	at org.testng.internal.MethodInvocationHelper.invokeMethod(MethodInvocationHelper.java:85)
	at org.testng.internal.Invoker.invokeMethod(Invoker.java:639)
	at org.testng.internal.Invoker.invokeTestMethod(Invoker.java:816)
	at org.testng.internal.Invoker.invokeTestMethods(Invoker.java:1124)
	at org.testng.internal.TestMethodWorker.invokeTestMethods(TestMethodWorker.java:125)
	at org.testng.internal.TestMethodWorker.run(TestMethodWorker.java:108)
	at org.testng.TestRunner.privateRun(TestRunner.java:774)
	at org.testng.TestRunner.run(TestRunner.java:624)
	at org.testng.SuiteRunner.runTest(SuiteRunner.java:359)
	at org.testng.SuiteRunner.runSequentially(SuiteRunner.java:354)
	at org.testng.SuiteRunner.privateRun(SuiteRunner.java:312)
	at org.testng.SuiteRunner.run(SuiteRunner.java:261)
	at org.testng.SuiteRunnerWorker.runSuite(SuiteRunnerWorker.java:52)
	at org.testng.SuiteRunnerWorker.run(SuiteRunnerWorker.java:86)
	at org.testng.TestNG.runSuitesSequentially(TestNG.java:1215)
	at org.testng.TestNG.runSuitesLocally(TestNG.java:1140)
	at org.testng.TestNG.run(TestNG.java:1048)
	at org.testng.TestNG.privateMain(TestNG.java:1355)
	at org.testng.TestNG.main(TestNG.java:1324)
Caused by: org.openqa.selenium.remote.ScreenshotException: Screen shot has been taken
Build info: version: '2.53.1', revision: 'a36b8b1', time: '2016-06-30 17:37:03'
System info: host: 'Ebsi-LAT5540-32', ip: '10.15.200.54', os.name: 'Windows 7', os.arch: 'amd64', os.version: '6.1', java.version: '1.8.0_121'
Driver info: driver.version: RemoteWebDriver
	at org.openqa.selenium.remote.ErrorHandler.throwIfResponseFailed(ErrorHandler.java:138)
	... 30 more
Caused by: org.openqa.selenium.NoSuchElementException: {"errorMessage":"Unable to find element with xpath '(//div[@class='ish-address'])[2]'","request":{"headers":{"Accept-Encoding":"gzip,deflate","Connection":"Keep-Alive","Content-Length":"60","Content-Type":"application/json; charset=utf-8","Host":"localhost:10157","User-Agent":"Apache-HttpClient/4.5.1 (Java/1.8.0_121)"},"httpVersion":"1.1","method":"POST","post":"{\"using\":\"xpath\",\"value\":\"(//div[@class='ish-address'])[2]\"}","url":"/element","urlParsed":{"anchor":"","query":"","file":"element","directory":"/","path":"/element","relative":"/element","port":"","host":"","password":"","user":"","userInfo":"","authority":"","protocol":"","source":"/element","queryKey":{},"chunks":["element"]},"urlOriginal":"/session/21f1c2a0-2b11-11e7-b16b-dbd88351a76f/element"}}
For documentation on this error, please visit: http://seleniumhq.org/exceptions/no_such_element.html
Build info: version: '2.53.1', revision: 'a36b8b1', time: '2016-06-30 17:37:03'
System info: host: 'Ebsi-LAT5540-32', ip: '10.15.200.54', os.name: 'Windows 7', os.arch: 'amd64', os.version: '6.1', java.version: '1.8.0_121'
Driver info: driver.version: unknown
]]>
    </failure>
  </testcase> <!-- verifySidePanelAddress1 -->
  <testcase name="navigateToPaymentPage" time="1.694" classname="com.eperium.main.jumpstart.JumpStartTestSuite">
    <failure type="org.openqa.selenium.NoSuchElementException" message="{&amp;quot;errorMessage&amp;quot;:&amp;quot;Unable to find element with xpath &amp;apos;//button[@name=&amp;apos;continue&amp;apos;]&amp;apos;&amp;quot;,&amp;quot;request&amp;quot;:{&amp;quot;headers&amp;quot;:{&amp;quot;Accept-Encoding&amp;quot;:&amp;quot;gzip,deflate&amp;quot;,&amp;quot;Connection&amp;quot;:&amp;quot;Keep-Alive&amp;quot;,&amp;quot;Content-Length&amp;quot;:&amp;quot;54&amp;quot;,&amp;quot;Content-Type&amp;quot;:&amp;quot;application/json; charset=utf-8&amp;quot;,&amp;quot;Host&amp;quot;:&amp;quot;localhost:10157&amp;quot;,&amp;quot;User-Agent&amp;quot;:&amp;quot;Apache-HttpClient/4.5.1 (Java/1.8.0_121)&amp;quot;},&amp;quot;httpVersion&amp;quot;:&amp;quot;1.1&amp;quot;,&amp;quot;method&amp;quot;:&amp;quot;POST&amp;quot;,&amp;quot;post&amp;quot;:&amp;quot;{\&amp;quot;using\&amp;quot;:\&amp;quot;xpath\&amp;quot;,\&amp;quot;value\&amp;quot;:\&amp;quot;//button[@name=&amp;apos;continue&amp;apos;]\&amp;quot;}&amp;quot;,&amp;quot;url&amp;quot;:&amp;quot;/element&amp;quot;,&amp;quot;urlParsed&amp;quot;:{&amp;quot;anchor&amp;quot;:&amp;quot;&amp;quot;,&amp;quot;query&amp;quot;:&amp;quot;&amp;quot;,&amp;quot;file&amp;quot;:&amp;quot;element&amp;quot;,&amp;quot;directory&amp;quot;:&amp;quot;/&amp;quot;,&amp;quot;path&amp;quot;:&amp;quot;/element&amp;quot;,&amp;quot;relative&amp;quot;:&amp;quot;/element&amp;quot;,&amp;quot;port&amp;quot;:&amp;quot;&amp;quot;,&amp;quot;host&amp;quot;:&amp;quot;&amp;quot;,&amp;quot;password&amp;quot;:&amp;quot;&amp;quot;,&amp;quot;user&amp;quot;:&amp;quot;&amp;quot;,&amp;quot;userInfo&amp;quot;:&amp;quot;&amp;quot;,&amp;quot;authority&amp;quot;:&amp;quot;&amp;quot;,&amp;quot;protocol&amp;quot;:&amp;quot;&amp;quot;,&amp;quot;source&amp;quot;:&amp;quot;/element&amp;quot;,&amp;quot;queryKey&amp;quot;:{},&amp;quot;chunks&amp;quot;:[&amp;quot;element&amp;quot;]},&amp;quot;urlOriginal&amp;quot;:&amp;quot;/session/21f1c2a0-2b11-11e7-b16b-dbd88351a76f/element&amp;quot;}}
Command duration or timeout: 1.69 seconds
For documentation on this error, please visit: http://seleniumhq.org/exceptions/no_such_element.html
Build info: version: &amp;apos;2.53.1&amp;apos;, revision: &amp;apos;a36b8b1&amp;apos;, time: &amp;apos;2016-06-30 17:37:03&amp;apos;
System info: host: &amp;apos;Ebsi-LAT5540-32&amp;apos;, ip: &amp;apos;10.15.200.54&amp;apos;, os.name: &amp;apos;Windows 7&amp;apos;, os.arch: &amp;apos;amd64&amp;apos;, os.version: &amp;apos;6.1&amp;apos;, java.version: &amp;apos;1.8.0_121&amp;apos;
Driver info: org.openqa.selenium.phantomjs.PhantomJSDriver
Capabilities [{applicationCacheEnabled=false, rotatable=false, handlesAlerts=false, databaseEnabled=false, version=2.1.1, platform=XP, browserConnectionEnabled=false, proxy={proxyType=direct}, nativeEvents=true, acceptSslCerts=false, driverVersion=1.2.0, locationContextEnabled=false, webStorageEnabled=false, browserName=phantomjs, takesScreenshot=true, driverName=ghostdriver, javascriptEnabled=true, cssSelectorsEnabled=true}]
Session ID: 21f1c2a0-2b11-11e7-b16b-dbd88351a76f
*** Element info: {Using=xpath, value=//button[@name=&amp;apos;continue&amp;apos;]}">
      <![CDATA[org.openqa.selenium.NoSuchElementException: {"errorMessage":"Unable to find element with xpath '//button[@name='continue']'","request":{"headers":{"Accept-Encoding":"gzip,deflate","Connection":"Keep-Alive","Content-Length":"54","Content-Type":"application/json; charset=utf-8","Host":"localhost:10157","User-Agent":"Apache-HttpClient/4.5.1 (Java/1.8.0_121)"},"httpVersion":"1.1","method":"POST","post":"{\"using\":\"xpath\",\"value\":\"//button[@name='continue']\"}","url":"/element","urlParsed":{"anchor":"","query":"","file":"element","directory":"/","path":"/element","relative":"/element","port":"","host":"","password":"","user":"","userInfo":"","authority":"","protocol":"","source":"/element","queryKey":{},"chunks":["element"]},"urlOriginal":"/session/21f1c2a0-2b11-11e7-b16b-dbd88351a76f/element"}}
Command duration or timeout: 1.69 seconds
For documentation on this error, please visit: http://seleniumhq.org/exceptions/no_such_element.html
Build info: version: '2.53.1', revision: 'a36b8b1', time: '2016-06-30 17:37:03'
System info: host: 'Ebsi-LAT5540-32', ip: '10.15.200.54', os.name: 'Windows 7', os.arch: 'amd64', os.version: '6.1', java.version: '1.8.0_121'
Driver info: org.openqa.selenium.phantomjs.PhantomJSDriver
Capabilities [{applicationCacheEnabled=false, rotatable=false, handlesAlerts=false, databaseEnabled=false, version=2.1.1, platform=XP, browserConnectionEnabled=false, proxy={proxyType=direct}, nativeEvents=true, acceptSslCerts=false, driverVersion=1.2.0, locationContextEnabled=false, webStorageEnabled=false, browserName=phantomjs, takesScreenshot=true, driverName=ghostdriver, javascriptEnabled=true, cssSelectorsEnabled=true}]
Session ID: 21f1c2a0-2b11-11e7-b16b-dbd88351a76f
*** Element info: {Using=xpath, value=//button[@name='continue']}
	at sun.reflect.GeneratedConstructorAccessor23.newInstance(Unknown Source)
	at sun.reflect.DelegatingConstructorAccessorImpl.newInstance(Unknown Source)
	at java.lang.reflect.Constructor.newInstance(Unknown Source)
	at org.openqa.selenium.remote.ErrorHandler.createThrowable(ErrorHandler.java:206)
	at org.openqa.selenium.remote.ErrorHandler.throwIfResponseFailed(ErrorHandler.java:158)
	at org.openqa.selenium.remote.RemoteWebDriver.execute(RemoteWebDriver.java:678)
	at org.openqa.selenium.remote.RemoteWebDriver.findElement(RemoteWebDriver.java:363)
	at org.openqa.selenium.remote.RemoteWebDriver.findElementByXPath(RemoteWebDriver.java:500)
	at org.openqa.selenium.By$ByXPath.findElement(By.java:361)
	at org.openqa.selenium.remote.RemoteWebDriver.findElement(RemoteWebDriver.java:355)
	at com.eperium.main.jumpstart.JumpStartTestSuite.navigateToPaymentPage(JumpStartTestSuite.java:769)
	at sun.reflect.NativeMethodAccessorImpl.invoke0(Native Method)
	at sun.reflect.NativeMethodAccessorImpl.invoke(Unknown Source)
	at sun.reflect.DelegatingMethodAccessorImpl.invoke(Unknown Source)
	at java.lang.reflect.Method.invoke(Unknown Source)
	at org.testng.internal.MethodInvocationHelper.invokeMethod(MethodInvocationHelper.java:85)
	at org.testng.internal.Invoker.invokeMethod(Invoker.java:639)
	at org.testng.internal.Invoker.invokeTestMethod(Invoker.java:816)
	at org.testng.internal.Invoker.invokeTestMethods(Invoker.java:1124)
	at org.testng.internal.TestMethodWorker.invokeTestMethods(TestMethodWorker.java:125)
	at org.testng.internal.TestMethodWorker.run(TestMethodWorker.java:108)
	at org.testng.TestRunner.privateRun(TestRunner.java:774)
	at org.testng.TestRunner.run(TestRunner.java:624)
	at org.testng.SuiteRunner.runTest(SuiteRunner.java:359)
	at org.testng.SuiteRunner.runSequentially(SuiteRunner.java:354)
	at org.testng.SuiteRunner.privateRun(SuiteRunner.java:312)
	at org.testng.SuiteRunner.run(SuiteRunner.java:261)
	at org.testng.SuiteRunnerWorker.runSuite(SuiteRunnerWorker.java:52)
	at org.testng.SuiteRunnerWorker.run(SuiteRunnerWorker.java:86)
	at org.testng.TestNG.runSuitesSequentially(TestNG.java:1215)
	at org.testng.TestNG.runSuitesLocally(TestNG.java:1140)
	at org.testng.TestNG.run(TestNG.java:1048)
	at org.testng.TestNG.privateMain(TestNG.java:1355)
	at org.testng.TestNG.main(TestNG.java:1324)
Caused by: org.openqa.selenium.remote.ScreenshotException: Screen shot has been taken
Build info: version: '2.53.1', revision: 'a36b8b1', time: '2016-06-30 17:37:03'
System info: host: 'Ebsi-LAT5540-32', ip: '10.15.200.54', os.name: 'Windows 7', os.arch: 'amd64', os.version: '6.1', java.version: '1.8.0_121'
Driver info: driver.version: RemoteWebDriver
	at org.openqa.selenium.remote.ErrorHandler.throwIfResponseFailed(ErrorHandler.java:138)
	... 29 more
Caused by: org.openqa.selenium.NoSuchElementException: {"errorMessage":"Unable to find element with xpath '//button[@name='continue']'","request":{"headers":{"Accept-Encoding":"gzip,deflate","Connection":"Keep-Alive","Content-Length":"54","Content-Type":"application/json; charset=utf-8","Host":"localhost:10157","User-Agent":"Apache-HttpClient/4.5.1 (Java/1.8.0_121)"},"httpVersion":"1.1","method":"POST","post":"{\"using\":\"xpath\",\"value\":\"//button[@name='continue']\"}","url":"/element","urlParsed":{"anchor":"","query":"","file":"element","directory":"/","path":"/element","relative":"/element","port":"","host":"","password":"","user":"","userInfo":"","authority":"","protocol":"","source":"/element","queryKey":{},"chunks":["element"]},"urlOriginal":"/session/21f1c2a0-2b11-11e7-b16b-dbd88351a76f/element"}}
For documentation on this error, please visit: http://seleniumhq.org/exceptions/no_such_element.html
Build info: version: '2.53.1', revision: 'a36b8b1', time: '2016-06-30 17:37:03'
System info: host: 'Ebsi-LAT5540-32', ip: '10.15.200.54', os.name: 'Windows 7', os.arch: 'amd64', os.version: '6.1', java.version: '1.8.0_121'
Driver info: driver.version: unknown
]]>
    </failure>
  </testcase> <!-- navigateToPaymentPage -->
  <testcase name="verifySidePanelAddress2" time="1.308" classname="com.eperium.main.jumpstart.JumpStartTestSuite">
    <failure type="org.openqa.selenium.NoSuchElementException" message="{&amp;quot;errorMessage&amp;quot;:&amp;quot;Unable to find element with xpath &amp;apos;(//div[@class=&amp;apos;ish-address&amp;apos;])[2]&amp;apos;&amp;quot;,&amp;quot;request&amp;quot;:{&amp;quot;headers&amp;quot;:{&amp;quot;Accept-Encoding&amp;quot;:&amp;quot;gzip,deflate&amp;quot;,&amp;quot;Connection&amp;quot;:&amp;quot;Keep-Alive&amp;quot;,&amp;quot;Content-Length&amp;quot;:&amp;quot;60&amp;quot;,&amp;quot;Content-Type&amp;quot;:&amp;quot;application/json; charset=utf-8&amp;quot;,&amp;quot;Host&amp;quot;:&amp;quot;localhost:10157&amp;quot;,&amp;quot;User-Agent&amp;quot;:&amp;quot;Apache-HttpClient/4.5.1 (Java/1.8.0_121)&amp;quot;},&amp;quot;httpVersion&amp;quot;:&amp;quot;1.1&amp;quot;,&amp;quot;method&amp;quot;:&amp;quot;POST&amp;quot;,&amp;quot;post&amp;quot;:&amp;quot;{\&amp;quot;using\&amp;quot;:\&amp;quot;xpath\&amp;quot;,\&amp;quot;value\&amp;quot;:\&amp;quot;(//div[@class=&amp;apos;ish-address&amp;apos;])[2]\&amp;quot;}&amp;quot;,&amp;quot;url&amp;quot;:&amp;quot;/element&amp;quot;,&amp;quot;urlParsed&amp;quot;:{&amp;quot;anchor&amp;quot;:&amp;quot;&amp;quot;,&amp;quot;query&amp;quot;:&amp;quot;&amp;quot;,&amp;quot;file&amp;quot;:&amp;quot;element&amp;quot;,&amp;quot;directory&amp;quot;:&amp;quot;/&amp;quot;,&amp;quot;path&amp;quot;:&amp;quot;/element&amp;quot;,&amp;quot;relative&amp;quot;:&amp;quot;/element&amp;quot;,&amp;quot;port&amp;quot;:&amp;quot;&amp;quot;,&amp;quot;host&amp;quot;:&amp;quot;&amp;quot;,&amp;quot;password&amp;quot;:&amp;quot;&amp;quot;,&amp;quot;user&amp;quot;:&amp;quot;&amp;quot;,&amp;quot;userInfo&amp;quot;:&amp;quot;&amp;quot;,&amp;quot;authority&amp;quot;:&amp;quot;&amp;quot;,&amp;quot;protocol&amp;quot;:&amp;quot;&amp;quot;,&amp;quot;source&amp;quot;:&amp;quot;/element&amp;quot;,&amp;quot;queryKey&amp;quot;:{},&amp;quot;chunks&amp;quot;:[&amp;quot;element&amp;quot;]},&amp;quot;urlOriginal&amp;quot;:&amp;quot;/session/21f1c2a0-2b11-11e7-b16b-dbd88351a76f/element&amp;quot;}}
Command duration or timeout: 1.30 seconds
For documentation on this error, please visit: http://seleniumhq.org/exceptions/no_such_element.html
Build info: version: &amp;apos;2.53.1&amp;apos;, revision: &amp;apos;a36b8b1&amp;apos;, time: &amp;apos;2016-06-30 17:37:03&amp;apos;
System info: host: &amp;apos;Ebsi-LAT5540-32&amp;apos;, ip: &amp;apos;10.15.200.54&amp;apos;, os.name: &amp;apos;Windows 7&amp;apos;, os.arch: &amp;apos;amd64&amp;apos;, os.version: &amp;apos;6.1&amp;apos;, java.version: &amp;apos;1.8.0_121&amp;apos;
Driver info: org.openqa.selenium.phantomjs.PhantomJSDriver
Capabilities [{applicationCacheEnabled=false, rotatable=false, handlesAlerts=false, databaseEnabled=false, version=2.1.1, platform=XP, browserConnectionEnabled=false, proxy={proxyType=direct}, nativeEvents=true, acceptSslCerts=false, driverVersion=1.2.0, locationContextEnabled=false, webStorageEnabled=false, browserName=phantomjs, takesScreenshot=true, driverName=ghostdriver, javascriptEnabled=true, cssSelectorsEnabled=true}]
Session ID: 21f1c2a0-2b11-11e7-b16b-dbd88351a76f
*** Element info: {Using=xpath, value=(//div[@class=&amp;apos;ish-address&amp;apos;])[2]}">
      <![CDATA[org.openqa.selenium.NoSuchElementException: {"errorMessage":"Unable to find element with xpath '(//div[@class='ish-address'])[2]'","request":{"headers":{"Accept-Encoding":"gzip,deflate","Connection":"Keep-Alive","Content-Length":"60","Content-Type":"application/json; charset=utf-8","Host":"localhost:10157","User-Agent":"Apache-HttpClient/4.5.1 (Java/1.8.0_121)"},"httpVersion":"1.1","method":"POST","post":"{\"using\":\"xpath\",\"value\":\"(//div[@class='ish-address'])[2]\"}","url":"/element","urlParsed":{"anchor":"","query":"","file":"element","directory":"/","path":"/element","relative":"/element","port":"","host":"","password":"","user":"","userInfo":"","authority":"","protocol":"","source":"/element","queryKey":{},"chunks":["element"]},"urlOriginal":"/session/21f1c2a0-2b11-11e7-b16b-dbd88351a76f/element"}}
Command duration or timeout: 1.30 seconds
For documentation on this error, please visit: http://seleniumhq.org/exceptions/no_such_element.html
Build info: version: '2.53.1', revision: 'a36b8b1', time: '2016-06-30 17:37:03'
System info: host: 'Ebsi-LAT5540-32', ip: '10.15.200.54', os.name: 'Windows 7', os.arch: 'amd64', os.version: '6.1', java.version: '1.8.0_121'
Driver info: org.openqa.selenium.phantomjs.PhantomJSDriver
Capabilities [{applicationCacheEnabled=false, rotatable=false, handlesAlerts=false, databaseEnabled=false, version=2.1.1, platform=XP, browserConnectionEnabled=false, proxy={proxyType=direct}, nativeEvents=true, acceptSslCerts=false, driverVersion=1.2.0, locationContextEnabled=false, webStorageEnabled=false, browserName=phantomjs, takesScreenshot=true, driverName=ghostdriver, javascriptEnabled=true, cssSelectorsEnabled=true}]
Session ID: 21f1c2a0-2b11-11e7-b16b-dbd88351a76f
*** Element info: {Using=xpath, value=(//div[@class='ish-address'])[2]}
	at sun.reflect.GeneratedConstructorAccessor23.newInstance(Unknown Source)
	at sun.reflect.DelegatingConstructorAccessorImpl.newInstance(Unknown Source)
	at java.lang.reflect.Constructor.newInstance(Unknown Source)
	at org.openqa.selenium.remote.ErrorHandler.createThrowable(ErrorHandler.java:206)
	at org.openqa.selenium.remote.ErrorHandler.throwIfResponseFailed(ErrorHandler.java:158)
	at org.openqa.selenium.remote.RemoteWebDriver.execute(RemoteWebDriver.java:678)
	at org.openqa.selenium.remote.RemoteWebDriver.findElement(RemoteWebDriver.java:363)
	at org.openqa.selenium.remote.RemoteWebDriver.findElementByXPath(RemoteWebDriver.java:500)
	at org.openqa.selenium.By$ByXPath.findElement(By.java:361)
	at org.openqa.selenium.remote.RemoteWebDriver.findElement(RemoteWebDriver.java:355)
	at com.eperium.main.jumpstart.JumpStartTestSuite.verifySidePanelAddress(JumpStartTestSuite.java:1584)
	at com.eperium.main.jumpstart.JumpStartTestSuite.verifySidePanelAddress2(JumpStartTestSuite.java:1598)
	at sun.reflect.NativeMethodAccessorImpl.invoke0(Native Method)
	at sun.reflect.NativeMethodAccessorImpl.invoke(Unknown Source)
	at sun.reflect.DelegatingMethodAccessorImpl.invoke(Unknown Source)
	at java.lang.reflect.Method.invoke(Unknown Source)
	at org.testng.internal.MethodInvocationHelper.invokeMethod(MethodInvocationHelper.java:85)
	at org.testng.internal.Invoker.invokeMethod(Invoker.java:639)
	at org.testng.internal.Invoker.invokeTestMethod(Invoker.java:816)
	at org.testng.internal.Invoker.invokeTestMethods(Invoker.java:1124)
	at org.testng.internal.TestMethodWorker.invokeTestMethods(TestMethodWorker.java:125)
	at org.testng.internal.TestMethodWorker.run(TestMethodWorker.java:108)
	at org.testng.TestRunner.privateRun(TestRunner.java:774)
	at org.testng.TestRunner.run(TestRunner.java:624)
	at org.testng.SuiteRunner.runTest(SuiteRunner.java:359)
	at org.testng.SuiteRunner.runSequentially(SuiteRunner.java:354)
	at org.testng.SuiteRunner.privateRun(SuiteRunner.java:312)
	at org.testng.SuiteRunner.run(SuiteRunner.java:261)
	at org.testng.SuiteRunnerWorker.runSuite(SuiteRunnerWorker.java:52)
	at org.testng.SuiteRunnerWorker.run(SuiteRunnerWorker.java:86)
	at org.testng.TestNG.runSuitesSequentially(TestNG.java:1215)
	at org.testng.TestNG.runSuitesLocally(TestNG.java:1140)
	at org.testng.TestNG.run(TestNG.java:1048)
	at org.testng.TestNG.privateMain(TestNG.java:1355)
	at org.testng.TestNG.main(TestNG.java:1324)
Caused by: org.openqa.selenium.remote.ScreenshotException: Screen shot has been taken
Build info: version: '2.53.1', revision: 'a36b8b1', time: '2016-06-30 17:37:03'
System info: host: 'Ebsi-LAT5540-32', ip: '10.15.200.54', os.name: 'Windows 7', os.arch: 'amd64', os.version: '6.1', java.version: '1.8.0_121'
Driver info: driver.version: RemoteWebDriver
	at org.openqa.selenium.remote.ErrorHandler.throwIfResponseFailed(ErrorHandler.java:138)
	... 30 more
Caused by: org.openqa.selenium.NoSuchElementException: {"errorMessage":"Unable to find element with xpath '(//div[@class='ish-address'])[2]'","request":{"headers":{"Accept-Encoding":"gzip,deflate","Connection":"Keep-Alive","Content-Length":"60","Content-Type":"application/json; charset=utf-8","Host":"localhost:10157","User-Agent":"Apache-HttpClient/4.5.1 (Java/1.8.0_121)"},"httpVersion":"1.1","method":"POST","post":"{\"using\":\"xpath\",\"value\":\"(//div[@class='ish-address'])[2]\"}","url":"/element","urlParsed":{"anchor":"","query":"","file":"element","directory":"/","path":"/element","relative":"/element","port":"","host":"","password":"","user":"","userInfo":"","authority":"","protocol":"","source":"/element","queryKey":{},"chunks":["element"]},"urlOriginal":"/session/21f1c2a0-2b11-11e7-b16b-dbd88351a76f/element"}}
For documentation on this error, please visit: http://seleniumhq.org/exceptions/no_such_element.html
Build info: version: '2.53.1', revision: 'a36b8b1', time: '2016-06-30 17:37:03'
System info: host: 'Ebsi-LAT5540-32', ip: '10.15.200.54', os.name: 'Windows 7', os.arch: 'amd64', os.version: '6.1', java.version: '1.8.0_121'
Driver info: driver.version: unknown
]]>
    </failure>
  </testcase> <!-- verifySidePanelAddress2 -->
  <testcase name="selectPaymentMethodVisa" time="2.77" classname="com.eperium.main.jumpstart.JumpStartTestSuite">
    <failure type="org.openqa.selenium.NoSuchElementException" message="{&amp;quot;errorMessage&amp;quot;:&amp;quot;Unable to find element with xpath &amp;apos;//label[contains(@class,&amp;apos;GC_VISA&amp;apos;)]&amp;apos;&amp;quot;,&amp;quot;request&amp;quot;:{&amp;quot;headers&amp;quot;:{&amp;quot;Accept-Encoding&amp;quot;:&amp;quot;gzip,deflate&amp;quot;,&amp;quot;Connection&amp;quot;:&amp;quot;Keep-Alive&amp;quot;,&amp;quot;Content-Length&amp;quot;:&amp;quot;63&amp;quot;,&amp;quot;Content-Type&amp;quot;:&amp;quot;application/json; charset=utf-8&amp;quot;,&amp;quot;Host&amp;quot;:&amp;quot;localhost:10157&amp;quot;,&amp;quot;User-Agent&amp;quot;:&amp;quot;Apache-HttpClient/4.5.1 (Java/1.8.0_121)&amp;quot;},&amp;quot;httpVersion&amp;quot;:&amp;quot;1.1&amp;quot;,&amp;quot;method&amp;quot;:&amp;quot;POST&amp;quot;,&amp;quot;post&amp;quot;:&amp;quot;{\&amp;quot;using\&amp;quot;:\&amp;quot;xpath\&amp;quot;,\&amp;quot;value\&amp;quot;:\&amp;quot;//label[contains(@class,&amp;apos;GC_VISA&amp;apos;)]\&amp;quot;}&amp;quot;,&amp;quot;url&amp;quot;:&amp;quot;/element&amp;quot;,&amp;quot;urlParsed&amp;quot;:{&amp;quot;anchor&amp;quot;:&amp;quot;&amp;quot;,&amp;quot;query&amp;quot;:&amp;quot;&amp;quot;,&amp;quot;file&amp;quot;:&amp;quot;element&amp;quot;,&amp;quot;directory&amp;quot;:&amp;quot;/&amp;quot;,&amp;quot;path&amp;quot;:&amp;quot;/element&amp;quot;,&amp;quot;relative&amp;quot;:&amp;quot;/element&amp;quot;,&amp;quot;port&amp;quot;:&amp;quot;&amp;quot;,&amp;quot;host&amp;quot;:&amp;quot;&amp;quot;,&amp;quot;password&amp;quot;:&amp;quot;&amp;quot;,&amp;quot;user&amp;quot;:&amp;quot;&amp;quot;,&amp;quot;userInfo&amp;quot;:&amp;quot;&amp;quot;,&amp;quot;authority&amp;quot;:&amp;quot;&amp;quot;,&amp;quot;protocol&amp;quot;:&amp;quot;&amp;quot;,&amp;quot;source&amp;quot;:&amp;quot;/element&amp;quot;,&amp;quot;queryKey&amp;quot;:{},&amp;quot;chunks&amp;quot;:[&amp;quot;element&amp;quot;]},&amp;quot;urlOriginal&amp;quot;:&amp;quot;/session/21f1c2a0-2b11-11e7-b16b-dbd88351a76f/element&amp;quot;}}
Command duration or timeout: 2.76 seconds
For documentation on this error, please visit: http://seleniumhq.org/exceptions/no_such_element.html
Build info: version: &amp;apos;2.53.1&amp;apos;, revision: &amp;apos;a36b8b1&amp;apos;, time: &amp;apos;2016-06-30 17:37:03&amp;apos;
System info: host: &amp;apos;Ebsi-LAT5540-32&amp;apos;, ip: &amp;apos;10.15.200.54&amp;apos;, os.name: &amp;apos;Windows 7&amp;apos;, os.arch: &amp;apos;amd64&amp;apos;, os.version: &amp;apos;6.1&amp;apos;, java.version: &amp;apos;1.8.0_121&amp;apos;
Driver info: org.openqa.selenium.phantomjs.PhantomJSDriver
Capabilities [{applicationCacheEnabled=false, rotatable=false, handlesAlerts=false, databaseEnabled=false, version=2.1.1, platform=XP, browserConnectionEnabled=false, proxy={proxyType=direct}, nativeEvents=true, acceptSslCerts=false, driverVersion=1.2.0, locationContextEnabled=false, webStorageEnabled=false, browserName=phantomjs, takesScreenshot=true, driverName=ghostdriver, javascriptEnabled=true, cssSelectorsEnabled=true}]
Session ID: 21f1c2a0-2b11-11e7-b16b-dbd88351a76f
*** Element info: {Using=xpath, value=//label[contains(@class,&amp;apos;GC_VISA&amp;apos;)]}">
      <![CDATA[org.openqa.selenium.NoSuchElementException: {"errorMessage":"Unable to find element with xpath '//label[contains(@class,'GC_VISA')]'","request":{"headers":{"Accept-Encoding":"gzip,deflate","Connection":"Keep-Alive","Content-Length":"63","Content-Type":"application/json; charset=utf-8","Host":"localhost:10157","User-Agent":"Apache-HttpClient/4.5.1 (Java/1.8.0_121)"},"httpVersion":"1.1","method":"POST","post":"{\"using\":\"xpath\",\"value\":\"//label[contains(@class,'GC_VISA')]\"}","url":"/element","urlParsed":{"anchor":"","query":"","file":"element","directory":"/","path":"/element","relative":"/element","port":"","host":"","password":"","user":"","userInfo":"","authority":"","protocol":"","source":"/element","queryKey":{},"chunks":["element"]},"urlOriginal":"/session/21f1c2a0-2b11-11e7-b16b-dbd88351a76f/element"}}
Command duration or timeout: 2.76 seconds
For documentation on this error, please visit: http://seleniumhq.org/exceptions/no_such_element.html
Build info: version: '2.53.1', revision: 'a36b8b1', time: '2016-06-30 17:37:03'
System info: host: 'Ebsi-LAT5540-32', ip: '10.15.200.54', os.name: 'Windows 7', os.arch: 'amd64', os.version: '6.1', java.version: '1.8.0_121'
Driver info: org.openqa.selenium.phantomjs.PhantomJSDriver
Capabilities [{applicationCacheEnabled=false, rotatable=false, handlesAlerts=false, databaseEnabled=false, version=2.1.1, platform=XP, browserConnectionEnabled=false, proxy={proxyType=direct}, nativeEvents=true, acceptSslCerts=false, driverVersion=1.2.0, locationContextEnabled=false, webStorageEnabled=false, browserName=phantomjs, takesScreenshot=true, driverName=ghostdriver, javascriptEnabled=true, cssSelectorsEnabled=true}]
Session ID: 21f1c2a0-2b11-11e7-b16b-dbd88351a76f
*** Element info: {Using=xpath, value=//label[contains(@class,'GC_VISA')]}
	at sun.reflect.GeneratedConstructorAccessor23.newInstance(Unknown Source)
	at sun.reflect.DelegatingConstructorAccessorImpl.newInstance(Unknown Source)
	at java.lang.reflect.Constructor.newInstance(Unknown Source)
	at org.openqa.selenium.remote.ErrorHandler.createThrowable(ErrorHandler.java:206)
	at org.openqa.selenium.remote.ErrorHandler.throwIfResponseFailed(ErrorHandler.java:158)
	at org.openqa.selenium.remote.RemoteWebDriver.execute(RemoteWebDriver.java:678)
	at org.openqa.selenium.remote.RemoteWebDriver.findElement(RemoteWebDriver.java:363)
	at org.openqa.selenium.remote.RemoteWebDriver.findElementByXPath(RemoteWebDriver.java:500)
	at org.openqa.selenium.By$ByXPath.findElement(By.java:361)
	at org.openqa.selenium.remote.RemoteWebDriver.findElement(RemoteWebDriver.java:355)
	at com.eperium.main.jumpstart.JumpStartTestSuite.selectPaymentMethodVisa(JumpStartTestSuite.java:800)
	at sun.reflect.NativeMethodAccessorImpl.invoke0(Native Method)
	at sun.reflect.NativeMethodAccessorImpl.invoke(Unknown Source)
	at sun.reflect.DelegatingMethodAccessorImpl.invoke(Unknown Source)
	at java.lang.reflect.Method.invoke(Unknown Source)
	at org.testng.internal.MethodInvocationHelper.invokeMethod(MethodInvocationHelper.java:85)
	at org.testng.internal.Invoker.invokeMethod(Invoker.java:639)
	at org.testng.internal.Invoker.invokeTestMethod(Invoker.java:816)
	at org.testng.internal.Invoker.invokeTestMethods(Invoker.java:1124)
	at org.testng.internal.TestMethodWorker.invokeTestMethods(TestMethodWorker.java:125)
	at org.testng.internal.TestMethodWorker.run(TestMethodWorker.java:108)
	at org.testng.TestRunner.privateRun(TestRunner.java:774)
	at org.testng.TestRunner.run(TestRunner.java:624)
	at org.testng.SuiteRunner.runTest(SuiteRunner.java:359)
	at org.testng.SuiteRunner.runSequentially(SuiteRunner.java:354)
	at org.testng.SuiteRunner.privateRun(SuiteRunner.java:312)
	at org.testng.SuiteRunner.run(SuiteRunner.java:261)
	at org.testng.SuiteRunnerWorker.runSuite(SuiteRunnerWorker.java:52)
	at org.testng.SuiteRunnerWorker.run(SuiteRunnerWorker.java:86)
	at org.testng.TestNG.runSuitesSequentially(TestNG.java:1215)
	at org.testng.TestNG.runSuitesLocally(TestNG.java:1140)
	at org.testng.TestNG.run(TestNG.java:1048)
	at org.testng.TestNG.privateMain(TestNG.java:1355)
	at org.testng.TestNG.main(TestNG.java:1324)
Caused by: org.openqa.selenium.remote.ScreenshotException: Screen shot has been taken
Build info: version: '2.53.1', revision: 'a36b8b1', time: '2016-06-30 17:37:03'
System info: host: 'Ebsi-LAT5540-32', ip: '10.15.200.54', os.name: 'Windows 7', os.arch: 'amd64', os.version: '6.1', java.version: '1.8.0_121'
Driver info: driver.version: RemoteWebDriver
	at org.openqa.selenium.remote.ErrorHandler.throwIfResponseFailed(ErrorHandler.java:138)
	... 29 more
Caused by: org.openqa.selenium.NoSuchElementException: {"errorMessage":"Unable to find element with xpath '//label[contains(@class,'GC_VISA')]'","request":{"headers":{"Accept-Encoding":"gzip,deflate","Connection":"Keep-Alive","Content-Length":"63","Content-Type":"application/json; charset=utf-8","Host":"localhost:10157","User-Agent":"Apache-HttpClient/4.5.1 (Java/1.8.0_121)"},"httpVersion":"1.1","method":"POST","post":"{\"using\":\"xpath\",\"value\":\"//label[contains(@class,'GC_VISA')]\"}","url":"/element","urlParsed":{"anchor":"","query":"","file":"element","directory":"/","path":"/element","relative":"/element","port":"","host":"","password":"","user":"","userInfo":"","authority":"","protocol":"","source":"/element","queryKey":{},"chunks":["element"]},"urlOriginal":"/session/21f1c2a0-2b11-11e7-b16b-dbd88351a76f/element"}}
For documentation on this error, please visit: http://seleniumhq.org/exceptions/no_such_element.html
Build info: version: '2.53.1', revision: 'a36b8b1', time: '2016-06-30 17:37:03'
System info: host: 'Ebsi-LAT5540-32', ip: '10.15.200.54', os.name: 'Windows 7', os.arch: 'amd64', os.version: '6.1', java.version: '1.8.0_121'
Driver info: driver.version: unknown
]]>
    </failure>
  </testcase> <!-- selectPaymentMethodVisa -->
  <testcase name="navigateToReviewPage" time="2.662" classname="com.eperium.main.jumpstart.JumpStartTestSuite">
    <failure type="org.openqa.selenium.NoSuchElementException" message="{&amp;quot;errorMessage&amp;quot;:&amp;quot;Unable to find element with xpath &amp;apos;//button[@name=&amp;apos;continue&amp;apos;]&amp;apos;&amp;quot;,&amp;quot;request&amp;quot;:{&amp;quot;headers&amp;quot;:{&amp;quot;Accept-Encoding&amp;quot;:&amp;quot;gzip,deflate&amp;quot;,&amp;quot;Connection&amp;quot;:&amp;quot;Keep-Alive&amp;quot;,&amp;quot;Content-Length&amp;quot;:&amp;quot;54&amp;quot;,&amp;quot;Content-Type&amp;quot;:&amp;quot;application/json; charset=utf-8&amp;quot;,&amp;quot;Host&amp;quot;:&amp;quot;localhost:10157&amp;quot;,&amp;quot;User-Agent&amp;quot;:&amp;quot;Apache-HttpClient/4.5.1 (Java/1.8.0_121)&amp;quot;},&amp;quot;httpVersion&amp;quot;:&amp;quot;1.1&amp;quot;,&amp;quot;method&amp;quot;:&amp;quot;POST&amp;quot;,&amp;quot;post&amp;quot;:&amp;quot;{\&amp;quot;using\&amp;quot;:\&amp;quot;xpath\&amp;quot;,\&amp;quot;value\&amp;quot;:\&amp;quot;//button[@name=&amp;apos;continue&amp;apos;]\&amp;quot;}&amp;quot;,&amp;quot;url&amp;quot;:&amp;quot;/element&amp;quot;,&amp;quot;urlParsed&amp;quot;:{&amp;quot;anchor&amp;quot;:&amp;quot;&amp;quot;,&amp;quot;query&amp;quot;:&amp;quot;&amp;quot;,&amp;quot;file&amp;quot;:&amp;quot;element&amp;quot;,&amp;quot;directory&amp;quot;:&amp;quot;/&amp;quot;,&amp;quot;path&amp;quot;:&amp;quot;/element&amp;quot;,&amp;quot;relative&amp;quot;:&amp;quot;/element&amp;quot;,&amp;quot;port&amp;quot;:&amp;quot;&amp;quot;,&amp;quot;host&amp;quot;:&amp;quot;&amp;quot;,&amp;quot;password&amp;quot;:&amp;quot;&amp;quot;,&amp;quot;user&amp;quot;:&amp;quot;&amp;quot;,&amp;quot;userInfo&amp;quot;:&amp;quot;&amp;quot;,&amp;quot;authority&amp;quot;:&amp;quot;&amp;quot;,&amp;quot;protocol&amp;quot;:&amp;quot;&amp;quot;,&amp;quot;source&amp;quot;:&amp;quot;/element&amp;quot;,&amp;quot;queryKey&amp;quot;:{},&amp;quot;chunks&amp;quot;:[&amp;quot;element&amp;quot;]},&amp;quot;urlOriginal&amp;quot;:&amp;quot;/session/21f1c2a0-2b11-11e7-b16b-dbd88351a76f/element&amp;quot;}}
Command duration or timeout: 2.66 seconds
For documentation on this error, please visit: http://seleniumhq.org/exceptions/no_such_element.html
Build info: version: &amp;apos;2.53.1&amp;apos;, revision: &amp;apos;a36b8b1&amp;apos;, time: &amp;apos;2016-06-30 17:37:03&amp;apos;
System info: host: &amp;apos;Ebsi-LAT5540-32&amp;apos;, ip: &amp;apos;10.15.200.54&amp;apos;, os.name: &amp;apos;Windows 7&amp;apos;, os.arch: &amp;apos;amd64&amp;apos;, os.version: &amp;apos;6.1&amp;apos;, java.version: &amp;apos;1.8.0_121&amp;apos;
Driver info: org.openqa.selenium.phantomjs.PhantomJSDriver
Capabilities [{applicationCacheEnabled=false, rotatable=false, handlesAlerts=false, databaseEnabled=false, version=2.1.1, platform=XP, browserConnectionEnabled=false, proxy={proxyType=direct}, nativeEvents=true, acceptSslCerts=false, driverVersion=1.2.0, locationContextEnabled=false, webStorageEnabled=false, browserName=phantomjs, takesScreenshot=true, driverName=ghostdriver, javascriptEnabled=true, cssSelectorsEnabled=true}]
Session ID: 21f1c2a0-2b11-11e7-b16b-dbd88351a76f
*** Element info: {Using=xpath, value=//button[@name=&amp;apos;continue&amp;apos;]}">
      <![CDATA[org.openqa.selenium.NoSuchElementException: {"errorMessage":"Unable to find element with xpath '//button[@name='continue']'","request":{"headers":{"Accept-Encoding":"gzip,deflate","Connection":"Keep-Alive","Content-Length":"54","Content-Type":"application/json; charset=utf-8","Host":"localhost:10157","User-Agent":"Apache-HttpClient/4.5.1 (Java/1.8.0_121)"},"httpVersion":"1.1","method":"POST","post":"{\"using\":\"xpath\",\"value\":\"//button[@name='continue']\"}","url":"/element","urlParsed":{"anchor":"","query":"","file":"element","directory":"/","path":"/element","relative":"/element","port":"","host":"","password":"","user":"","userInfo":"","authority":"","protocol":"","source":"/element","queryKey":{},"chunks":["element"]},"urlOriginal":"/session/21f1c2a0-2b11-11e7-b16b-dbd88351a76f/element"}}
Command duration or timeout: 2.66 seconds
For documentation on this error, please visit: http://seleniumhq.org/exceptions/no_such_element.html
Build info: version: '2.53.1', revision: 'a36b8b1', time: '2016-06-30 17:37:03'
System info: host: 'Ebsi-LAT5540-32', ip: '10.15.200.54', os.name: 'Windows 7', os.arch: 'amd64', os.version: '6.1', java.version: '1.8.0_121'
Driver info: org.openqa.selenium.phantomjs.PhantomJSDriver
Capabilities [{applicationCacheEnabled=false, rotatable=false, handlesAlerts=false, databaseEnabled=false, version=2.1.1, platform=XP, browserConnectionEnabled=false, proxy={proxyType=direct}, nativeEvents=true, acceptSslCerts=false, driverVersion=1.2.0, locationContextEnabled=false, webStorageEnabled=false, browserName=phantomjs, takesScreenshot=true, driverName=ghostdriver, javascriptEnabled=true, cssSelectorsEnabled=true}]
Session ID: 21f1c2a0-2b11-11e7-b16b-dbd88351a76f
*** Element info: {Using=xpath, value=//button[@name='continue']}
	at sun.reflect.GeneratedConstructorAccessor23.newInstance(Unknown Source)
	at sun.reflect.DelegatingConstructorAccessorImpl.newInstance(Unknown Source)
	at java.lang.reflect.Constructor.newInstance(Unknown Source)
	at org.openqa.selenium.remote.ErrorHandler.createThrowable(ErrorHandler.java:206)
	at org.openqa.selenium.remote.ErrorHandler.throwIfResponseFailed(ErrorHandler.java:158)
	at org.openqa.selenium.remote.RemoteWebDriver.execute(RemoteWebDriver.java:678)
	at org.openqa.selenium.remote.RemoteWebDriver.findElement(RemoteWebDriver.java:363)
	at org.openqa.selenium.remote.RemoteWebDriver.findElementByXPath(RemoteWebDriver.java:500)
	at org.openqa.selenium.By$ByXPath.findElement(By.java:361)
	at org.openqa.selenium.remote.RemoteWebDriver.findElement(RemoteWebDriver.java:355)
	at com.eperium.main.jumpstart.JumpStartTestSuite.navigateToReviewPage(JumpStartTestSuite.java:837)
	at sun.reflect.NativeMethodAccessorImpl.invoke0(Native Method)
	at sun.reflect.NativeMethodAccessorImpl.invoke(Unknown Source)
	at sun.reflect.DelegatingMethodAccessorImpl.invoke(Unknown Source)
	at java.lang.reflect.Method.invoke(Unknown Source)
	at org.testng.internal.MethodInvocationHelper.invokeMethod(MethodInvocationHelper.java:85)
	at org.testng.internal.Invoker.invokeMethod(Invoker.java:639)
	at org.testng.internal.Invoker.invokeTestMethod(Invoker.java:816)
	at org.testng.internal.Invoker.invokeTestMethods(Invoker.java:1124)
	at org.testng.internal.TestMethodWorker.invokeTestMethods(TestMethodWorker.java:125)
	at org.testng.internal.TestMethodWorker.run(TestMethodWorker.java:108)
	at org.testng.TestRunner.privateRun(TestRunner.java:774)
	at org.testng.TestRunner.run(TestRunner.java:624)
	at org.testng.SuiteRunner.runTest(SuiteRunner.java:359)
	at org.testng.SuiteRunner.runSequentially(SuiteRunner.java:354)
	at org.testng.SuiteRunner.privateRun(SuiteRunner.java:312)
	at org.testng.SuiteRunner.run(SuiteRunner.java:261)
	at org.testng.SuiteRunnerWorker.runSuite(SuiteRunnerWorker.java:52)
	at org.testng.SuiteRunnerWorker.run(SuiteRunnerWorker.java:86)
	at org.testng.TestNG.runSuitesSequentially(TestNG.java:1215)
	at org.testng.TestNG.runSuitesLocally(TestNG.java:1140)
	at org.testng.TestNG.run(TestNG.java:1048)
	at org.testng.TestNG.privateMain(TestNG.java:1355)
	at org.testng.TestNG.main(TestNG.java:1324)
Caused by: org.openqa.selenium.remote.ScreenshotException: Screen shot has been taken
Build info: version: '2.53.1', revision: 'a36b8b1', time: '2016-06-30 17:37:03'
System info: host: 'Ebsi-LAT5540-32', ip: '10.15.200.54', os.name: 'Windows 7', os.arch: 'amd64', os.version: '6.1', java.version: '1.8.0_121'
Driver info: driver.version: RemoteWebDriver
	at org.openqa.selenium.remote.ErrorHandler.throwIfResponseFailed(ErrorHandler.java:138)
	... 29 more
Caused by: org.openqa.selenium.NoSuchElementException: {"errorMessage":"Unable to find element with xpath '//button[@name='continue']'","request":{"headers":{"Accept-Encoding":"gzip,deflate","Connection":"Keep-Alive","Content-Length":"54","Content-Type":"application/json; charset=utf-8","Host":"localhost:10157","User-Agent":"Apache-HttpClient/4.5.1 (Java/1.8.0_121)"},"httpVersion":"1.1","method":"POST","post":"{\"using\":\"xpath\",\"value\":\"//button[@name='continue']\"}","url":"/element","urlParsed":{"anchor":"","query":"","file":"element","directory":"/","path":"/element","relative":"/element","port":"","host":"","password":"","user":"","userInfo":"","authority":"","protocol":"","source":"/element","queryKey":{},"chunks":["element"]},"urlOriginal":"/session/21f1c2a0-2b11-11e7-b16b-dbd88351a76f/element"}}
For documentation on this error, please visit: http://seleniumhq.org/exceptions/no_such_element.html
Build info: version: '2.53.1', revision: 'a36b8b1', time: '2016-06-30 17:37:03'
System info: host: 'Ebsi-LAT5540-32', ip: '10.15.200.54', os.name: 'Windows 7', os.arch: 'amd64', os.version: '6.1', java.version: '1.8.0_121'
Driver info: driver.version: unknown
]]>
    </failure>
  </testcase> <!-- navigateToReviewPage -->
  <testcase name="verifySidePanelAddress3" time="1.389" classname="com.eperium.main.jumpstart.JumpStartTestSuite">
    <failure type="org.openqa.selenium.NoSuchElementException" message="{&amp;quot;errorMessage&amp;quot;:&amp;quot;Unable to find element with xpath &amp;apos;(//div[@class=&amp;apos;ish-address&amp;apos;])[2]&amp;apos;&amp;quot;,&amp;quot;request&amp;quot;:{&amp;quot;headers&amp;quot;:{&amp;quot;Accept-Encoding&amp;quot;:&amp;quot;gzip,deflate&amp;quot;,&amp;quot;Connection&amp;quot;:&amp;quot;Keep-Alive&amp;quot;,&amp;quot;Content-Length&amp;quot;:&amp;quot;60&amp;quot;,&amp;quot;Content-Type&amp;quot;:&amp;quot;application/json; charset=utf-8&amp;quot;,&amp;quot;Host&amp;quot;:&amp;quot;localhost:10157&amp;quot;,&amp;quot;User-Agent&amp;quot;:&amp;quot;Apache-HttpClient/4.5.1 (Java/1.8.0_121)&amp;quot;},&amp;quot;httpVersion&amp;quot;:&amp;quot;1.1&amp;quot;,&amp;quot;method&amp;quot;:&amp;quot;POST&amp;quot;,&amp;quot;post&amp;quot;:&amp;quot;{\&amp;quot;using\&amp;quot;:\&amp;quot;xpath\&amp;quot;,\&amp;quot;value\&amp;quot;:\&amp;quot;(//div[@class=&amp;apos;ish-address&amp;apos;])[2]\&amp;quot;}&amp;quot;,&amp;quot;url&amp;quot;:&amp;quot;/element&amp;quot;,&amp;quot;urlParsed&amp;quot;:{&amp;quot;anchor&amp;quot;:&amp;quot;&amp;quot;,&amp;quot;query&amp;quot;:&amp;quot;&amp;quot;,&amp;quot;file&amp;quot;:&amp;quot;element&amp;quot;,&amp;quot;directory&amp;quot;:&amp;quot;/&amp;quot;,&amp;quot;path&amp;quot;:&amp;quot;/element&amp;quot;,&amp;quot;relative&amp;quot;:&amp;quot;/element&amp;quot;,&amp;quot;port&amp;quot;:&amp;quot;&amp;quot;,&amp;quot;host&amp;quot;:&amp;quot;&amp;quot;,&amp;quot;password&amp;quot;:&amp;quot;&amp;quot;,&amp;quot;user&amp;quot;:&amp;quot;&amp;quot;,&amp;quot;userInfo&amp;quot;:&amp;quot;&amp;quot;,&amp;quot;authority&amp;quot;:&amp;quot;&amp;quot;,&amp;quot;protocol&amp;quot;:&amp;quot;&amp;quot;,&amp;quot;source&amp;quot;:&amp;quot;/element&amp;quot;,&amp;quot;queryKey&amp;quot;:{},&amp;quot;chunks&amp;quot;:[&amp;quot;element&amp;quot;]},&amp;quot;urlOriginal&amp;quot;:&amp;quot;/session/21f1c2a0-2b11-11e7-b16b-dbd88351a76f/element&amp;quot;}}
Command duration or timeout: 1.38 seconds
For documentation on this error, please visit: http://seleniumhq.org/exceptions/no_such_element.html
Build info: version: &amp;apos;2.53.1&amp;apos;, revision: &amp;apos;a36b8b1&amp;apos;, time: &amp;apos;2016-06-30 17:37:03&amp;apos;
System info: host: &amp;apos;Ebsi-LAT5540-32&amp;apos;, ip: &amp;apos;10.15.200.54&amp;apos;, os.name: &amp;apos;Windows 7&amp;apos;, os.arch: &amp;apos;amd64&amp;apos;, os.version: &amp;apos;6.1&amp;apos;, java.version: &amp;apos;1.8.0_121&amp;apos;
Driver info: org.openqa.selenium.phantomjs.PhantomJSDriver
Capabilities [{applicationCacheEnabled=false, rotatable=false, handlesAlerts=false, databaseEnabled=false, version=2.1.1, platform=XP, browserConnectionEnabled=false, proxy={proxyType=direct}, nativeEvents=true, acceptSslCerts=false, driverVersion=1.2.0, locationContextEnabled=false, webStorageEnabled=false, browserName=phantomjs, takesScreenshot=true, driverName=ghostdriver, javascriptEnabled=true, cssSelectorsEnabled=true}]
Session ID: 21f1c2a0-2b11-11e7-b16b-dbd88351a76f
*** Element info: {Using=xpath, value=(//div[@class=&amp;apos;ish-address&amp;apos;])[2]}">
      <![CDATA[org.openqa.selenium.NoSuchElementException: {"errorMessage":"Unable to find element with xpath '(//div[@class='ish-address'])[2]'","request":{"headers":{"Accept-Encoding":"gzip,deflate","Connection":"Keep-Alive","Content-Length":"60","Content-Type":"application/json; charset=utf-8","Host":"localhost:10157","User-Agent":"Apache-HttpClient/4.5.1 (Java/1.8.0_121)"},"httpVersion":"1.1","method":"POST","post":"{\"using\":\"xpath\",\"value\":\"(//div[@class='ish-address'])[2]\"}","url":"/element","urlParsed":{"anchor":"","query":"","file":"element","directory":"/","path":"/element","relative":"/element","port":"","host":"","password":"","user":"","userInfo":"","authority":"","protocol":"","source":"/element","queryKey":{},"chunks":["element"]},"urlOriginal":"/session/21f1c2a0-2b11-11e7-b16b-dbd88351a76f/element"}}
Command duration or timeout: 1.38 seconds
For documentation on this error, please visit: http://seleniumhq.org/exceptions/no_such_element.html
Build info: version: '2.53.1', revision: 'a36b8b1', time: '2016-06-30 17:37:03'
System info: host: 'Ebsi-LAT5540-32', ip: '10.15.200.54', os.name: 'Windows 7', os.arch: 'amd64', os.version: '6.1', java.version: '1.8.0_121'
Driver info: org.openqa.selenium.phantomjs.PhantomJSDriver
Capabilities [{applicationCacheEnabled=false, rotatable=false, handlesAlerts=false, databaseEnabled=false, version=2.1.1, platform=XP, browserConnectionEnabled=false, proxy={proxyType=direct}, nativeEvents=true, acceptSslCerts=false, driverVersion=1.2.0, locationContextEnabled=false, webStorageEnabled=false, browserName=phantomjs, takesScreenshot=true, driverName=ghostdriver, javascriptEnabled=true, cssSelectorsEnabled=true}]
Session ID: 21f1c2a0-2b11-11e7-b16b-dbd88351a76f
*** Element info: {Using=xpath, value=(//div[@class='ish-address'])[2]}
	at sun.reflect.GeneratedConstructorAccessor23.newInstance(Unknown Source)
	at sun.reflect.DelegatingConstructorAccessorImpl.newInstance(Unknown Source)
	at java.lang.reflect.Constructor.newInstance(Unknown Source)
	at org.openqa.selenium.remote.ErrorHandler.createThrowable(ErrorHandler.java:206)
	at org.openqa.selenium.remote.ErrorHandler.throwIfResponseFailed(ErrorHandler.java:158)
	at org.openqa.selenium.remote.RemoteWebDriver.execute(RemoteWebDriver.java:678)
	at org.openqa.selenium.remote.RemoteWebDriver.findElement(RemoteWebDriver.java:363)
	at org.openqa.selenium.remote.RemoteWebDriver.findElementByXPath(RemoteWebDriver.java:500)
	at org.openqa.selenium.By$ByXPath.findElement(By.java:361)
	at org.openqa.selenium.remote.RemoteWebDriver.findElement(RemoteWebDriver.java:355)
	at com.eperium.main.jumpstart.JumpStartTestSuite.verifySidePanelAddress(JumpStartTestSuite.java:1584)
	at com.eperium.main.jumpstart.JumpStartTestSuite.verifySidePanelAddress3(JumpStartTestSuite.java:1603)
	at sun.reflect.NativeMethodAccessorImpl.invoke0(Native Method)
	at sun.reflect.NativeMethodAccessorImpl.invoke(Unknown Source)
	at sun.reflect.DelegatingMethodAccessorImpl.invoke(Unknown Source)
	at java.lang.reflect.Method.invoke(Unknown Source)
	at org.testng.internal.MethodInvocationHelper.invokeMethod(MethodInvocationHelper.java:85)
	at org.testng.internal.Invoker.invokeMethod(Invoker.java:639)
	at org.testng.internal.Invoker.invokeTestMethod(Invoker.java:816)
	at org.testng.internal.Invoker.invokeTestMethods(Invoker.java:1124)
	at org.testng.internal.TestMethodWorker.invokeTestMethods(TestMethodWorker.java:125)
	at org.testng.internal.TestMethodWorker.run(TestMethodWorker.java:108)
	at org.testng.TestRunner.privateRun(TestRunner.java:774)
	at org.testng.TestRunner.run(TestRunner.java:624)
	at org.testng.SuiteRunner.runTest(SuiteRunner.java:359)
	at org.testng.SuiteRunner.runSequentially(SuiteRunner.java:354)
	at org.testng.SuiteRunner.privateRun(SuiteRunner.java:312)
	at org.testng.SuiteRunner.run(SuiteRunner.java:261)
	at org.testng.SuiteRunnerWorker.runSuite(SuiteRunnerWorker.java:52)
	at org.testng.SuiteRunnerWorker.run(SuiteRunnerWorker.java:86)
	at org.testng.TestNG.runSuitesSequentially(TestNG.java:1215)
	at org.testng.TestNG.runSuitesLocally(TestNG.java:1140)
	at org.testng.TestNG.run(TestNG.java:1048)
	at org.testng.TestNG.privateMain(TestNG.java:1355)
	at org.testng.TestNG.main(TestNG.java:1324)
Caused by: org.openqa.selenium.remote.ScreenshotException: Screen shot has been taken
Build info: version: '2.53.1', revision: 'a36b8b1', time: '2016-06-30 17:37:03'
System info: host: 'Ebsi-LAT5540-32', ip: '10.15.200.54', os.name: 'Windows 7', os.arch: 'amd64', os.version: '6.1', java.version: '1.8.0_121'
Driver info: driver.version: RemoteWebDriver
	at org.openqa.selenium.remote.ErrorHandler.throwIfResponseFailed(ErrorHandler.java:138)
	... 30 more
Caused by: org.openqa.selenium.NoSuchElementException: {"errorMessage":"Unable to find element with xpath '(//div[@class='ish-address'])[2]'","request":{"headers":{"Accept-Encoding":"gzip,deflate","Connection":"Keep-Alive","Content-Length":"60","Content-Type":"application/json; charset=utf-8","Host":"localhost:10157","User-Agent":"Apache-HttpClient/4.5.1 (Java/1.8.0_121)"},"httpVersion":"1.1","method":"POST","post":"{\"using\":\"xpath\",\"value\":\"(//div[@class='ish-address'])[2]\"}","url":"/element","urlParsed":{"anchor":"","query":"","file":"element","directory":"/","path":"/element","relative":"/element","port":"","host":"","password":"","user":"","userInfo":"","authority":"","protocol":"","source":"/element","queryKey":{},"chunks":["element"]},"urlOriginal":"/session/21f1c2a0-2b11-11e7-b16b-dbd88351a76f/element"}}
For documentation on this error, please visit: http://seleniumhq.org/exceptions/no_such_element.html
Build info: version: '2.53.1', revision: 'a36b8b1', time: '2016-06-30 17:37:03'
System info: host: 'Ebsi-LAT5540-32', ip: '10.15.200.54', os.name: 'Windows 7', os.arch: 'amd64', os.version: '6.1', java.version: '1.8.0_121'
Driver info: driver.version: unknown
]]>
    </failure>
  </testcase> <!-- verifySidePanelAddress3 -->
  <testcase name="submitOrder" time="3.421" classname="com.eperium.main.jumpstart.JumpStartTestSuite">
    <failure type="org.openqa.selenium.NoSuchElementException" message="{&amp;quot;errorMessage&amp;quot;:&amp;quot;Unable to find element with xpath &amp;apos;//label[@class=&amp;apos;kor-noLabelErrorColor&amp;apos;]&amp;apos;&amp;quot;,&amp;quot;request&amp;quot;:{&amp;quot;headers&amp;quot;:{&amp;quot;Accept-Encoding&amp;quot;:&amp;quot;gzip,deflate&amp;quot;,&amp;quot;Connection&amp;quot;:&amp;quot;Keep-Alive&amp;quot;,&amp;quot;Content-Length&amp;quot;:&amp;quot;67&amp;quot;,&amp;quot;Content-Type&amp;quot;:&amp;quot;application/json; charset=utf-8&amp;quot;,&amp;quot;Host&amp;quot;:&amp;quot;localhost:10157&amp;quot;,&amp;quot;User-Agent&amp;quot;:&amp;quot;Apache-HttpClient/4.5.1 (Java/1.8.0_121)&amp;quot;},&amp;quot;httpVersion&amp;quot;:&amp;quot;1.1&amp;quot;,&amp;quot;method&amp;quot;:&amp;quot;POST&amp;quot;,&amp;quot;post&amp;quot;:&amp;quot;{\&amp;quot;using\&amp;quot;:\&amp;quot;xpath\&amp;quot;,\&amp;quot;value\&amp;quot;:\&amp;quot;//label[@class=&amp;apos;kor-noLabelErrorColor&amp;apos;]\&amp;quot;}&amp;quot;,&amp;quot;url&amp;quot;:&amp;quot;/element&amp;quot;,&amp;quot;urlParsed&amp;quot;:{&amp;quot;anchor&amp;quot;:&amp;quot;&amp;quot;,&amp;quot;query&amp;quot;:&amp;quot;&amp;quot;,&amp;quot;file&amp;quot;:&amp;quot;element&amp;quot;,&amp;quot;directory&amp;quot;:&amp;quot;/&amp;quot;,&amp;quot;path&amp;quot;:&amp;quot;/element&amp;quot;,&amp;quot;relative&amp;quot;:&amp;quot;/element&amp;quot;,&amp;quot;port&amp;quot;:&amp;quot;&amp;quot;,&amp;quot;host&amp;quot;:&amp;quot;&amp;quot;,&amp;quot;password&amp;quot;:&amp;quot;&amp;quot;,&amp;quot;user&amp;quot;:&amp;quot;&amp;quot;,&amp;quot;userInfo&amp;quot;:&amp;quot;&amp;quot;,&amp;quot;authority&amp;quot;:&amp;quot;&amp;quot;,&amp;quot;protocol&amp;quot;:&amp;quot;&amp;quot;,&amp;quot;source&amp;quot;:&amp;quot;/element&amp;quot;,&amp;quot;queryKey&amp;quot;:{},&amp;quot;chunks&amp;quot;:[&amp;quot;element&amp;quot;]},&amp;quot;urlOriginal&amp;quot;:&amp;quot;/session/21f1c2a0-2b11-11e7-b16b-dbd88351a76f/element&amp;quot;}}
Command duration or timeout: 3.42 seconds
For documentation on this error, please visit: http://seleniumhq.org/exceptions/no_such_element.html
Build info: version: &amp;apos;2.53.1&amp;apos;, revision: &amp;apos;a36b8b1&amp;apos;, time: &amp;apos;2016-06-30 17:37:03&amp;apos;
System info: host: &amp;apos;Ebsi-LAT5540-32&amp;apos;, ip: &amp;apos;10.15.200.54&amp;apos;, os.name: &amp;apos;Windows 7&amp;apos;, os.arch: &amp;apos;amd64&amp;apos;, os.version: &amp;apos;6.1&amp;apos;, java.version: &amp;apos;1.8.0_121&amp;apos;
Driver info: org.openqa.selenium.phantomjs.PhantomJSDriver
Capabilities [{applicationCacheEnabled=false, rotatable=false, handlesAlerts=false, databaseEnabled=false, version=2.1.1, platform=XP, browserConnectionEnabled=false, proxy={proxyType=direct}, nativeEvents=true, acceptSslCerts=false, driverVersion=1.2.0, locationContextEnabled=false, webStorageEnabled=false, browserName=phantomjs, takesScreenshot=true, driverName=ghostdriver, javascriptEnabled=true, cssSelectorsEnabled=true}]
Session ID: 21f1c2a0-2b11-11e7-b16b-dbd88351a76f
*** Element info: {Using=xpath, value=//label[@class=&amp;apos;kor-noLabelErrorColor&amp;apos;]}">
      <![CDATA[org.openqa.selenium.NoSuchElementException: {"errorMessage":"Unable to find element with xpath '//label[@class='kor-noLabelErrorColor']'","request":{"headers":{"Accept-Encoding":"gzip,deflate","Connection":"Keep-Alive","Content-Length":"67","Content-Type":"application/json; charset=utf-8","Host":"localhost:10157","User-Agent":"Apache-HttpClient/4.5.1 (Java/1.8.0_121)"},"httpVersion":"1.1","method":"POST","post":"{\"using\":\"xpath\",\"value\":\"//label[@class='kor-noLabelErrorColor']\"}","url":"/element","urlParsed":{"anchor":"","query":"","file":"element","directory":"/","path":"/element","relative":"/element","port":"","host":"","password":"","user":"","userInfo":"","authority":"","protocol":"","source":"/element","queryKey":{},"chunks":["element"]},"urlOriginal":"/session/21f1c2a0-2b11-11e7-b16b-dbd88351a76f/element"}}
Command duration or timeout: 3.42 seconds
For documentation on this error, please visit: http://seleniumhq.org/exceptions/no_such_element.html
Build info: version: '2.53.1', revision: 'a36b8b1', time: '2016-06-30 17:37:03'
System info: host: 'Ebsi-LAT5540-32', ip: '10.15.200.54', os.name: 'Windows 7', os.arch: 'amd64', os.version: '6.1', java.version: '1.8.0_121'
Driver info: org.openqa.selenium.phantomjs.PhantomJSDriver
Capabilities [{applicationCacheEnabled=false, rotatable=false, handlesAlerts=false, databaseEnabled=false, version=2.1.1, platform=XP, browserConnectionEnabled=false, proxy={proxyType=direct}, nativeEvents=true, acceptSslCerts=false, driverVersion=1.2.0, locationContextEnabled=false, webStorageEnabled=false, browserName=phantomjs, takesScreenshot=true, driverName=ghostdriver, javascriptEnabled=true, cssSelectorsEnabled=true}]
Session ID: 21f1c2a0-2b11-11e7-b16b-dbd88351a76f
*** Element info: {Using=xpath, value=//label[@class='kor-noLabelErrorColor']}
	at sun.reflect.GeneratedConstructorAccessor23.newInstance(Unknown Source)
	at sun.reflect.DelegatingConstructorAccessorImpl.newInstance(Unknown Source)
	at java.lang.reflect.Constructor.newInstance(Unknown Source)
	at org.openqa.selenium.remote.ErrorHandler.createThrowable(ErrorHandler.java:206)
	at org.openqa.selenium.remote.ErrorHandler.throwIfResponseFailed(ErrorHandler.java:158)
	at org.openqa.selenium.remote.RemoteWebDriver.execute(RemoteWebDriver.java:678)
	at org.openqa.selenium.remote.RemoteWebDriver.findElement(RemoteWebDriver.java:363)
	at org.openqa.selenium.remote.RemoteWebDriver.findElementByXPath(RemoteWebDriver.java:500)
	at org.openqa.selenium.By$ByXPath.findElement(By.java:361)
	at org.openqa.selenium.remote.RemoteWebDriver.findElement(RemoteWebDriver.java:355)
	at com.eperium.main.jumpstart.JumpStartTestSuite.submitOrder(JumpStartTestSuite.java:861)
	at sun.reflect.NativeMethodAccessorImpl.invoke0(Native Method)
	at sun.reflect.NativeMethodAccessorImpl.invoke(Unknown Source)
	at sun.reflect.DelegatingMethodAccessorImpl.invoke(Unknown Source)
	at java.lang.reflect.Method.invoke(Unknown Source)
	at org.testng.internal.MethodInvocationHelper.invokeMethod(MethodInvocationHelper.java:85)
	at org.testng.internal.Invoker.invokeMethod(Invoker.java:639)
	at org.testng.internal.Invoker.invokeTestMethod(Invoker.java:816)
	at org.testng.internal.Invoker.invokeTestMethods(Invoker.java:1124)
	at org.testng.internal.TestMethodWorker.invokeTestMethods(TestMethodWorker.java:125)
	at org.testng.internal.TestMethodWorker.run(TestMethodWorker.java:108)
	at org.testng.TestRunner.privateRun(TestRunner.java:774)
	at org.testng.TestRunner.run(TestRunner.java:624)
	at org.testng.SuiteRunner.runTest(SuiteRunner.java:359)
	at org.testng.SuiteRunner.runSequentially(SuiteRunner.java:354)
	at org.testng.SuiteRunner.privateRun(SuiteRunner.java:312)
	at org.testng.SuiteRunner.run(SuiteRunner.java:261)
	at org.testng.SuiteRunnerWorker.runSuite(SuiteRunnerWorker.java:52)
	at org.testng.SuiteRunnerWorker.run(SuiteRunnerWorker.java:86)
	at org.testng.TestNG.runSuitesSequentially(TestNG.java:1215)
	at org.testng.TestNG.runSuitesLocally(TestNG.java:1140)
	at org.testng.TestNG.run(TestNG.java:1048)
	at org.testng.TestNG.privateMain(TestNG.java:1355)
	at org.testng.TestNG.main(TestNG.java:1324)
Caused by: org.openqa.selenium.remote.ScreenshotException: Screen shot has been taken
Build info: version: '2.53.1', revision: 'a36b8b1', time: '2016-06-30 17:37:03'
System info: host: 'Ebsi-LAT5540-32', ip: '10.15.200.54', os.name: 'Windows 7', os.arch: 'amd64', os.version: '6.1', java.version: '1.8.0_121'
Driver info: driver.version: RemoteWebDriver
	at org.openqa.selenium.remote.ErrorHandler.throwIfResponseFailed(ErrorHandler.java:138)
	... 29 more
Caused by: org.openqa.selenium.NoSuchElementException: {"errorMessage":"Unable to find element with xpath '//label[@class='kor-noLabelErrorColor']'","request":{"headers":{"Accept-Encoding":"gzip,deflate","Connection":"Keep-Alive","Content-Length":"67","Content-Type":"application/json; charset=utf-8","Host":"localhost:10157","User-Agent":"Apache-HttpClient/4.5.1 (Java/1.8.0_121)"},"httpVersion":"1.1","method":"POST","post":"{\"using\":\"xpath\",\"value\":\"//label[@class='kor-noLabelErrorColor']\"}","url":"/element","urlParsed":{"anchor":"","query":"","file":"element","directory":"/","path":"/element","relative":"/element","port":"","host":"","password":"","user":"","userInfo":"","authority":"","protocol":"","source":"/element","queryKey":{},"chunks":["element"]},"urlOriginal":"/session/21f1c2a0-2b11-11e7-b16b-dbd88351a76f/element"}}
For documentation on this error, please visit: http://seleniumhq.org/exceptions/no_such_element.html
Build info: version: '2.53.1', revision: 'a36b8b1', time: '2016-06-30 17:37:03'
System info: host: 'Ebsi-LAT5540-32', ip: '10.15.200.54', os.name: 'Windows 7', os.arch: 'amd64', os.version: '6.1', java.version: '1.8.0_121'
Driver info: driver.version: unknown
]]>
    </failure>
  </testcase> <!-- submitOrder -->
  <testcase name="makePayment" time="0.007" classname="com.eperium.main.jumpstart.JumpStartTestSuite">
    <failure type="java.lang.NullPointerException">
      <![CDATA[java.lang.NullPointerException
	at com.eperium.main.jumpstart.JumpStartTestSuite.makePayment(JumpStartTestSuite.java:877)
	at sun.reflect.NativeMethodAccessorImpl.invoke0(Native Method)
	at sun.reflect.NativeMethodAccessorImpl.invoke(Unknown Source)
	at sun.reflect.DelegatingMethodAccessorImpl.invoke(Unknown Source)
	at java.lang.reflect.Method.invoke(Unknown Source)
	at org.testng.internal.MethodInvocationHelper.invokeMethod(MethodInvocationHelper.java:85)
	at org.testng.internal.Invoker.invokeMethod(Invoker.java:639)
	at org.testng.internal.Invoker.invokeTestMethod(Invoker.java:816)
	at org.testng.internal.Invoker.invokeTestMethods(Invoker.java:1124)
	at org.testng.internal.TestMethodWorker.invokeTestMethods(TestMethodWorker.java:125)
	at org.testng.internal.TestMethodWorker.run(TestMethodWorker.java:108)
	at org.testng.TestRunner.privateRun(TestRunner.java:774)
	at org.testng.TestRunner.run(TestRunner.java:624)
	at org.testng.SuiteRunner.runTest(SuiteRunner.java:359)
	at org.testng.SuiteRunner.runSequentially(SuiteRunner.java:354)
	at org.testng.SuiteRunner.privateRun(SuiteRunner.java:312)
	at org.testng.SuiteRunner.run(SuiteRunner.java:261)
	at org.testng.SuiteRunnerWorker.runSuite(SuiteRunnerWorker.java:52)
	at org.testng.SuiteRunnerWorker.run(SuiteRunnerWorker.java:86)
	at org.testng.TestNG.runSuitesSequentially(TestNG.java:1215)
	at org.testng.TestNG.runSuitesLocally(TestNG.java:1140)
	at org.testng.TestNG.run(TestNG.java:1048)
	at org.testng.TestNG.privateMain(TestNG.java:1355)
	at org.testng.TestNG.main(TestNG.java:1324)
]]>
    </failure>
  </testcase> <!-- makePayment -->
  <testcase name="verifySuccessfulOrder" time="0.007" classname="com.eperium.main.jumpstart.JumpStartTestSuite">
    <failure type="java.lang.NoSuchMethodError" message="org.openqa.selenium.support.ui.WebDriverWait.until(Ljava/util/function/Function;)Ljava/lang/Object;">
      <![CDATA[java.lang.NoSuchMethodError: org.openqa.selenium.support.ui.WebDriverWait.until(Ljava/util/function/Function;)Ljava/lang/Object;
	at com.eperium.main.jumpstart.JumpStartTestSuite.verifySuccessfulOrder(JumpStartTestSuite.java:905)
	at sun.reflect.NativeMethodAccessorImpl.invoke0(Native Method)
	at sun.reflect.NativeMethodAccessorImpl.invoke(Unknown Source)
	at sun.reflect.DelegatingMethodAccessorImpl.invoke(Unknown Source)
	at java.lang.reflect.Method.invoke(Unknown Source)
	at org.testng.internal.MethodInvocationHelper.invokeMethod(MethodInvocationHelper.java:85)
	at org.testng.internal.Invoker.invokeMethod(Invoker.java:639)
	at org.testng.internal.Invoker.invokeTestMethod(Invoker.java:816)
	at org.testng.internal.Invoker.invokeTestMethods(Invoker.java:1124)
	at org.testng.internal.TestMethodWorker.invokeTestMethods(TestMethodWorker.java:125)
	at org.testng.internal.TestMethodWorker.run(TestMethodWorker.java:108)
	at org.testng.TestRunner.privateRun(TestRunner.java:774)
	at org.testng.TestRunner.run(TestRunner.java:624)
	at org.testng.SuiteRunner.runTest(SuiteRunner.java:359)
	at org.testng.SuiteRunner.runSequentially(SuiteRunner.java:354)
	at org.testng.SuiteRunner.privateRun(SuiteRunner.java:312)
	at org.testng.SuiteRunner.run(SuiteRunner.java:261)
	at org.testng.SuiteRunnerWorker.runSuite(SuiteRunnerWorker.java:52)
	at org.testng.SuiteRunnerWorker.run(SuiteRunnerWorker.java:86)
	at org.testng.TestNG.runSuitesSequentially(TestNG.java:1215)
	at org.testng.TestNG.runSuitesLocally(TestNG.java:1140)
	at org.testng.TestNG.run(TestNG.java:1048)
	at org.testng.TestNG.privateMain(TestNG.java:1355)
	at org.testng.TestNG.main(TestNG.java:1324)
]]>
    </failure>
  </testcase> <!-- verifySuccessfulOrder -->
  <testcase name="verifySidePanelAddress4" time="2.652" classname="com.eperium.main.jumpstart.JumpStartTestSuite">
    <failure type="org.openqa.selenium.NoSuchElementException" message="{&amp;quot;errorMessage&amp;quot;:&amp;quot;Unable to find element with xpath &amp;apos;(//div[@class=&amp;apos;ish-address&amp;apos;])[2]&amp;apos;&amp;quot;,&amp;quot;request&amp;quot;:{&amp;quot;headers&amp;quot;:{&amp;quot;Accept-Encoding&amp;quot;:&amp;quot;gzip,deflate&amp;quot;,&amp;quot;Connection&amp;quot;:&amp;quot;Keep-Alive&amp;quot;,&amp;quot;Content-Length&amp;quot;:&amp;quot;60&amp;quot;,&amp;quot;Content-Type&amp;quot;:&amp;quot;application/json; charset=utf-8&amp;quot;,&amp;quot;Host&amp;quot;:&amp;quot;localhost:10157&amp;quot;,&amp;quot;User-Agent&amp;quot;:&amp;quot;Apache-HttpClient/4.5.1 (Java/1.8.0_121)&amp;quot;},&amp;quot;httpVersion&amp;quot;:&amp;quot;1.1&amp;quot;,&amp;quot;method&amp;quot;:&amp;quot;POST&amp;quot;,&amp;quot;post&amp;quot;:&amp;quot;{\&amp;quot;using\&amp;quot;:\&amp;quot;xpath\&amp;quot;,\&amp;quot;value\&amp;quot;:\&amp;quot;(//div[@class=&amp;apos;ish-address&amp;apos;])[2]\&amp;quot;}&amp;quot;,&amp;quot;url&amp;quot;:&amp;quot;/element&amp;quot;,&amp;quot;urlParsed&amp;quot;:{&amp;quot;anchor&amp;quot;:&amp;quot;&amp;quot;,&amp;quot;query&amp;quot;:&amp;quot;&amp;quot;,&amp;quot;file&amp;quot;:&amp;quot;element&amp;quot;,&amp;quot;directory&amp;quot;:&amp;quot;/&amp;quot;,&amp;quot;path&amp;quot;:&amp;quot;/element&amp;quot;,&amp;quot;relative&amp;quot;:&amp;quot;/element&amp;quot;,&amp;quot;port&amp;quot;:&amp;quot;&amp;quot;,&amp;quot;host&amp;quot;:&amp;quot;&amp;quot;,&amp;quot;password&amp;quot;:&amp;quot;&amp;quot;,&amp;quot;user&amp;quot;:&amp;quot;&amp;quot;,&amp;quot;userInfo&amp;quot;:&amp;quot;&amp;quot;,&amp;quot;authority&amp;quot;:&amp;quot;&amp;quot;,&amp;quot;protocol&amp;quot;:&amp;quot;&amp;quot;,&amp;quot;source&amp;quot;:&amp;quot;/element&amp;quot;,&amp;quot;queryKey&amp;quot;:{},&amp;quot;chunks&amp;quot;:[&amp;quot;element&amp;quot;]},&amp;quot;urlOriginal&amp;quot;:&amp;quot;/session/21f1c2a0-2b11-11e7-b16b-dbd88351a76f/element&amp;quot;}}
Command duration or timeout: 2.64 seconds
For documentation on this error, please visit: http://seleniumhq.org/exceptions/no_such_element.html
Build info: version: &amp;apos;2.53.1&amp;apos;, revision: &amp;apos;a36b8b1&amp;apos;, time: &amp;apos;2016-06-30 17:37:03&amp;apos;
System info: host: &amp;apos;Ebsi-LAT5540-32&amp;apos;, ip: &amp;apos;10.15.200.54&amp;apos;, os.name: &amp;apos;Windows 7&amp;apos;, os.arch: &amp;apos;amd64&amp;apos;, os.version: &amp;apos;6.1&amp;apos;, java.version: &amp;apos;1.8.0_121&amp;apos;
Driver info: org.openqa.selenium.phantomjs.PhantomJSDriver
Capabilities [{applicationCacheEnabled=false, rotatable=false, handlesAlerts=false, databaseEnabled=false, version=2.1.1, platform=XP, browserConnectionEnabled=false, proxy={proxyType=direct}, nativeEvents=true, acceptSslCerts=false, driverVersion=1.2.0, locationContextEnabled=false, webStorageEnabled=false, browserName=phantomjs, takesScreenshot=true, driverName=ghostdriver, javascriptEnabled=true, cssSelectorsEnabled=true}]
Session ID: 21f1c2a0-2b11-11e7-b16b-dbd88351a76f
*** Element info: {Using=xpath, value=(//div[@class=&amp;apos;ish-address&amp;apos;])[2]}">
      <![CDATA[org.openqa.selenium.NoSuchElementException: {"errorMessage":"Unable to find element with xpath '(//div[@class='ish-address'])[2]'","request":{"headers":{"Accept-Encoding":"gzip,deflate","Connection":"Keep-Alive","Content-Length":"60","Content-Type":"application/json; charset=utf-8","Host":"localhost:10157","User-Agent":"Apache-HttpClient/4.5.1 (Java/1.8.0_121)"},"httpVersion":"1.1","method":"POST","post":"{\"using\":\"xpath\",\"value\":\"(//div[@class='ish-address'])[2]\"}","url":"/element","urlParsed":{"anchor":"","query":"","file":"element","directory":"/","path":"/element","relative":"/element","port":"","host":"","password":"","user":"","userInfo":"","authority":"","protocol":"","source":"/element","queryKey":{},"chunks":["element"]},"urlOriginal":"/session/21f1c2a0-2b11-11e7-b16b-dbd88351a76f/element"}}
Command duration or timeout: 2.64 seconds
For documentation on this error, please visit: http://seleniumhq.org/exceptions/no_such_element.html
Build info: version: '2.53.1', revision: 'a36b8b1', time: '2016-06-30 17:37:03'
System info: host: 'Ebsi-LAT5540-32', ip: '10.15.200.54', os.name: 'Windows 7', os.arch: 'amd64', os.version: '6.1', java.version: '1.8.0_121'
Driver info: org.openqa.selenium.phantomjs.PhantomJSDriver
Capabilities [{applicationCacheEnabled=false, rotatable=false, handlesAlerts=false, databaseEnabled=false, version=2.1.1, platform=XP, browserConnectionEnabled=false, proxy={proxyType=direct}, nativeEvents=true, acceptSslCerts=false, driverVersion=1.2.0, locationContextEnabled=false, webStorageEnabled=false, browserName=phantomjs, takesScreenshot=true, driverName=ghostdriver, javascriptEnabled=true, cssSelectorsEnabled=true}]
Session ID: 21f1c2a0-2b11-11e7-b16b-dbd88351a76f
*** Element info: {Using=xpath, value=(//div[@class='ish-address'])[2]}
	at sun.reflect.GeneratedConstructorAccessor23.newInstance(Unknown Source)
	at sun.reflect.DelegatingConstructorAccessorImpl.newInstance(Unknown Source)
	at java.lang.reflect.Constructor.newInstance(Unknown Source)
	at org.openqa.selenium.remote.ErrorHandler.createThrowable(ErrorHandler.java:206)
	at org.openqa.selenium.remote.ErrorHandler.throwIfResponseFailed(ErrorHandler.java:158)
	at org.openqa.selenium.remote.RemoteWebDriver.execute(RemoteWebDriver.java:678)
	at org.openqa.selenium.remote.RemoteWebDriver.findElement(RemoteWebDriver.java:363)
	at org.openqa.selenium.remote.RemoteWebDriver.findElementByXPath(RemoteWebDriver.java:500)
	at org.openqa.selenium.By$ByXPath.findElement(By.java:361)
	at org.openqa.selenium.remote.RemoteWebDriver.findElement(RemoteWebDriver.java:355)
	at com.eperium.main.jumpstart.JumpStartTestSuite.verifySidePanelAddress(JumpStartTestSuite.java:1584)
	at com.eperium.main.jumpstart.JumpStartTestSuite.verifySidePanelAddress4(JumpStartTestSuite.java:1608)
	at sun.reflect.NativeMethodAccessorImpl.invoke0(Native Method)
	at sun.reflect.NativeMethodAccessorImpl.invoke(Unknown Source)
	at sun.reflect.DelegatingMethodAccessorImpl.invoke(Unknown Source)
	at java.lang.reflect.Method.invoke(Unknown Source)
	at org.testng.internal.MethodInvocationHelper.invokeMethod(MethodInvocationHelper.java:85)
	at org.testng.internal.Invoker.invokeMethod(Invoker.java:639)
	at org.testng.internal.Invoker.invokeTestMethod(Invoker.java:816)
	at org.testng.internal.Invoker.invokeTestMethods(Invoker.java:1124)
	at org.testng.internal.TestMethodWorker.invokeTestMethods(TestMethodWorker.java:125)
	at org.testng.internal.TestMethodWorker.run(TestMethodWorker.java:108)
	at org.testng.TestRunner.privateRun(TestRunner.java:774)
	at org.testng.TestRunner.run(TestRunner.java:624)
	at org.testng.SuiteRunner.runTest(SuiteRunner.java:359)
	at org.testng.SuiteRunner.runSequentially(SuiteRunner.java:354)
	at org.testng.SuiteRunner.privateRun(SuiteRunner.java:312)
	at org.testng.SuiteRunner.run(SuiteRunner.java:261)
	at org.testng.SuiteRunnerWorker.runSuite(SuiteRunnerWorker.java:52)
	at org.testng.SuiteRunnerWorker.run(SuiteRunnerWorker.java:86)
	at org.testng.TestNG.runSuitesSequentially(TestNG.java:1215)
	at org.testng.TestNG.runSuitesLocally(TestNG.java:1140)
	at org.testng.TestNG.run(TestNG.java:1048)
	at org.testng.TestNG.privateMain(TestNG.java:1355)
	at org.testng.TestNG.main(TestNG.java:1324)
Caused by: org.openqa.selenium.remote.ScreenshotException: Screen shot has been taken
Build info: version: '2.53.1', revision: 'a36b8b1', time: '2016-06-30 17:37:03'
System info: host: 'Ebsi-LAT5540-32', ip: '10.15.200.54', os.name: 'Windows 7', os.arch: 'amd64', os.version: '6.1', java.version: '1.8.0_121'
Driver info: driver.version: RemoteWebDriver
	at org.openqa.selenium.remote.ErrorHandler.throwIfResponseFailed(ErrorHandler.java:138)
	... 30 more
Caused by: org.openqa.selenium.NoSuchElementException: {"errorMessage":"Unable to find element with xpath '(//div[@class='ish-address'])[2]'","request":{"headers":{"Accept-Encoding":"gzip,deflate","Connection":"Keep-Alive","Content-Length":"60","Content-Type":"application/json; charset=utf-8","Host":"localhost:10157","User-Agent":"Apache-HttpClient/4.5.1 (Java/1.8.0_121)"},"httpVersion":"1.1","method":"POST","post":"{\"using\":\"xpath\",\"value\":\"(//div[@class='ish-address'])[2]\"}","url":"/element","urlParsed":{"anchor":"","query":"","file":"element","directory":"/","path":"/element","relative":"/element","port":"","host":"","password":"","user":"","userInfo":"","authority":"","protocol":"","source":"/element","queryKey":{},"chunks":["element"]},"urlOriginal":"/session/21f1c2a0-2b11-11e7-b16b-dbd88351a76f/element"}}
For documentation on this error, please visit: http://seleniumhq.org/exceptions/no_such_element.html
Build info: version: '2.53.1', revision: 'a36b8b1', time: '2016-06-30 17:37:03'
System info: host: 'Ebsi-LAT5540-32', ip: '10.15.200.54', os.name: 'Windows 7', os.arch: 'amd64', os.version: '6.1', java.version: '1.8.0_121'
Driver info: driver.version: unknown
]]>
    </failure>
  </testcase> <!-- verifySidePanelAddress4 -->
</testsuite> <!-- Checkout_RegisteredUser_AddNewAddress -->
